{"asctime": "2026-02-17 01:32:24,820", "name": "app.database", "levelname": "ERROR", "message": "Error returning connection to pool: trying to put unkeyed connection"}
{"asctime": "2026-02-17 01:32:30,927", "name": "app.database", "levelname": "ERROR", "message": "Failed to get database connection: connection already closed"}
{"asctime": "2026-02-17 01:35:55,558", "name": "app.database", "levelname": "ERROR", "message": "Error returning connection to pool: trying to put unkeyed connection"}
{"asctime": "2026-02-17 01:35:59,824", "name": "app.database", "levelname": "ERROR", "message": "Failed to get database connection: connection already closed"}
{"asctime": "2026-02-17 01:36:15,535", "name": "app.database", "levelname": "ERROR", "message": "Error returning connection to pool: trying to put unkeyed connection"}
{"asctime": "2026-02-17 01:36:15,536", "name": "app.database", "levelname": "ERROR", "message": "Failed to get database connection: connection already closed"}
{"asctime": "2026-02-17 01:36:24,070", "name": "app.database", "levelname": "ERROR", "message": "Error returning connection to pool: trying to put unkeyed connection"}
{"asctime": "2026-02-17 01:36:35,548", "name": "app.database", "levelname": "ERROR", "message": "Failed to get database connection: connection already closed"}
{"asctime": "2026-02-17 01:36:35,601", "name": "app.database", "levelname": "ERROR", "message": "Error returning connection to pool: trying to put unkeyed connection"}
{"asctime": "2026-02-17 01:36:35,609", "name": "app.database", "levelname": "ERROR", "message": "Failed to get database connection: connection already closed"}
{"asctime": "2026-02-17 01:36:47,604", "name": "app.database", "levelname": "ERROR", "message": "Error returning connection to pool: trying to put unkeyed connection"}
{"asctime": "2026-02-17 01:36:55,531", "name": "app.database", "levelname": "ERROR", "message": "Failed to get database connection: connection already closed"}
{"asctime": "2026-02-17 01:37:04,601", "name": "app.database", "levelname": "ERROR", "message": "Error returning connection to pool: trying to put unkeyed connection"}
{"asctime": "2026-02-17 01:37:25,584", "name": "app.database", "levelname": "ERROR", "message": "Error returning connection to pool: trying to put unkeyed connection"}
{"asctime": "2026-02-17 01:37:25,595", "name": "app.database", "levelname": "ERROR", "message": "Failed to get database connection: connection already closed"}
{"asctime": "2026-02-17 01:38:25,200", "name": "app.database", "levelname": "ERROR", "message": "Error returning connection to pool: trying to put unkeyed connection"}
{"asctime": "2026-02-17 01:38:25,200", "name": "app.database", "levelname": "ERROR", "message": "Failed to get database connection: connection already closed"}
{"asctime": "2026-02-17 01:38:26,804", "name": "app.database", "levelname": "ERROR", "message": "Error returning connection to pool: trying to put unkeyed connection"}
{"asctime": "2026-02-17 01:38:26,804", "name": "app.database", "levelname": "ERROR", "message": "Failed to get database connection: connection already closed"}
{"asctime": "2026-02-17 01:38:27,100", "name": "app.database", "levelname": "ERROR", "message": "Error returning connection to pool: trying to put unkeyed connection"}
{"asctime": "2026-02-17 01:38:27,100", "name": "app.database", "levelname": "ERROR", "message": "Failed to get database connection: connection already closed"}
{"asctime": "2026-02-17 01:38:27,674", "name": "app.database", "levelname": "ERROR", "message": "Error returning connection to pool: trying to put unkeyed connection"}
{"asctime": "2026-02-17 01:38:27,675", "name": "app.database", "levelname": "ERROR", "message": "Failed to get database connection: connection already closed"}
{"asctime": "2026-02-17 01:39:00,016", "name": "app.database", "levelname": "ERROR", "message": "Error returning connection to pool: trying to put unkeyed connection"}
{"asctime": "2026-02-17 01:39:09,624", "name": "app.database", "levelname": "ERROR", "message": "Failed to get database connection: connection already closed"}
{"asctime": "2026-02-17 01:39:15,542", "name": "app.database", "levelname": "ERROR", "message": "Error returning connection to pool: trying to put unkeyed connection"}
{"asctime": "2026-02-17 01:41:10,236", "name": "app.database", "levelname": "ERROR", "message": "Failed to get database connection: connection already closed"}
{"asctime": "2026-02-17 02:10:02,718", "name": "app.exceptions", "levelname": "ERROR", "message": "Unhandled Exception: UndefinedColumn - column \"client_po_id\" does not exist\nLINE 2:                   SELECT id, project_id, client_po_id, origi...\n                                                 ^\n", "exc_info": "  + Exception Group Traceback (most recent call last):\n  |   File \"C:\\Users\\Hitansh\\AppData\\Local\\Programs\\Python\\Python313\\Lib\\site-packages\\starlette\\_utils.py\", line 76, in collapse_excgroups\n  |     yield\n  |   File \"C:\\Users\\Hitansh\\AppData\\Local\\Programs\\Python\\Python313\\Lib\\site-packages\\starlette\\middleware\\base.py\", line 186, in __call__\n  |     async with anyio.create_task_group() as task_group:\n  |                ~~~~~~~~~~~~~~~~~~~~~~~^^\n  |   File \"C:\\Users\\Hitansh\\AppData\\Local\\Programs\\Python\\Python313\\Lib\\site-packages\\anyio\\_backends\\_asyncio.py\", line 772, in __aexit__\n  |     raise BaseExceptionGroup(\n  |         \"unhandled errors in a TaskGroup\", self._exceptions\n  |     ) from None\n  | ExceptionGroup: unhandled errors in a TaskGroup (1 sub-exception)\n  +-+---------------- 1 ----------------\n    | Traceback (most recent call last):\n    |   File \"C:\\Users\\Hitansh\\AppData\\Local\\Programs\\Python\\Python313\\Lib\\site-packages\\starlette\\middleware\\errors.py\", line 165, in __call__\n    |     await self.app(scope, receive, _send)\n    |   File \"C:\\Users\\Hitansh\\AppData\\Local\\Programs\\Python\\Python313\\Lib\\site-packages\\starlette\\middleware\\base.py\", line 185, in __call__\n    |     with collapse_excgroups():\n    |          ~~~~~~~~~~~~~~~~~~^^\n    |   File \"C:\\Users\\Hitansh\\AppData\\Local\\Programs\\Python\\Python313\\Lib\\contextlib.py\", line 162, in __exit__\n    |     self.gen.throw(value)\n    |     ~~~~~~~~~~~~~~^^^^^^^\n    |   File \"C:\\Users\\Hitansh\\AppData\\Local\\Programs\\Python\\Python313\\Lib\\site-packages\\starlette\\_utils.py\", line 82, in collapse_excgroups\n    |     raise exc\n    |   File \"C:\\Users\\Hitansh\\AppData\\Local\\Programs\\Python\\Python313\\Lib\\site-packages\\starlette\\middleware\\base.py\", line 187, in __call__\n    |     response = await self.dispatch_func(request, call_next)\n    |                ^^^^^^^^^^^^^^^^^^^^^^^^^^^^^^^^^^^^^^^^^^^^\n    |   File \"C:\\Users\\Hitansh\\Desktop\\Nexgen\\Finances\\Backend\\app\\main.py\", line 61, in dispatch\n    |     response = await call_next(request)\n    |                ^^^^^^^^^^^^^^^^^^^^^^^^\n    |   File \"C:\\Users\\Hitansh\\AppData\\Local\\Programs\\Python\\Python313\\Lib\\site-packages\\starlette\\middleware\\base.py\", line 163, in call_next\n    |     raise app_exc\n    |   File \"C:\\Users\\Hitansh\\AppData\\Local\\Programs\\Python\\Python313\\Lib\\site-packages\\starlette\\middleware\\base.py\", line 149, in coro\n    |     await self.app(scope, receive_or_disconnect, send_no_error)\n    |   File \"C:\\Users\\Hitansh\\AppData\\Local\\Programs\\Python\\Python313\\Lib\\site-packages\\starlette\\middleware\\cors.py\", line 85, in __call__\n    |     await self.app(scope, receive, send)\n    |   File \"C:\\Users\\Hitansh\\AppData\\Local\\Programs\\Python\\Python313\\Lib\\site-packages\\starlette\\middleware\\gzip.py\", line 20, in __call__\n    |     await responder(scope, receive, send)\n    |   File \"C:\\Users\\Hitansh\\AppData\\Local\\Programs\\Python\\Python313\\Lib\\site-packages\\starlette\\middleware\\gzip.py\", line 39, in __call__\n    |     await self.app(scope, receive, self.send_with_gzip)\n    |   File \"C:\\Users\\Hitansh\\AppData\\Local\\Programs\\Python\\Python313\\Lib\\site-packages\\starlette\\middleware\\exceptions.py\", line 62, in __call__\n    |     await wrap_app_handling_exceptions(self.app, conn)(scope, receive, send)\n    |   File \"C:\\Users\\Hitansh\\AppData\\Local\\Programs\\Python\\Python313\\Lib\\site-packages\\starlette\\_exception_handler.py\", line 53, in wrapped_app\n    |     raise exc\n    |   File \"C:\\Users\\Hitansh\\AppData\\Local\\Programs\\Python\\Python313\\Lib\\site-packages\\starlette\\_exception_handler.py\", line 42, in wrapped_app\n    |     await app(scope, receive, sender)\n    |   File \"C:\\Users\\Hitansh\\AppData\\Local\\Programs\\Python\\Python313\\Lib\\site-packages\\starlette\\routing.py\", line 715, in __call__\n    |     await self.middleware_stack(scope, receive, send)\n    |   File \"C:\\Users\\Hitansh\\AppData\\Local\\Programs\\Python\\Python313\\Lib\\site-packages\\starlette\\routing.py\", line 735, in app\n    |     await route.handle(scope, receive, send)\n    |   File \"C:\\Users\\Hitansh\\AppData\\Local\\Programs\\Python\\Python313\\Lib\\site-packages\\starlette\\routing.py\", line 288, in handle\n    |     await self.app(scope, receive, send)\n    |   File \"C:\\Users\\Hitansh\\AppData\\Local\\Programs\\Python\\Python313\\Lib\\site-packages\\starlette\\routing.py\", line 76, in app\n    |     await wrap_app_handling_exceptions(app, request)(scope, receive, send)\n    |   File \"C:\\Users\\Hitansh\\AppData\\Local\\Programs\\Python\\Python313\\Lib\\site-packages\\starlette\\_exception_handler.py\", line 53, in wrapped_app\n    |     raise exc\n    |   File \"C:\\Users\\Hitansh\\AppData\\Local\\Programs\\Python\\Python313\\Lib\\site-packages\\starlette\\_exception_handler.py\", line 42, in wrapped_app\n    |     await app(scope, receive, sender)\n    |   File \"C:\\Users\\Hitansh\\AppData\\Local\\Programs\\Python\\Python313\\Lib\\site-packages\\starlette\\routing.py\", line 73, in app\n    |     response = await f(request)\n    |                ^^^^^^^^^^^^^^^^\n    |   File \"C:\\Users\\Hitansh\\AppData\\Local\\Programs\\Python\\Python313\\Lib\\site-packages\\fastapi\\routing.py\", line 301, in app\n    |     raw_response = await run_endpoint_function(\n    |                    ^^^^^^^^^^^^^^^^^^^^^^^^^^^^\n    |     ...<3 lines>...\n    |     )\n    |     ^\n    |   File \"C:\\Users\\Hitansh\\AppData\\Local\\Programs\\Python\\Python313\\Lib\\site-packages\\fastapi\\routing.py\", line 214, in run_endpoint_function\n    |     return await run_in_threadpool(dependant.call, **values)\n    |            ^^^^^^^^^^^^^^^^^^^^^^^^^^^^^^^^^^^^^^^^^^^^^^^^^\n    |   File \"C:\\Users\\Hitansh\\AppData\\Local\\Programs\\Python\\Python313\\Lib\\site-packages\\starlette\\concurrency.py\", line 39, in run_in_threadpool\n    |     return await anyio.to_thread.run_sync(func, *args)\n    |            ^^^^^^^^^^^^^^^^^^^^^^^^^^^^^^^^^^^^^^^^^^^\n    |   File \"C:\\Users\\Hitansh\\AppData\\Local\\Programs\\Python\\Python313\\Lib\\site-packages\\anyio\\to_thread.py\", line 56, in run_sync\n    |     return await get_async_backend().run_sync_in_worker_thread(\n    |            ^^^^^^^^^^^^^^^^^^^^^^^^^^^^^^^^^^^^^^^^^^^^^^^^^^^^\n    |         func, args, abandon_on_cancel=abandon_on_cancel, limiter=limiter\n    |         ^^^^^^^^^^^^^^^^^^^^^^^^^^^^^^^^^^^^^^^^^^^^^^^^^^^^^^^^^^^^^^^^\n    |     )\n    |     ^\n    |   File \"C:\\Users\\Hitansh\\AppData\\Local\\Programs\\Python\\Python313\\Lib\\site-packages\\anyio\\_backends\\_asyncio.py\", line 2476, in run_sync_in_worker_thread\n    |     return await future\n    |            ^^^^^^^^^^^^\n    |   File \"C:\\Users\\Hitansh\\AppData\\Local\\Programs\\Python\\Python313\\Lib\\site-packages\\anyio\\_backends\\_asyncio.py\", line 967, in run\n    |     result = context.run(func, *args)\n    |   File \"C:\\Users\\Hitansh\\Desktop\\Nexgen\\Finances\\Backend\\app\\apis\\documents.py\", line 135, in get_document\n    |     doc = get_document_by_id(doc_id)\n    |   File \"C:\\Users\\Hitansh\\Desktop\\Nexgen\\Finances\\Backend\\app\\repository\\document_repo.py\", line 91, in get_document_by_id\n    |     cur.execute(\"\"\"\n    |     ~~~~~~~~~~~^^^^\n    |           SELECT id, project_id, client_po_id, original_filename, stored_filename,\n    |           ^^^^^^^^^^^^^^^^^^^^^^^^^^^^^^^^^^^^^^^^^^^^^^^^^^^^^^^^^^^^^^^^^^^^^^^^\n    |     ...<3 lines>...\n    |         WHERE id = %s\n    |         ^^^^^^^^^^^^^\n    |     \"\"\", (doc_id,))\n    |     ^^^^^^^^^^^^^^^\n    |   File \"C:\\Users\\Hitansh\\AppData\\Local\\Programs\\Python\\Python313\\Lib\\site-packages\\psycopg2\\extras.py\", line 236, in execute\n    |     return super().execute(query, vars)\n    |            ~~~~~~~~~~~~~~~^^^^^^^^^^^^^\n    | psycopg2.errors.UndefinedColumn: column \"client_po_id\" does not exist\n    | LINE 2:                   SELECT id, project_id, client_po_id, origi...\n    |                                                  ^\n    | \n    +------------------------------------\n\nDuring handling of the above exception, another exception occurred:\n\nTraceback (most recent call last):\n  File \"C:\\Users\\Hitansh\\AppData\\Local\\Programs\\Python\\Python313\\Lib\\site-packages\\starlette\\middleware\\errors.py\", line 165, in __call__\n    await self.app(scope, receive, _send)\n  File \"C:\\Users\\Hitansh\\AppData\\Local\\Programs\\Python\\Python313\\Lib\\site-packages\\starlette\\middleware\\base.py\", line 185, in __call__\n    with collapse_excgroups():\n         ~~~~~~~~~~~~~~~~~~^^\n  File \"C:\\Users\\Hitansh\\AppData\\Local\\Programs\\Python\\Python313\\Lib\\contextlib.py\", line 162, in __exit__\n    self.gen.throw(value)\n    ~~~~~~~~~~~~~~^^^^^^^\n  File \"C:\\Users\\Hitansh\\AppData\\Local\\Programs\\Python\\Python313\\Lib\\site-packages\\starlette\\_utils.py\", line 82, in collapse_excgroups\n    raise exc\n  File \"C:\\Users\\Hitansh\\AppData\\Local\\Programs\\Python\\Python313\\Lib\\site-packages\\starlette\\middleware\\base.py\", line 187, in __call__\n    response = await self.dispatch_func(request, call_next)\n               ^^^^^^^^^^^^^^^^^^^^^^^^^^^^^^^^^^^^^^^^^^^^\n  File \"C:\\Users\\Hitansh\\Desktop\\Nexgen\\Finances\\Backend\\app\\main.py\", line 61, in dispatch\n    response = await call_next(request)\n               ^^^^^^^^^^^^^^^^^^^^^^^^\n  File \"C:\\Users\\Hitansh\\AppData\\Local\\Programs\\Python\\Python313\\Lib\\site-packages\\starlette\\middleware\\base.py\", line 163, in call_next\n    raise app_exc\n  File \"C:\\Users\\Hitansh\\AppData\\Local\\Programs\\Python\\Python313\\Lib\\site-packages\\starlette\\middleware\\base.py\", line 149, in coro\n    await self.app(scope, receive_or_disconnect, send_no_error)\n  File \"C:\\Users\\Hitansh\\AppData\\Local\\Programs\\Python\\Python313\\Lib\\site-packages\\starlette\\middleware\\cors.py\", line 85, in __call__\n    await self.app(scope, receive, send)\n  File \"C:\\Users\\Hitansh\\AppData\\Local\\Programs\\Python\\Python313\\Lib\\site-packages\\starlette\\middleware\\gzip.py\", line 20, in __call__\n    await responder(scope, receive, send)\n  File \"C:\\Users\\Hitansh\\AppData\\Local\\Programs\\Python\\Python313\\Lib\\site-packages\\starlette\\middleware\\gzip.py\", line 39, in __call__\n    await self.app(scope, receive, self.send_with_gzip)\n  File \"C:\\Users\\Hitansh\\AppData\\Local\\Programs\\Python\\Python313\\Lib\\site-packages\\starlette\\middleware\\exceptions.py\", line 62, in __call__\n    await wrap_app_handling_exceptions(self.app, conn)(scope, receive, send)\n  File \"C:\\Users\\Hitansh\\AppData\\Local\\Programs\\Python\\Python313\\Lib\\site-packages\\starlette\\_exception_handler.py\", line 53, in wrapped_app\n    raise exc\n  File \"C:\\Users\\Hitansh\\AppData\\Local\\Programs\\Python\\Python313\\Lib\\site-packages\\starlette\\_exception_handler.py\", line 42, in wrapped_app\n    await app(scope, receive, sender)\n  File \"C:\\Users\\Hitansh\\AppData\\Local\\Programs\\Python\\Python313\\Lib\\site-packages\\starlette\\routing.py\", line 715, in __call__\n    await self.middleware_stack(scope, receive, send)\n  File \"C:\\Users\\Hitansh\\AppData\\Local\\Programs\\Python\\Python313\\Lib\\site-packages\\starlette\\routing.py\", line 735, in app\n    await route.handle(scope, receive, send)\n  File \"C:\\Users\\Hitansh\\AppData\\Local\\Programs\\Python\\Python313\\Lib\\site-packages\\starlette\\routing.py\", line 288, in handle\n    await self.app(scope, receive, send)\n  File \"C:\\Users\\Hitansh\\AppData\\Local\\Programs\\Python\\Python313\\Lib\\site-packages\\starlette\\routing.py\", line 76, in app\n    await wrap_app_handling_exceptions(app, request)(scope, receive, send)\n  File \"C:\\Users\\Hitansh\\AppData\\Local\\Programs\\Python\\Python313\\Lib\\site-packages\\starlette\\_exception_handler.py\", line 53, in wrapped_app\n    raise exc\n  File \"C:\\Users\\Hitansh\\AppData\\Local\\Programs\\Python\\Python313\\Lib\\site-packages\\starlette\\_exception_handler.py\", line 42, in wrapped_app\n    await app(scope, receive, sender)\n  File \"C:\\Users\\Hitansh\\AppData\\Local\\Programs\\Python\\Python313\\Lib\\site-packages\\starlette\\routing.py\", line 73, in app\n    response = await f(request)\n               ^^^^^^^^^^^^^^^^\n  File \"C:\\Users\\Hitansh\\AppData\\Local\\Programs\\Python\\Python313\\Lib\\site-packages\\fastapi\\routing.py\", line 301, in app\n    raw_response = await run_endpoint_function(\n                   ^^^^^^^^^^^^^^^^^^^^^^^^^^^^\n    ...<3 lines>...\n    )\n    ^\n  File \"C:\\Users\\Hitansh\\AppData\\Local\\Programs\\Python\\Python313\\Lib\\site-packages\\fastapi\\routing.py\", line 214, in run_endpoint_function\n    return await run_in_threadpool(dependant.call, **values)\n           ^^^^^^^^^^^^^^^^^^^^^^^^^^^^^^^^^^^^^^^^^^^^^^^^^\n  File \"C:\\Users\\Hitansh\\AppData\\Local\\Programs\\Python\\Python313\\Lib\\site-packages\\starlette\\concurrency.py\", line 39, in run_in_threadpool\n    return await anyio.to_thread.run_sync(func, *args)\n           ^^^^^^^^^^^^^^^^^^^^^^^^^^^^^^^^^^^^^^^^^^^\n  File \"C:\\Users\\Hitansh\\AppData\\Local\\Programs\\Python\\Python313\\Lib\\site-packages\\anyio\\to_thread.py\", line 56, in run_sync\n    return await get_async_backend().run_sync_in_worker_thread(\n           ^^^^^^^^^^^^^^^^^^^^^^^^^^^^^^^^^^^^^^^^^^^^^^^^^^^^\n        func, args, abandon_on_cancel=abandon_on_cancel, limiter=limiter\n        ^^^^^^^^^^^^^^^^^^^^^^^^^^^^^^^^^^^^^^^^^^^^^^^^^^^^^^^^^^^^^^^^\n    )\n    ^\n  File \"C:\\Users\\Hitansh\\AppData\\Local\\Programs\\Python\\Python313\\Lib\\site-packages\\anyio\\_backends\\_asyncio.py\", line 2476, in run_sync_in_worker_thread\n    return await future\n           ^^^^^^^^^^^^\n  File \"C:\\Users\\Hitansh\\AppData\\Local\\Programs\\Python\\Python313\\Lib\\site-packages\\anyio\\_backends\\_asyncio.py\", line 967, in run\n    result = context.run(func, *args)\n  File \"C:\\Users\\Hitansh\\Desktop\\Nexgen\\Finances\\Backend\\app\\apis\\documents.py\", line 135, in get_document\n    doc = get_document_by_id(doc_id)\n  File \"C:\\Users\\Hitansh\\Desktop\\Nexgen\\Finances\\Backend\\app\\repository\\document_repo.py\", line 91, in get_document_by_id\n    cur.execute(\"\"\"\n    ~~~~~~~~~~~^^^^\n          SELECT id, project_id, client_po_id, original_filename, stored_filename,\n          ^^^^^^^^^^^^^^^^^^^^^^^^^^^^^^^^^^^^^^^^^^^^^^^^^^^^^^^^^^^^^^^^^^^^^^^^\n    ...<3 lines>...\n        WHERE id = %s\n        ^^^^^^^^^^^^^\n    \"\"\", (doc_id,))\n    ^^^^^^^^^^^^^^^\n  File \"C:\\Users\\Hitansh\\AppData\\Local\\Programs\\Python\\Python313\\Lib\\site-packages\\psycopg2\\extras.py\", line 236, in execute\n    return super().execute(query, vars)\n           ~~~~~~~~~~~~~~~^^^^^^^^^^^^^\npsycopg2.errors.UndefinedColumn: column \"client_po_id\" does not exist\nLINE 2:                   SELECT id, project_id, client_po_id, origi...\n                                                 ^\n"}
{"asctime": "2026-02-22 13:54:38,293", "name": "app.apis.auth", "levelname": "ERROR", "message": "Error fetching user: relation \"user\" does not exist\nLINE 1: ..., username, email, password_hash, created_at FROM \"user\" WHE...\n                                                             ^\n"}
{"asctime": "2026-02-22 13:54:38,295", "name": "app.exceptions", "levelname": "ERROR", "message": "Unhandled Exception: UndefinedTable - relation \"user\" does not exist\nLINE 1: ..., username, email, password_hash, created_at FROM \"user\" WHE...\n                                                             ^\n", "exc_info": "  + Exception Group Traceback (most recent call last):\n  |   File \"C:\\Users\\Hitansh\\AppData\\Local\\Programs\\Python\\Python313\\Lib\\site-packages\\starlette\\_utils.py\", line 76, in collapse_excgroups\n  |     yield\n  |   File \"C:\\Users\\Hitansh\\AppData\\Local\\Programs\\Python\\Python313\\Lib\\site-packages\\starlette\\middleware\\base.py\", line 186, in __call__\n  |     async with anyio.create_task_group() as task_group:\n  |                ~~~~~~~~~~~~~~~~~~~~~~~^^\n  |   File \"C:\\Users\\Hitansh\\AppData\\Local\\Programs\\Python\\Python313\\Lib\\site-packages\\anyio\\_backends\\_asyncio.py\", line 772, in __aexit__\n  |     raise BaseExceptionGroup(\n  |         \"unhandled errors in a TaskGroup\", self._exceptions\n  |     ) from None\n  | ExceptionGroup: unhandled errors in a TaskGroup (1 sub-exception)\n  +-+---------------- 1 ----------------\n    | Traceback (most recent call last):\n    |   File \"C:\\Users\\Hitansh\\AppData\\Local\\Programs\\Python\\Python313\\Lib\\site-packages\\starlette\\middleware\\errors.py\", line 165, in __call__\n    |     await self.app(scope, receive, _send)\n    |   File \"C:\\Users\\Hitansh\\AppData\\Local\\Programs\\Python\\Python313\\Lib\\site-packages\\starlette\\middleware\\base.py\", line 185, in __call__\n    |     with collapse_excgroups():\n    |          ~~~~~~~~~~~~~~~~~~^^\n    |   File \"C:\\Users\\Hitansh\\AppData\\Local\\Programs\\Python\\Python313\\Lib\\contextlib.py\", line 162, in __exit__\n    |     self.gen.throw(value)\n    |     ~~~~~~~~~~~~~~^^^^^^^\n    |   File \"C:\\Users\\Hitansh\\AppData\\Local\\Programs\\Python\\Python313\\Lib\\site-packages\\starlette\\_utils.py\", line 82, in collapse_excgroups\n    |     raise exc\n    |   File \"C:\\Users\\Hitansh\\AppData\\Local\\Programs\\Python\\Python313\\Lib\\site-packages\\starlette\\middleware\\base.py\", line 187, in __call__\n    |     response = await self.dispatch_func(request, call_next)\n    |                ^^^^^^^^^^^^^^^^^^^^^^^^^^^^^^^^^^^^^^^^^^^^\n    |   File \"C:\\Users\\Hitansh\\Desktop\\Nexgen\\Finances\\Backend\\app\\main.py\", line 61, in dispatch\n    |     response = await call_next(request)\n    |                ^^^^^^^^^^^^^^^^^^^^^^^^\n    |   File \"C:\\Users\\Hitansh\\AppData\\Local\\Programs\\Python\\Python313\\Lib\\site-packages\\starlette\\middleware\\base.py\", line 163, in call_next\n    |     raise app_exc\n    |   File \"C:\\Users\\Hitansh\\AppData\\Local\\Programs\\Python\\Python313\\Lib\\site-packages\\starlette\\middleware\\base.py\", line 149, in coro\n    |     await self.app(scope, receive_or_disconnect, send_no_error)\n    |   File \"C:\\Users\\Hitansh\\AppData\\Local\\Programs\\Python\\Python313\\Lib\\site-packages\\starlette\\middleware\\cors.py\", line 93, in __call__\n    |     await self.simple_response(scope, receive, send, request_headers=headers)\n    |   File \"C:\\Users\\Hitansh\\AppData\\Local\\Programs\\Python\\Python313\\Lib\\site-packages\\starlette\\middleware\\cors.py\", line 144, in simple_response\n    |     await self.app(scope, receive, send)\n    |   File \"C:\\Users\\Hitansh\\AppData\\Local\\Programs\\Python\\Python313\\Lib\\site-packages\\starlette\\middleware\\gzip.py\", line 20, in __call__\n    |     await responder(scope, receive, send)\n    |   File \"C:\\Users\\Hitansh\\AppData\\Local\\Programs\\Python\\Python313\\Lib\\site-packages\\starlette\\middleware\\gzip.py\", line 39, in __call__\n    |     await self.app(scope, receive, self.send_with_gzip)\n    |   File \"C:\\Users\\Hitansh\\AppData\\Local\\Programs\\Python\\Python313\\Lib\\site-packages\\starlette\\middleware\\exceptions.py\", line 62, in __call__\n    |     await wrap_app_handling_exceptions(self.app, conn)(scope, receive, send)\n    |   File \"C:\\Users\\Hitansh\\AppData\\Local\\Programs\\Python\\Python313\\Lib\\site-packages\\starlette\\_exception_handler.py\", line 53, in wrapped_app\n    |     raise exc\n    |   File \"C:\\Users\\Hitansh\\AppData\\Local\\Programs\\Python\\Python313\\Lib\\site-packages\\starlette\\_exception_handler.py\", line 42, in wrapped_app\n    |     await app(scope, receive, sender)\n    |   File \"C:\\Users\\Hitansh\\AppData\\Local\\Programs\\Python\\Python313\\Lib\\site-packages\\fastapi\\middleware\\asyncexitstack.py\", line 18, in __call__\n    |     await self.app(scope, receive, send)\n    |   File \"C:\\Users\\Hitansh\\AppData\\Local\\Programs\\Python\\Python313\\Lib\\site-packages\\starlette\\routing.py\", line 715, in __call__\n    |     await self.middleware_stack(scope, receive, send)\n    |   File \"C:\\Users\\Hitansh\\AppData\\Local\\Programs\\Python\\Python313\\Lib\\site-packages\\starlette\\routing.py\", line 735, in app\n    |     await route.handle(scope, receive, send)\n    |   File \"C:\\Users\\Hitansh\\AppData\\Local\\Programs\\Python\\Python313\\Lib\\site-packages\\starlette\\routing.py\", line 288, in handle\n    |     await self.app(scope, receive, send)\n    |   File \"C:\\Users\\Hitansh\\AppData\\Local\\Programs\\Python\\Python313\\Lib\\site-packages\\fastapi\\routing.py\", line 119, in app\n    |     await wrap_app_handling_exceptions(app, request)(scope, receive, send)\n    |   File \"C:\\Users\\Hitansh\\AppData\\Local\\Programs\\Python\\Python313\\Lib\\site-packages\\starlette\\_exception_handler.py\", line 53, in wrapped_app\n    |     raise exc\n    |   File \"C:\\Users\\Hitansh\\AppData\\Local\\Programs\\Python\\Python313\\Lib\\site-packages\\starlette\\_exception_handler.py\", line 42, in wrapped_app\n    |     await app(scope, receive, sender)\n    |   File \"C:\\Users\\Hitansh\\AppData\\Local\\Programs\\Python\\Python313\\Lib\\site-packages\\fastapi\\routing.py\", line 105, in app\n    |     response = await f(request)\n    |                ^^^^^^^^^^^^^^^^\n    |   File \"C:\\Users\\Hitansh\\AppData\\Local\\Programs\\Python\\Python313\\Lib\\site-packages\\fastapi\\routing.py\", line 424, in app\n    |     raw_response = await run_endpoint_function(\n    |                    ^^^^^^^^^^^^^^^^^^^^^^^^^^^^\n    |     ...<3 lines>...\n    |     )\n    |     ^\n    |   File \"C:\\Users\\Hitansh\\AppData\\Local\\Programs\\Python\\Python313\\Lib\\site-packages\\fastapi\\routing.py\", line 314, in run_endpoint_function\n    |     return await run_in_threadpool(dependant.call, **values)\n    |            ^^^^^^^^^^^^^^^^^^^^^^^^^^^^^^^^^^^^^^^^^^^^^^^^^\n    |   File \"C:\\Users\\Hitansh\\AppData\\Local\\Programs\\Python\\Python313\\Lib\\site-packages\\starlette\\concurrency.py\", line 39, in run_in_threadpool\n    |     return await anyio.to_thread.run_sync(func, *args)\n    |            ^^^^^^^^^^^^^^^^^^^^^^^^^^^^^^^^^^^^^^^^^^^\n    |   File \"C:\\Users\\Hitansh\\AppData\\Local\\Programs\\Python\\Python313\\Lib\\site-packages\\anyio\\to_thread.py\", line 56, in run_sync\n    |     return await get_async_backend().run_sync_in_worker_thread(\n    |            ^^^^^^^^^^^^^^^^^^^^^^^^^^^^^^^^^^^^^^^^^^^^^^^^^^^^\n    |         func, args, abandon_on_cancel=abandon_on_cancel, limiter=limiter\n    |         ^^^^^^^^^^^^^^^^^^^^^^^^^^^^^^^^^^^^^^^^^^^^^^^^^^^^^^^^^^^^^^^^\n    |     )\n    |     ^\n    |   File \"C:\\Users\\Hitansh\\AppData\\Local\\Programs\\Python\\Python313\\Lib\\site-packages\\anyio\\_backends\\_asyncio.py\", line 2476, in run_sync_in_worker_thread\n    |     return await future\n    |            ^^^^^^^^^^^^\n    |   File \"C:\\Users\\Hitansh\\AppData\\Local\\Programs\\Python\\Python313\\Lib\\site-packages\\anyio\\_backends\\_asyncio.py\", line 967, in run\n    |     result = context.run(func, *args)\n    |   File \"C:\\Users\\Hitansh\\Desktop\\Nexgen\\Finances\\Backend\\app\\apis\\auth.py\", line 138, in signup\n    |     if get_user_by_username(request.username):\n    |        ~~~~~~~~~~~~~~~~~~~~^^^^^^^^^^^^^^^^^^\n    |   File \"C:\\Users\\Hitansh\\Desktop\\Nexgen\\Finances\\Backend\\app\\apis\\auth.py\", line 27, in get_user_by_username\n    |     cur.execute(\n    |     ~~~~~~~~~~~^\n    |         'SELECT id, username, email, password_hash, created_at FROM \"user\" WHERE username = %s',\n    |         ^^^^^^^^^^^^^^^^^^^^^^^^^^^^^^^^^^^^^^^^^^^^^^^^^^^^^^^^^^^^^^^^^^^^^^^^^^^^^^^^^^^^^^^^\n    |         (username,)\n    |         ^^^^^^^^^^^\n    |     )\n    |     ^\n    |   File \"C:\\Users\\Hitansh\\AppData\\Local\\Programs\\Python\\Python313\\Lib\\site-packages\\psycopg2\\extras.py\", line 236, in execute\n    |     return super().execute(query, vars)\n    |            ~~~~~~~~~~~~~~~^^^^^^^^^^^^^\n    | psycopg2.errors.UndefinedTable: relation \"user\" does not exist\n    | LINE 1: ..., username, email, password_hash, created_at FROM \"user\" WHE...\n    |                                                              ^\n    | \n    +------------------------------------\n\nDuring handling of the above exception, another exception occurred:\n\nTraceback (most recent call last):\n  File \"C:\\Users\\Hitansh\\AppData\\Local\\Programs\\Python\\Python313\\Lib\\site-packages\\starlette\\middleware\\errors.py\", line 165, in __call__\n    await self.app(scope, receive, _send)\n  File \"C:\\Users\\Hitansh\\AppData\\Local\\Programs\\Python\\Python313\\Lib\\site-packages\\starlette\\middleware\\base.py\", line 185, in __call__\n    with collapse_excgroups():\n         ~~~~~~~~~~~~~~~~~~^^\n  File \"C:\\Users\\Hitansh\\AppData\\Local\\Programs\\Python\\Python313\\Lib\\contextlib.py\", line 162, in __exit__\n    self.gen.throw(value)\n    ~~~~~~~~~~~~~~^^^^^^^\n  File \"C:\\Users\\Hitansh\\AppData\\Local\\Programs\\Python\\Python313\\Lib\\site-packages\\starlette\\_utils.py\", line 82, in collapse_excgroups\n    raise exc\n  File \"C:\\Users\\Hitansh\\AppData\\Local\\Programs\\Python\\Python313\\Lib\\site-packages\\starlette\\middleware\\base.py\", line 187, in __call__\n    response = await self.dispatch_func(request, call_next)\n               ^^^^^^^^^^^^^^^^^^^^^^^^^^^^^^^^^^^^^^^^^^^^\n  File \"C:\\Users\\Hitansh\\Desktop\\Nexgen\\Finances\\Backend\\app\\main.py\", line 61, in dispatch\n    response = await call_next(request)\n               ^^^^^^^^^^^^^^^^^^^^^^^^\n  File \"C:\\Users\\Hitansh\\AppData\\Local\\Programs\\Python\\Python313\\Lib\\site-packages\\starlette\\middleware\\base.py\", line 163, in call_next\n    raise app_exc\n  File \"C:\\Users\\Hitansh\\AppData\\Local\\Programs\\Python\\Python313\\Lib\\site-packages\\starlette\\middleware\\base.py\", line 149, in coro\n    await self.app(scope, receive_or_disconnect, send_no_error)\n  File \"C:\\Users\\Hitansh\\AppData\\Local\\Programs\\Python\\Python313\\Lib\\site-packages\\starlette\\middleware\\cors.py\", line 93, in __call__\n    await self.simple_response(scope, receive, send, request_headers=headers)\n  File \"C:\\Users\\Hitansh\\AppData\\Local\\Programs\\Python\\Python313\\Lib\\site-packages\\starlette\\middleware\\cors.py\", line 144, in simple_response\n    await self.app(scope, receive, send)\n  File \"C:\\Users\\Hitansh\\AppData\\Local\\Programs\\Python\\Python313\\Lib\\site-packages\\starlette\\middleware\\gzip.py\", line 20, in __call__\n    await responder(scope, receive, send)\n  File \"C:\\Users\\Hitansh\\AppData\\Local\\Programs\\Python\\Python313\\Lib\\site-packages\\starlette\\middleware\\gzip.py\", line 39, in __call__\n    await self.app(scope, receive, self.send_with_gzip)\n  File \"C:\\Users\\Hitansh\\AppData\\Local\\Programs\\Python\\Python313\\Lib\\site-packages\\starlette\\middleware\\exceptions.py\", line 62, in __call__\n    await wrap_app_handling_exceptions(self.app, conn)(scope, receive, send)\n  File \"C:\\Users\\Hitansh\\AppData\\Local\\Programs\\Python\\Python313\\Lib\\site-packages\\starlette\\_exception_handler.py\", line 53, in wrapped_app\n    raise exc\n  File \"C:\\Users\\Hitansh\\AppData\\Local\\Programs\\Python\\Python313\\Lib\\site-packages\\starlette\\_exception_handler.py\", line 42, in wrapped_app\n    await app(scope, receive, sender)\n  File \"C:\\Users\\Hitansh\\AppData\\Local\\Programs\\Python\\Python313\\Lib\\site-packages\\fastapi\\middleware\\asyncexitstack.py\", line 18, in __call__\n    await self.app(scope, receive, send)\n  File \"C:\\Users\\Hitansh\\AppData\\Local\\Programs\\Python\\Python313\\Lib\\site-packages\\starlette\\routing.py\", line 715, in __call__\n    await self.middleware_stack(scope, receive, send)\n  File \"C:\\Users\\Hitansh\\AppData\\Local\\Programs\\Python\\Python313\\Lib\\site-packages\\starlette\\routing.py\", line 735, in app\n    await route.handle(scope, receive, send)\n  File \"C:\\Users\\Hitansh\\AppData\\Local\\Programs\\Python\\Python313\\Lib\\site-packages\\starlette\\routing.py\", line 288, in handle\n    await self.app(scope, receive, send)\n  File \"C:\\Users\\Hitansh\\AppData\\Local\\Programs\\Python\\Python313\\Lib\\site-packages\\fastapi\\routing.py\", line 119, in app\n    await wrap_app_handling_exceptions(app, request)(scope, receive, send)\n  File \"C:\\Users\\Hitansh\\AppData\\Local\\Programs\\Python\\Python313\\Lib\\site-packages\\starlette\\_exception_handler.py\", line 53, in wrapped_app\n    raise exc\n  File \"C:\\Users\\Hitansh\\AppData\\Local\\Programs\\Python\\Python313\\Lib\\site-packages\\starlette\\_exception_handler.py\", line 42, in wrapped_app\n    await app(scope, receive, sender)\n  File \"C:\\Users\\Hitansh\\AppData\\Local\\Programs\\Python\\Python313\\Lib\\site-packages\\fastapi\\routing.py\", line 105, in app\n    response = await f(request)\n               ^^^^^^^^^^^^^^^^\n  File \"C:\\Users\\Hitansh\\AppData\\Local\\Programs\\Python\\Python313\\Lib\\site-packages\\fastapi\\routing.py\", line 424, in app\n    raw_response = await run_endpoint_function(\n                   ^^^^^^^^^^^^^^^^^^^^^^^^^^^^\n    ...<3 lines>...\n    )\n    ^\n  File \"C:\\Users\\Hitansh\\AppData\\Local\\Programs\\Python\\Python313\\Lib\\site-packages\\fastapi\\routing.py\", line 314, in run_endpoint_function\n    return await run_in_threadpool(dependant.call, **values)\n           ^^^^^^^^^^^^^^^^^^^^^^^^^^^^^^^^^^^^^^^^^^^^^^^^^\n  File \"C:\\Users\\Hitansh\\AppData\\Local\\Programs\\Python\\Python313\\Lib\\site-packages\\starlette\\concurrency.py\", line 39, in run_in_threadpool\n    return await anyio.to_thread.run_sync(func, *args)\n           ^^^^^^^^^^^^^^^^^^^^^^^^^^^^^^^^^^^^^^^^^^^\n  File \"C:\\Users\\Hitansh\\AppData\\Local\\Programs\\Python\\Python313\\Lib\\site-packages\\anyio\\to_thread.py\", line 56, in run_sync\n    return await get_async_backend().run_sync_in_worker_thread(\n           ^^^^^^^^^^^^^^^^^^^^^^^^^^^^^^^^^^^^^^^^^^^^^^^^^^^^\n        func, args, abandon_on_cancel=abandon_on_cancel, limiter=limiter\n        ^^^^^^^^^^^^^^^^^^^^^^^^^^^^^^^^^^^^^^^^^^^^^^^^^^^^^^^^^^^^^^^^\n    )\n    ^\n  File \"C:\\Users\\Hitansh\\AppData\\Local\\Programs\\Python\\Python313\\Lib\\site-packages\\anyio\\_backends\\_asyncio.py\", line 2476, in run_sync_in_worker_thread\n    return await future\n           ^^^^^^^^^^^^\n  File \"C:\\Users\\Hitansh\\AppData\\Local\\Programs\\Python\\Python313\\Lib\\site-packages\\anyio\\_backends\\_asyncio.py\", line 967, in run\n    result = context.run(func, *args)\n  File \"C:\\Users\\Hitansh\\Desktop\\Nexgen\\Finances\\Backend\\app\\apis\\auth.py\", line 138, in signup\n    if get_user_by_username(request.username):\n       ~~~~~~~~~~~~~~~~~~~~^^^^^^^^^^^^^^^^^^\n  File \"C:\\Users\\Hitansh\\Desktop\\Nexgen\\Finances\\Backend\\app\\apis\\auth.py\", line 27, in get_user_by_username\n    cur.execute(\n    ~~~~~~~~~~~^\n        'SELECT id, username, email, password_hash, created_at FROM \"user\" WHERE username = %s',\n        ^^^^^^^^^^^^^^^^^^^^^^^^^^^^^^^^^^^^^^^^^^^^^^^^^^^^^^^^^^^^^^^^^^^^^^^^^^^^^^^^^^^^^^^^\n        (username,)\n        ^^^^^^^^^^^\n    )\n    ^\n  File \"C:\\Users\\Hitansh\\AppData\\Local\\Programs\\Python\\Python313\\Lib\\site-packages\\psycopg2\\extras.py\", line 236, in execute\n    return super().execute(query, vars)\n           ~~~~~~~~~~~~~~~^^^^^^^^^^^^^\npsycopg2.errors.UndefinedTable: relation \"user\" does not exist\nLINE 1: ..., username, email, password_hash, created_at FROM \"user\" WHE...\n                                                             ^\n"}
{"asctime": "2026-02-22 13:56:56,553", "name": "app.apis.auth", "levelname": "ERROR", "message": "Error fetching user: relation \"user\" does not exist\nLINE 1: ..., username, email, password_hash, created_at FROM \"user\" WHE...\n                                                             ^\n"}
{"asctime": "2026-02-22 13:56:56,555", "name": "app.exceptions", "levelname": "ERROR", "message": "Unhandled Exception: UndefinedTable - relation \"user\" does not exist\nLINE 1: ..., username, email, password_hash, created_at FROM \"user\" WHE...\n                                                             ^\n", "exc_info": "  + Exception Group Traceback (most recent call last):\n  |   File \"C:\\Users\\Hitansh\\AppData\\Local\\Programs\\Python\\Python313\\Lib\\site-packages\\starlette\\_utils.py\", line 76, in collapse_excgroups\n  |     yield\n  |   File \"C:\\Users\\Hitansh\\AppData\\Local\\Programs\\Python\\Python313\\Lib\\site-packages\\starlette\\middleware\\base.py\", line 186, in __call__\n  |     async with anyio.create_task_group() as task_group:\n  |                ~~~~~~~~~~~~~~~~~~~~~~~^^\n  |   File \"C:\\Users\\Hitansh\\AppData\\Local\\Programs\\Python\\Python313\\Lib\\site-packages\\anyio\\_backends\\_asyncio.py\", line 772, in __aexit__\n  |     raise BaseExceptionGroup(\n  |         \"unhandled errors in a TaskGroup\", self._exceptions\n  |     ) from None\n  | ExceptionGroup: unhandled errors in a TaskGroup (1 sub-exception)\n  +-+---------------- 1 ----------------\n    | Traceback (most recent call last):\n    |   File \"C:\\Users\\Hitansh\\AppData\\Local\\Programs\\Python\\Python313\\Lib\\site-packages\\starlette\\middleware\\errors.py\", line 165, in __call__\n    |     await self.app(scope, receive, _send)\n    |   File \"C:\\Users\\Hitansh\\AppData\\Local\\Programs\\Python\\Python313\\Lib\\site-packages\\starlette\\middleware\\base.py\", line 185, in __call__\n    |     with collapse_excgroups():\n    |          ~~~~~~~~~~~~~~~~~~^^\n    |   File \"C:\\Users\\Hitansh\\AppData\\Local\\Programs\\Python\\Python313\\Lib\\contextlib.py\", line 162, in __exit__\n    |     self.gen.throw(value)\n    |     ~~~~~~~~~~~~~~^^^^^^^\n    |   File \"C:\\Users\\Hitansh\\AppData\\Local\\Programs\\Python\\Python313\\Lib\\site-packages\\starlette\\_utils.py\", line 82, in collapse_excgroups\n    |     raise exc\n    |   File \"C:\\Users\\Hitansh\\AppData\\Local\\Programs\\Python\\Python313\\Lib\\site-packages\\starlette\\middleware\\base.py\", line 187, in __call__\n    |     response = await self.dispatch_func(request, call_next)\n    |                ^^^^^^^^^^^^^^^^^^^^^^^^^^^^^^^^^^^^^^^^^^^^\n    |   File \"C:\\Users\\Hitansh\\Desktop\\Nexgen\\Finances\\Backend\\app\\main.py\", line 61, in dispatch\n    |     response = await call_next(request)\n    |                ^^^^^^^^^^^^^^^^^^^^^^^^\n    |   File \"C:\\Users\\Hitansh\\AppData\\Local\\Programs\\Python\\Python313\\Lib\\site-packages\\starlette\\middleware\\base.py\", line 163, in call_next\n    |     raise app_exc\n    |   File \"C:\\Users\\Hitansh\\AppData\\Local\\Programs\\Python\\Python313\\Lib\\site-packages\\starlette\\middleware\\base.py\", line 149, in coro\n    |     await self.app(scope, receive_or_disconnect, send_no_error)\n    |   File \"C:\\Users\\Hitansh\\AppData\\Local\\Programs\\Python\\Python313\\Lib\\site-packages\\starlette\\middleware\\cors.py\", line 93, in __call__\n    |     await self.simple_response(scope, receive, send, request_headers=headers)\n    |   File \"C:\\Users\\Hitansh\\AppData\\Local\\Programs\\Python\\Python313\\Lib\\site-packages\\starlette\\middleware\\cors.py\", line 144, in simple_response\n    |     await self.app(scope, receive, send)\n    |   File \"C:\\Users\\Hitansh\\AppData\\Local\\Programs\\Python\\Python313\\Lib\\site-packages\\starlette\\middleware\\gzip.py\", line 20, in __call__\n    |     await responder(scope, receive, send)\n    |   File \"C:\\Users\\Hitansh\\AppData\\Local\\Programs\\Python\\Python313\\Lib\\site-packages\\starlette\\middleware\\gzip.py\", line 39, in __call__\n    |     await self.app(scope, receive, self.send_with_gzip)\n    |   File \"C:\\Users\\Hitansh\\AppData\\Local\\Programs\\Python\\Python313\\Lib\\site-packages\\starlette\\middleware\\exceptions.py\", line 62, in __call__\n    |     await wrap_app_handling_exceptions(self.app, conn)(scope, receive, send)\n    |   File \"C:\\Users\\Hitansh\\AppData\\Local\\Programs\\Python\\Python313\\Lib\\site-packages\\starlette\\_exception_handler.py\", line 53, in wrapped_app\n    |     raise exc\n    |   File \"C:\\Users\\Hitansh\\AppData\\Local\\Programs\\Python\\Python313\\Lib\\site-packages\\starlette\\_exception_handler.py\", line 42, in wrapped_app\n    |     await app(scope, receive, sender)\n    |   File \"C:\\Users\\Hitansh\\AppData\\Local\\Programs\\Python\\Python313\\Lib\\site-packages\\fastapi\\middleware\\asyncexitstack.py\", line 18, in __call__\n    |     await self.app(scope, receive, send)\n    |   File \"C:\\Users\\Hitansh\\AppData\\Local\\Programs\\Python\\Python313\\Lib\\site-packages\\starlette\\routing.py\", line 715, in __call__\n    |     await self.middleware_stack(scope, receive, send)\n    |   File \"C:\\Users\\Hitansh\\AppData\\Local\\Programs\\Python\\Python313\\Lib\\site-packages\\starlette\\routing.py\", line 735, in app\n    |     await route.handle(scope, receive, send)\n    |   File \"C:\\Users\\Hitansh\\AppData\\Local\\Programs\\Python\\Python313\\Lib\\site-packages\\starlette\\routing.py\", line 288, in handle\n    |     await self.app(scope, receive, send)\n    |   File \"C:\\Users\\Hitansh\\AppData\\Local\\Programs\\Python\\Python313\\Lib\\site-packages\\fastapi\\routing.py\", line 119, in app\n    |     await wrap_app_handling_exceptions(app, request)(scope, receive, send)\n    |   File \"C:\\Users\\Hitansh\\AppData\\Local\\Programs\\Python\\Python313\\Lib\\site-packages\\starlette\\_exception_handler.py\", line 53, in wrapped_app\n    |     raise exc\n    |   File \"C:\\Users\\Hitansh\\AppData\\Local\\Programs\\Python\\Python313\\Lib\\site-packages\\starlette\\_exception_handler.py\", line 42, in wrapped_app\n    |     await app(scope, receive, sender)\n    |   File \"C:\\Users\\Hitansh\\AppData\\Local\\Programs\\Python\\Python313\\Lib\\site-packages\\fastapi\\routing.py\", line 105, in app\n    |     response = await f(request)\n    |                ^^^^^^^^^^^^^^^^\n    |   File \"C:\\Users\\Hitansh\\AppData\\Local\\Programs\\Python\\Python313\\Lib\\site-packages\\fastapi\\routing.py\", line 424, in app\n    |     raw_response = await run_endpoint_function(\n    |                    ^^^^^^^^^^^^^^^^^^^^^^^^^^^^\n    |     ...<3 lines>...\n    |     )\n    |     ^\n    |   File \"C:\\Users\\Hitansh\\AppData\\Local\\Programs\\Python\\Python313\\Lib\\site-packages\\fastapi\\routing.py\", line 314, in run_endpoint_function\n    |     return await run_in_threadpool(dependant.call, **values)\n    |            ^^^^^^^^^^^^^^^^^^^^^^^^^^^^^^^^^^^^^^^^^^^^^^^^^\n    |   File \"C:\\Users\\Hitansh\\AppData\\Local\\Programs\\Python\\Python313\\Lib\\site-packages\\starlette\\concurrency.py\", line 39, in run_in_threadpool\n    |     return await anyio.to_thread.run_sync(func, *args)\n    |            ^^^^^^^^^^^^^^^^^^^^^^^^^^^^^^^^^^^^^^^^^^^\n    |   File \"C:\\Users\\Hitansh\\AppData\\Local\\Programs\\Python\\Python313\\Lib\\site-packages\\anyio\\to_thread.py\", line 56, in run_sync\n    |     return await get_async_backend().run_sync_in_worker_thread(\n    |            ^^^^^^^^^^^^^^^^^^^^^^^^^^^^^^^^^^^^^^^^^^^^^^^^^^^^\n    |         func, args, abandon_on_cancel=abandon_on_cancel, limiter=limiter\n    |         ^^^^^^^^^^^^^^^^^^^^^^^^^^^^^^^^^^^^^^^^^^^^^^^^^^^^^^^^^^^^^^^^\n    |     )\n    |     ^\n    |   File \"C:\\Users\\Hitansh\\AppData\\Local\\Programs\\Python\\Python313\\Lib\\site-packages\\anyio\\_backends\\_asyncio.py\", line 2476, in run_sync_in_worker_thread\n    |     return await future\n    |            ^^^^^^^^^^^^\n    |   File \"C:\\Users\\Hitansh\\AppData\\Local\\Programs\\Python\\Python313\\Lib\\site-packages\\anyio\\_backends\\_asyncio.py\", line 967, in run\n    |     result = context.run(func, *args)\n    |   File \"C:\\Users\\Hitansh\\Desktop\\Nexgen\\Finances\\Backend\\app\\apis\\auth.py\", line 138, in signup\n    |     if get_user_by_username(request.username):\n    |        ~~~~~~~~~~~~~~~~~~~~^^^^^^^^^^^^^^^^^^\n    |   File \"C:\\Users\\Hitansh\\Desktop\\Nexgen\\Finances\\Backend\\app\\apis\\auth.py\", line 27, in get_user_by_username\n    |     cur.execute(\n    |     ~~~~~~~~~~~^\n    |         'SELECT id, username, email, password_hash, created_at FROM \"user\" WHERE username = %s',\n    |         ^^^^^^^^^^^^^^^^^^^^^^^^^^^^^^^^^^^^^^^^^^^^^^^^^^^^^^^^^^^^^^^^^^^^^^^^^^^^^^^^^^^^^^^^\n    |         (username,)\n    |         ^^^^^^^^^^^\n    |     )\n    |     ^\n    |   File \"C:\\Users\\Hitansh\\AppData\\Local\\Programs\\Python\\Python313\\Lib\\site-packages\\psycopg2\\extras.py\", line 236, in execute\n    |     return super().execute(query, vars)\n    |            ~~~~~~~~~~~~~~~^^^^^^^^^^^^^\n    | psycopg2.errors.UndefinedTable: relation \"user\" does not exist\n    | LINE 1: ..., username, email, password_hash, created_at FROM \"user\" WHE...\n    |                                                              ^\n    | \n    +------------------------------------\n\nDuring handling of the above exception, another exception occurred:\n\nTraceback (most recent call last):\n  File \"C:\\Users\\Hitansh\\AppData\\Local\\Programs\\Python\\Python313\\Lib\\site-packages\\starlette\\middleware\\errors.py\", line 165, in __call__\n    await self.app(scope, receive, _send)\n  File \"C:\\Users\\Hitansh\\AppData\\Local\\Programs\\Python\\Python313\\Lib\\site-packages\\starlette\\middleware\\base.py\", line 185, in __call__\n    with collapse_excgroups():\n         ~~~~~~~~~~~~~~~~~~^^\n  File \"C:\\Users\\Hitansh\\AppData\\Local\\Programs\\Python\\Python313\\Lib\\contextlib.py\", line 162, in __exit__\n    self.gen.throw(value)\n    ~~~~~~~~~~~~~~^^^^^^^\n  File \"C:\\Users\\Hitansh\\AppData\\Local\\Programs\\Python\\Python313\\Lib\\site-packages\\starlette\\_utils.py\", line 82, in collapse_excgroups\n    raise exc\n  File \"C:\\Users\\Hitansh\\AppData\\Local\\Programs\\Python\\Python313\\Lib\\site-packages\\starlette\\middleware\\base.py\", line 187, in __call__\n    response = await self.dispatch_func(request, call_next)\n               ^^^^^^^^^^^^^^^^^^^^^^^^^^^^^^^^^^^^^^^^^^^^\n  File \"C:\\Users\\Hitansh\\Desktop\\Nexgen\\Finances\\Backend\\app\\main.py\", line 61, in dispatch\n    response = await call_next(request)\n               ^^^^^^^^^^^^^^^^^^^^^^^^\n  File \"C:\\Users\\Hitansh\\AppData\\Local\\Programs\\Python\\Python313\\Lib\\site-packages\\starlette\\middleware\\base.py\", line 163, in call_next\n    raise app_exc\n  File \"C:\\Users\\Hitansh\\AppData\\Local\\Programs\\Python\\Python313\\Lib\\site-packages\\starlette\\middleware\\base.py\", line 149, in coro\n    await self.app(scope, receive_or_disconnect, send_no_error)\n  File \"C:\\Users\\Hitansh\\AppData\\Local\\Programs\\Python\\Python313\\Lib\\site-packages\\starlette\\middleware\\cors.py\", line 93, in __call__\n    await self.simple_response(scope, receive, send, request_headers=headers)\n  File \"C:\\Users\\Hitansh\\AppData\\Local\\Programs\\Python\\Python313\\Lib\\site-packages\\starlette\\middleware\\cors.py\", line 144, in simple_response\n    await self.app(scope, receive, send)\n  File \"C:\\Users\\Hitansh\\AppData\\Local\\Programs\\Python\\Python313\\Lib\\site-packages\\starlette\\middleware\\gzip.py\", line 20, in __call__\n    await responder(scope, receive, send)\n  File \"C:\\Users\\Hitansh\\AppData\\Local\\Programs\\Python\\Python313\\Lib\\site-packages\\starlette\\middleware\\gzip.py\", line 39, in __call__\n    await self.app(scope, receive, self.send_with_gzip)\n  File \"C:\\Users\\Hitansh\\AppData\\Local\\Programs\\Python\\Python313\\Lib\\site-packages\\starlette\\middleware\\exceptions.py\", line 62, in __call__\n    await wrap_app_handling_exceptions(self.app, conn)(scope, receive, send)\n  File \"C:\\Users\\Hitansh\\AppData\\Local\\Programs\\Python\\Python313\\Lib\\site-packages\\starlette\\_exception_handler.py\", line 53, in wrapped_app\n    raise exc\n  File \"C:\\Users\\Hitansh\\AppData\\Local\\Programs\\Python\\Python313\\Lib\\site-packages\\starlette\\_exception_handler.py\", line 42, in wrapped_app\n    await app(scope, receive, sender)\n  File \"C:\\Users\\Hitansh\\AppData\\Local\\Programs\\Python\\Python313\\Lib\\site-packages\\fastapi\\middleware\\asyncexitstack.py\", line 18, in __call__\n    await self.app(scope, receive, send)\n  File \"C:\\Users\\Hitansh\\AppData\\Local\\Programs\\Python\\Python313\\Lib\\site-packages\\starlette\\routing.py\", line 715, in __call__\n    await self.middleware_stack(scope, receive, send)\n  File \"C:\\Users\\Hitansh\\AppData\\Local\\Programs\\Python\\Python313\\Lib\\site-packages\\starlette\\routing.py\", line 735, in app\n    await route.handle(scope, receive, send)\n  File \"C:\\Users\\Hitansh\\AppData\\Local\\Programs\\Python\\Python313\\Lib\\site-packages\\starlette\\routing.py\", line 288, in handle\n    await self.app(scope, receive, send)\n  File \"C:\\Users\\Hitansh\\AppData\\Local\\Programs\\Python\\Python313\\Lib\\site-packages\\fastapi\\routing.py\", line 119, in app\n    await wrap_app_handling_exceptions(app, request)(scope, receive, send)\n  File \"C:\\Users\\Hitansh\\AppData\\Local\\Programs\\Python\\Python313\\Lib\\site-packages\\starlette\\_exception_handler.py\", line 53, in wrapped_app\n    raise exc\n  File \"C:\\Users\\Hitansh\\AppData\\Local\\Programs\\Python\\Python313\\Lib\\site-packages\\starlette\\_exception_handler.py\", line 42, in wrapped_app\n    await app(scope, receive, sender)\n  File \"C:\\Users\\Hitansh\\AppData\\Local\\Programs\\Python\\Python313\\Lib\\site-packages\\fastapi\\routing.py\", line 105, in app\n    response = await f(request)\n               ^^^^^^^^^^^^^^^^\n  File \"C:\\Users\\Hitansh\\AppData\\Local\\Programs\\Python\\Python313\\Lib\\site-packages\\fastapi\\routing.py\", line 424, in app\n    raw_response = await run_endpoint_function(\n                   ^^^^^^^^^^^^^^^^^^^^^^^^^^^^\n    ...<3 lines>...\n    )\n    ^\n  File \"C:\\Users\\Hitansh\\AppData\\Local\\Programs\\Python\\Python313\\Lib\\site-packages\\fastapi\\routing.py\", line 314, in run_endpoint_function\n    return await run_in_threadpool(dependant.call, **values)\n           ^^^^^^^^^^^^^^^^^^^^^^^^^^^^^^^^^^^^^^^^^^^^^^^^^\n  File \"C:\\Users\\Hitansh\\AppData\\Local\\Programs\\Python\\Python313\\Lib\\site-packages\\starlette\\concurrency.py\", line 39, in run_in_threadpool\n    return await anyio.to_thread.run_sync(func, *args)\n           ^^^^^^^^^^^^^^^^^^^^^^^^^^^^^^^^^^^^^^^^^^^\n  File \"C:\\Users\\Hitansh\\AppData\\Local\\Programs\\Python\\Python313\\Lib\\site-packages\\anyio\\to_thread.py\", line 56, in run_sync\n    return await get_async_backend().run_sync_in_worker_thread(\n           ^^^^^^^^^^^^^^^^^^^^^^^^^^^^^^^^^^^^^^^^^^^^^^^^^^^^\n        func, args, abandon_on_cancel=abandon_on_cancel, limiter=limiter\n        ^^^^^^^^^^^^^^^^^^^^^^^^^^^^^^^^^^^^^^^^^^^^^^^^^^^^^^^^^^^^^^^^\n    )\n    ^\n  File \"C:\\Users\\Hitansh\\AppData\\Local\\Programs\\Python\\Python313\\Lib\\site-packages\\anyio\\_backends\\_asyncio.py\", line 2476, in run_sync_in_worker_thread\n    return await future\n           ^^^^^^^^^^^^\n  File \"C:\\Users\\Hitansh\\AppData\\Local\\Programs\\Python\\Python313\\Lib\\site-packages\\anyio\\_backends\\_asyncio.py\", line 967, in run\n    result = context.run(func, *args)\n  File \"C:\\Users\\Hitansh\\Desktop\\Nexgen\\Finances\\Backend\\app\\apis\\auth.py\", line 138, in signup\n    if get_user_by_username(request.username):\n       ~~~~~~~~~~~~~~~~~~~~^^^^^^^^^^^^^^^^^^\n  File \"C:\\Users\\Hitansh\\Desktop\\Nexgen\\Finances\\Backend\\app\\apis\\auth.py\", line 27, in get_user_by_username\n    cur.execute(\n    ~~~~~~~~~~~^\n        'SELECT id, username, email, password_hash, created_at FROM \"user\" WHERE username = %s',\n        ^^^^^^^^^^^^^^^^^^^^^^^^^^^^^^^^^^^^^^^^^^^^^^^^^^^^^^^^^^^^^^^^^^^^^^^^^^^^^^^^^^^^^^^^\n        (username,)\n        ^^^^^^^^^^^\n    )\n    ^\n  File \"C:\\Users\\Hitansh\\AppData\\Local\\Programs\\Python\\Python313\\Lib\\site-packages\\psycopg2\\extras.py\", line 236, in execute\n    return super().execute(query, vars)\n           ~~~~~~~~~~~~~~~^^^^^^^^^^^^^\npsycopg2.errors.UndefinedTable: relation \"user\" does not exist\nLINE 1: ..., username, email, password_hash, created_at FROM \"user\" WHE...\n                                                             ^\n"}
{"asctime": "2026-02-22 13:59:27,561", "name": "app.apis.auth", "levelname": "ERROR", "message": "Error fetching user: relation \"user\" does not exist\nLINE 1: ..., username, email, password_hash, created_at FROM \"user\" WHE...\n                                                             ^\n"}
{"asctime": "2026-02-22 13:59:27,563", "name": "app.exceptions", "levelname": "ERROR", "message": "Unhandled Exception: UndefinedTable - relation \"user\" does not exist\nLINE 1: ..., username, email, password_hash, created_at FROM \"user\" WHE...\n                                                             ^\n", "exc_info": "  + Exception Group Traceback (most recent call last):\n  |   File \"C:\\Users\\Hitansh\\AppData\\Local\\Programs\\Python\\Python313\\Lib\\site-packages\\starlette\\_utils.py\", line 76, in collapse_excgroups\n  |     yield\n  |   File \"C:\\Users\\Hitansh\\AppData\\Local\\Programs\\Python\\Python313\\Lib\\site-packages\\starlette\\middleware\\base.py\", line 186, in __call__\n  |     async with anyio.create_task_group() as task_group:\n  |                ~~~~~~~~~~~~~~~~~~~~~~~^^\n  |   File \"C:\\Users\\Hitansh\\AppData\\Local\\Programs\\Python\\Python313\\Lib\\site-packages\\anyio\\_backends\\_asyncio.py\", line 772, in __aexit__\n  |     raise BaseExceptionGroup(\n  |         \"unhandled errors in a TaskGroup\", self._exceptions\n  |     ) from None\n  | ExceptionGroup: unhandled errors in a TaskGroup (1 sub-exception)\n  +-+---------------- 1 ----------------\n    | Traceback (most recent call last):\n    |   File \"C:\\Users\\Hitansh\\AppData\\Local\\Programs\\Python\\Python313\\Lib\\site-packages\\starlette\\middleware\\errors.py\", line 165, in __call__\n    |     await self.app(scope, receive, _send)\n    |   File \"C:\\Users\\Hitansh\\AppData\\Local\\Programs\\Python\\Python313\\Lib\\site-packages\\starlette\\middleware\\base.py\", line 185, in __call__\n    |     with collapse_excgroups():\n    |          ~~~~~~~~~~~~~~~~~~^^\n    |   File \"C:\\Users\\Hitansh\\AppData\\Local\\Programs\\Python\\Python313\\Lib\\contextlib.py\", line 162, in __exit__\n    |     self.gen.throw(value)\n    |     ~~~~~~~~~~~~~~^^^^^^^\n    |   File \"C:\\Users\\Hitansh\\AppData\\Local\\Programs\\Python\\Python313\\Lib\\site-packages\\starlette\\_utils.py\", line 82, in collapse_excgroups\n    |     raise exc\n    |   File \"C:\\Users\\Hitansh\\AppData\\Local\\Programs\\Python\\Python313\\Lib\\site-packages\\starlette\\middleware\\base.py\", line 187, in __call__\n    |     response = await self.dispatch_func(request, call_next)\n    |                ^^^^^^^^^^^^^^^^^^^^^^^^^^^^^^^^^^^^^^^^^^^^\n    |   File \"C:\\Users\\Hitansh\\Desktop\\Nexgen\\Finances\\Backend\\app\\main.py\", line 61, in dispatch\n    |     response = await call_next(request)\n    |                ^^^^^^^^^^^^^^^^^^^^^^^^\n    |   File \"C:\\Users\\Hitansh\\AppData\\Local\\Programs\\Python\\Python313\\Lib\\site-packages\\starlette\\middleware\\base.py\", line 163, in call_next\n    |     raise app_exc\n    |   File \"C:\\Users\\Hitansh\\AppData\\Local\\Programs\\Python\\Python313\\Lib\\site-packages\\starlette\\middleware\\base.py\", line 149, in coro\n    |     await self.app(scope, receive_or_disconnect, send_no_error)\n    |   File \"C:\\Users\\Hitansh\\AppData\\Local\\Programs\\Python\\Python313\\Lib\\site-packages\\starlette\\middleware\\cors.py\", line 85, in __call__\n    |     await self.app(scope, receive, send)\n    |   File \"C:\\Users\\Hitansh\\AppData\\Local\\Programs\\Python\\Python313\\Lib\\site-packages\\starlette\\middleware\\gzip.py\", line 22, in __call__\n    |     await self.app(scope, receive, send)\n    |   File \"C:\\Users\\Hitansh\\AppData\\Local\\Programs\\Python\\Python313\\Lib\\site-packages\\starlette\\middleware\\exceptions.py\", line 62, in __call__\n    |     await wrap_app_handling_exceptions(self.app, conn)(scope, receive, send)\n    |   File \"C:\\Users\\Hitansh\\AppData\\Local\\Programs\\Python\\Python313\\Lib\\site-packages\\starlette\\_exception_handler.py\", line 53, in wrapped_app\n    |     raise exc\n    |   File \"C:\\Users\\Hitansh\\AppData\\Local\\Programs\\Python\\Python313\\Lib\\site-packages\\starlette\\_exception_handler.py\", line 42, in wrapped_app\n    |     await app(scope, receive, sender)\n    |   File \"C:\\Users\\Hitansh\\AppData\\Local\\Programs\\Python\\Python313\\Lib\\site-packages\\fastapi\\middleware\\asyncexitstack.py\", line 18, in __call__\n    |     await self.app(scope, receive, send)\n    |   File \"C:\\Users\\Hitansh\\AppData\\Local\\Programs\\Python\\Python313\\Lib\\site-packages\\starlette\\routing.py\", line 715, in __call__\n    |     await self.middleware_stack(scope, receive, send)\n    |   File \"C:\\Users\\Hitansh\\AppData\\Local\\Programs\\Python\\Python313\\Lib\\site-packages\\starlette\\routing.py\", line 735, in app\n    |     await route.handle(scope, receive, send)\n    |   File \"C:\\Users\\Hitansh\\AppData\\Local\\Programs\\Python\\Python313\\Lib\\site-packages\\starlette\\routing.py\", line 288, in handle\n    |     await self.app(scope, receive, send)\n    |   File \"C:\\Users\\Hitansh\\AppData\\Local\\Programs\\Python\\Python313\\Lib\\site-packages\\fastapi\\routing.py\", line 119, in app\n    |     await wrap_app_handling_exceptions(app, request)(scope, receive, send)\n    |   File \"C:\\Users\\Hitansh\\AppData\\Local\\Programs\\Python\\Python313\\Lib\\site-packages\\starlette\\_exception_handler.py\", line 53, in wrapped_app\n    |     raise exc\n    |   File \"C:\\Users\\Hitansh\\AppData\\Local\\Programs\\Python\\Python313\\Lib\\site-packages\\starlette\\_exception_handler.py\", line 42, in wrapped_app\n    |     await app(scope, receive, sender)\n    |   File \"C:\\Users\\Hitansh\\AppData\\Local\\Programs\\Python\\Python313\\Lib\\site-packages\\fastapi\\routing.py\", line 105, in app\n    |     response = await f(request)\n    |                ^^^^^^^^^^^^^^^^\n    |   File \"C:\\Users\\Hitansh\\AppData\\Local\\Programs\\Python\\Python313\\Lib\\site-packages\\fastapi\\routing.py\", line 424, in app\n    |     raw_response = await run_endpoint_function(\n    |                    ^^^^^^^^^^^^^^^^^^^^^^^^^^^^\n    |     ...<3 lines>...\n    |     )\n    |     ^\n    |   File \"C:\\Users\\Hitansh\\AppData\\Local\\Programs\\Python\\Python313\\Lib\\site-packages\\fastapi\\routing.py\", line 314, in run_endpoint_function\n    |     return await run_in_threadpool(dependant.call, **values)\n    |            ^^^^^^^^^^^^^^^^^^^^^^^^^^^^^^^^^^^^^^^^^^^^^^^^^\n    |   File \"C:\\Users\\Hitansh\\AppData\\Local\\Programs\\Python\\Python313\\Lib\\site-packages\\starlette\\concurrency.py\", line 39, in run_in_threadpool\n    |     return await anyio.to_thread.run_sync(func, *args)\n    |            ^^^^^^^^^^^^^^^^^^^^^^^^^^^^^^^^^^^^^^^^^^^\n    |   File \"C:\\Users\\Hitansh\\AppData\\Local\\Programs\\Python\\Python313\\Lib\\site-packages\\anyio\\to_thread.py\", line 56, in run_sync\n    |     return await get_async_backend().run_sync_in_worker_thread(\n    |            ^^^^^^^^^^^^^^^^^^^^^^^^^^^^^^^^^^^^^^^^^^^^^^^^^^^^\n    |         func, args, abandon_on_cancel=abandon_on_cancel, limiter=limiter\n    |         ^^^^^^^^^^^^^^^^^^^^^^^^^^^^^^^^^^^^^^^^^^^^^^^^^^^^^^^^^^^^^^^^\n    |     )\n    |     ^\n    |   File \"C:\\Users\\Hitansh\\AppData\\Local\\Programs\\Python\\Python313\\Lib\\site-packages\\anyio\\_backends\\_asyncio.py\", line 2476, in run_sync_in_worker_thread\n    |     return await future\n    |            ^^^^^^^^^^^^\n    |   File \"C:\\Users\\Hitansh\\AppData\\Local\\Programs\\Python\\Python313\\Lib\\site-packages\\anyio\\_backends\\_asyncio.py\", line 967, in run\n    |     result = context.run(func, *args)\n    |   File \"C:\\Users\\Hitansh\\Desktop\\Nexgen\\Finances\\Backend\\app\\apis\\auth.py\", line 138, in signup\n    |     if get_user_by_username(request.username):\n    |        ~~~~~~~~~~~~~~~~~~~~^^^^^^^^^^^^^^^^^^\n    |   File \"C:\\Users\\Hitansh\\Desktop\\Nexgen\\Finances\\Backend\\app\\apis\\auth.py\", line 27, in get_user_by_username\n    |     cur.execute(\n    |     ~~~~~~~~~~~^\n    |         'SELECT id, username, email, password_hash, created_at FROM \"user\" WHERE username = %s',\n    |         ^^^^^^^^^^^^^^^^^^^^^^^^^^^^^^^^^^^^^^^^^^^^^^^^^^^^^^^^^^^^^^^^^^^^^^^^^^^^^^^^^^^^^^^^\n    |         (username,)\n    |         ^^^^^^^^^^^\n    |     )\n    |     ^\n    |   File \"C:\\Users\\Hitansh\\AppData\\Local\\Programs\\Python\\Python313\\Lib\\site-packages\\psycopg2\\extras.py\", line 236, in execute\n    |     return super().execute(query, vars)\n    |            ~~~~~~~~~~~~~~~^^^^^^^^^^^^^\n    | psycopg2.errors.UndefinedTable: relation \"user\" does not exist\n    | LINE 1: ..., username, email, password_hash, created_at FROM \"user\" WHE...\n    |                                                              ^\n    | \n    +------------------------------------\n\nDuring handling of the above exception, another exception occurred:\n\nTraceback (most recent call last):\n  File \"C:\\Users\\Hitansh\\AppData\\Local\\Programs\\Python\\Python313\\Lib\\site-packages\\starlette\\middleware\\errors.py\", line 165, in __call__\n    await self.app(scope, receive, _send)\n  File \"C:\\Users\\Hitansh\\AppData\\Local\\Programs\\Python\\Python313\\Lib\\site-packages\\starlette\\middleware\\base.py\", line 185, in __call__\n    with collapse_excgroups():\n         ~~~~~~~~~~~~~~~~~~^^\n  File \"C:\\Users\\Hitansh\\AppData\\Local\\Programs\\Python\\Python313\\Lib\\contextlib.py\", line 162, in __exit__\n    self.gen.throw(value)\n    ~~~~~~~~~~~~~~^^^^^^^\n  File \"C:\\Users\\Hitansh\\AppData\\Local\\Programs\\Python\\Python313\\Lib\\site-packages\\starlette\\_utils.py\", line 82, in collapse_excgroups\n    raise exc\n  File \"C:\\Users\\Hitansh\\AppData\\Local\\Programs\\Python\\Python313\\Lib\\site-packages\\starlette\\middleware\\base.py\", line 187, in __call__\n    response = await self.dispatch_func(request, call_next)\n               ^^^^^^^^^^^^^^^^^^^^^^^^^^^^^^^^^^^^^^^^^^^^\n  File \"C:\\Users\\Hitansh\\Desktop\\Nexgen\\Finances\\Backend\\app\\main.py\", line 61, in dispatch\n    response = await call_next(request)\n               ^^^^^^^^^^^^^^^^^^^^^^^^\n  File \"C:\\Users\\Hitansh\\AppData\\Local\\Programs\\Python\\Python313\\Lib\\site-packages\\starlette\\middleware\\base.py\", line 163, in call_next\n    raise app_exc\n  File \"C:\\Users\\Hitansh\\AppData\\Local\\Programs\\Python\\Python313\\Lib\\site-packages\\starlette\\middleware\\base.py\", line 149, in coro\n    await self.app(scope, receive_or_disconnect, send_no_error)\n  File \"C:\\Users\\Hitansh\\AppData\\Local\\Programs\\Python\\Python313\\Lib\\site-packages\\starlette\\middleware\\cors.py\", line 85, in __call__\n    await self.app(scope, receive, send)\n  File \"C:\\Users\\Hitansh\\AppData\\Local\\Programs\\Python\\Python313\\Lib\\site-packages\\starlette\\middleware\\gzip.py\", line 22, in __call__\n    await self.app(scope, receive, send)\n  File \"C:\\Users\\Hitansh\\AppData\\Local\\Programs\\Python\\Python313\\Lib\\site-packages\\starlette\\middleware\\exceptions.py\", line 62, in __call__\n    await wrap_app_handling_exceptions(self.app, conn)(scope, receive, send)\n  File \"C:\\Users\\Hitansh\\AppData\\Local\\Programs\\Python\\Python313\\Lib\\site-packages\\starlette\\_exception_handler.py\", line 53, in wrapped_app\n    raise exc\n  File \"C:\\Users\\Hitansh\\AppData\\Local\\Programs\\Python\\Python313\\Lib\\site-packages\\starlette\\_exception_handler.py\", line 42, in wrapped_app\n    await app(scope, receive, sender)\n  File \"C:\\Users\\Hitansh\\AppData\\Local\\Programs\\Python\\Python313\\Lib\\site-packages\\fastapi\\middleware\\asyncexitstack.py\", line 18, in __call__\n    await self.app(scope, receive, send)\n  File \"C:\\Users\\Hitansh\\AppData\\Local\\Programs\\Python\\Python313\\Lib\\site-packages\\starlette\\routing.py\", line 715, in __call__\n    await self.middleware_stack(scope, receive, send)\n  File \"C:\\Users\\Hitansh\\AppData\\Local\\Programs\\Python\\Python313\\Lib\\site-packages\\starlette\\routing.py\", line 735, in app\n    await route.handle(scope, receive, send)\n  File \"C:\\Users\\Hitansh\\AppData\\Local\\Programs\\Python\\Python313\\Lib\\site-packages\\starlette\\routing.py\", line 288, in handle\n    await self.app(scope, receive, send)\n  File \"C:\\Users\\Hitansh\\AppData\\Local\\Programs\\Python\\Python313\\Lib\\site-packages\\fastapi\\routing.py\", line 119, in app\n    await wrap_app_handling_exceptions(app, request)(scope, receive, send)\n  File \"C:\\Users\\Hitansh\\AppData\\Local\\Programs\\Python\\Python313\\Lib\\site-packages\\starlette\\_exception_handler.py\", line 53, in wrapped_app\n    raise exc\n  File \"C:\\Users\\Hitansh\\AppData\\Local\\Programs\\Python\\Python313\\Lib\\site-packages\\starlette\\_exception_handler.py\", line 42, in wrapped_app\n    await app(scope, receive, sender)\n  File \"C:\\Users\\Hitansh\\AppData\\Local\\Programs\\Python\\Python313\\Lib\\site-packages\\fastapi\\routing.py\", line 105, in app\n    response = await f(request)\n               ^^^^^^^^^^^^^^^^\n  File \"C:\\Users\\Hitansh\\AppData\\Local\\Programs\\Python\\Python313\\Lib\\site-packages\\fastapi\\routing.py\", line 424, in app\n    raw_response = await run_endpoint_function(\n                   ^^^^^^^^^^^^^^^^^^^^^^^^^^^^\n    ...<3 lines>...\n    )\n    ^\n  File \"C:\\Users\\Hitansh\\AppData\\Local\\Programs\\Python\\Python313\\Lib\\site-packages\\fastapi\\routing.py\", line 314, in run_endpoint_function\n    return await run_in_threadpool(dependant.call, **values)\n           ^^^^^^^^^^^^^^^^^^^^^^^^^^^^^^^^^^^^^^^^^^^^^^^^^\n  File \"C:\\Users\\Hitansh\\AppData\\Local\\Programs\\Python\\Python313\\Lib\\site-packages\\starlette\\concurrency.py\", line 39, in run_in_threadpool\n    return await anyio.to_thread.run_sync(func, *args)\n           ^^^^^^^^^^^^^^^^^^^^^^^^^^^^^^^^^^^^^^^^^^^\n  File \"C:\\Users\\Hitansh\\AppData\\Local\\Programs\\Python\\Python313\\Lib\\site-packages\\anyio\\to_thread.py\", line 56, in run_sync\n    return await get_async_backend().run_sync_in_worker_thread(\n           ^^^^^^^^^^^^^^^^^^^^^^^^^^^^^^^^^^^^^^^^^^^^^^^^^^^^\n        func, args, abandon_on_cancel=abandon_on_cancel, limiter=limiter\n        ^^^^^^^^^^^^^^^^^^^^^^^^^^^^^^^^^^^^^^^^^^^^^^^^^^^^^^^^^^^^^^^^\n    )\n    ^\n  File \"C:\\Users\\Hitansh\\AppData\\Local\\Programs\\Python\\Python313\\Lib\\site-packages\\anyio\\_backends\\_asyncio.py\", line 2476, in run_sync_in_worker_thread\n    return await future\n           ^^^^^^^^^^^^\n  File \"C:\\Users\\Hitansh\\AppData\\Local\\Programs\\Python\\Python313\\Lib\\site-packages\\anyio\\_backends\\_asyncio.py\", line 967, in run\n    result = context.run(func, *args)\n  File \"C:\\Users\\Hitansh\\Desktop\\Nexgen\\Finances\\Backend\\app\\apis\\auth.py\", line 138, in signup\n    if get_user_by_username(request.username):\n       ~~~~~~~~~~~~~~~~~~~~^^^^^^^^^^^^^^^^^^\n  File \"C:\\Users\\Hitansh\\Desktop\\Nexgen\\Finances\\Backend\\app\\apis\\auth.py\", line 27, in get_user_by_username\n    cur.execute(\n    ~~~~~~~~~~~^\n        'SELECT id, username, email, password_hash, created_at FROM \"user\" WHERE username = %s',\n        ^^^^^^^^^^^^^^^^^^^^^^^^^^^^^^^^^^^^^^^^^^^^^^^^^^^^^^^^^^^^^^^^^^^^^^^^^^^^^^^^^^^^^^^^\n        (username,)\n        ^^^^^^^^^^^\n    )\n    ^\n  File \"C:\\Users\\Hitansh\\AppData\\Local\\Programs\\Python\\Python313\\Lib\\site-packages\\psycopg2\\extras.py\", line 236, in execute\n    return super().execute(query, vars)\n           ~~~~~~~~~~~~~~~^^^^^^^^^^^^^\npsycopg2.errors.UndefinedTable: relation \"user\" does not exist\nLINE 1: ..., username, email, password_hash, created_at FROM \"user\" WHE...\n                                                             ^\n"}
{"asctime": "2026-02-22 13:59:43,393", "name": "app.apis.auth", "levelname": "ERROR", "message": "Error fetching user: relation \"user\" does not exist\nLINE 1: ..., username, email, password_hash, created_at FROM \"user\" WHE...\n                                                             ^\n"}
{"asctime": "2026-02-22 13:59:43,394", "name": "app.exceptions", "levelname": "ERROR", "message": "Unhandled Exception: UndefinedTable - relation \"user\" does not exist\nLINE 1: ..., username, email, password_hash, created_at FROM \"user\" WHE...\n                                                             ^\n", "exc_info": "  + Exception Group Traceback (most recent call last):\n  |   File \"C:\\Users\\Hitansh\\AppData\\Local\\Programs\\Python\\Python313\\Lib\\site-packages\\starlette\\_utils.py\", line 76, in collapse_excgroups\n  |     yield\n  |   File \"C:\\Users\\Hitansh\\AppData\\Local\\Programs\\Python\\Python313\\Lib\\site-packages\\starlette\\middleware\\base.py\", line 186, in __call__\n  |     async with anyio.create_task_group() as task_group:\n  |                ~~~~~~~~~~~~~~~~~~~~~~~^^\n  |   File \"C:\\Users\\Hitansh\\AppData\\Local\\Programs\\Python\\Python313\\Lib\\site-packages\\anyio\\_backends\\_asyncio.py\", line 772, in __aexit__\n  |     raise BaseExceptionGroup(\n  |         \"unhandled errors in a TaskGroup\", self._exceptions\n  |     ) from None\n  | ExceptionGroup: unhandled errors in a TaskGroup (1 sub-exception)\n  +-+---------------- 1 ----------------\n    | Traceback (most recent call last):\n    |   File \"C:\\Users\\Hitansh\\AppData\\Local\\Programs\\Python\\Python313\\Lib\\site-packages\\starlette\\middleware\\errors.py\", line 165, in __call__\n    |     await self.app(scope, receive, _send)\n    |   File \"C:\\Users\\Hitansh\\AppData\\Local\\Programs\\Python\\Python313\\Lib\\site-packages\\starlette\\middleware\\base.py\", line 185, in __call__\n    |     with collapse_excgroups():\n    |          ~~~~~~~~~~~~~~~~~~^^\n    |   File \"C:\\Users\\Hitansh\\AppData\\Local\\Programs\\Python\\Python313\\Lib\\contextlib.py\", line 162, in __exit__\n    |     self.gen.throw(value)\n    |     ~~~~~~~~~~~~~~^^^^^^^\n    |   File \"C:\\Users\\Hitansh\\AppData\\Local\\Programs\\Python\\Python313\\Lib\\site-packages\\starlette\\_utils.py\", line 82, in collapse_excgroups\n    |     raise exc\n    |   File \"C:\\Users\\Hitansh\\AppData\\Local\\Programs\\Python\\Python313\\Lib\\site-packages\\starlette\\middleware\\base.py\", line 187, in __call__\n    |     response = await self.dispatch_func(request, call_next)\n    |                ^^^^^^^^^^^^^^^^^^^^^^^^^^^^^^^^^^^^^^^^^^^^\n    |   File \"C:\\Users\\Hitansh\\Desktop\\Nexgen\\Finances\\Backend\\app\\main.py\", line 61, in dispatch\n    |     response = await call_next(request)\n    |                ^^^^^^^^^^^^^^^^^^^^^^^^\n    |   File \"C:\\Users\\Hitansh\\AppData\\Local\\Programs\\Python\\Python313\\Lib\\site-packages\\starlette\\middleware\\base.py\", line 163, in call_next\n    |     raise app_exc\n    |   File \"C:\\Users\\Hitansh\\AppData\\Local\\Programs\\Python\\Python313\\Lib\\site-packages\\starlette\\middleware\\base.py\", line 149, in coro\n    |     await self.app(scope, receive_or_disconnect, send_no_error)\n    |   File \"C:\\Users\\Hitansh\\AppData\\Local\\Programs\\Python\\Python313\\Lib\\site-packages\\starlette\\middleware\\cors.py\", line 85, in __call__\n    |     await self.app(scope, receive, send)\n    |   File \"C:\\Users\\Hitansh\\AppData\\Local\\Programs\\Python\\Python313\\Lib\\site-packages\\starlette\\middleware\\gzip.py\", line 22, in __call__\n    |     await self.app(scope, receive, send)\n    |   File \"C:\\Users\\Hitansh\\AppData\\Local\\Programs\\Python\\Python313\\Lib\\site-packages\\starlette\\middleware\\exceptions.py\", line 62, in __call__\n    |     await wrap_app_handling_exceptions(self.app, conn)(scope, receive, send)\n    |   File \"C:\\Users\\Hitansh\\AppData\\Local\\Programs\\Python\\Python313\\Lib\\site-packages\\starlette\\_exception_handler.py\", line 53, in wrapped_app\n    |     raise exc\n    |   File \"C:\\Users\\Hitansh\\AppData\\Local\\Programs\\Python\\Python313\\Lib\\site-packages\\starlette\\_exception_handler.py\", line 42, in wrapped_app\n    |     await app(scope, receive, sender)\n    |   File \"C:\\Users\\Hitansh\\AppData\\Local\\Programs\\Python\\Python313\\Lib\\site-packages\\fastapi\\middleware\\asyncexitstack.py\", line 18, in __call__\n    |     await self.app(scope, receive, send)\n    |   File \"C:\\Users\\Hitansh\\AppData\\Local\\Programs\\Python\\Python313\\Lib\\site-packages\\starlette\\routing.py\", line 715, in __call__\n    |     await self.middleware_stack(scope, receive, send)\n    |   File \"C:\\Users\\Hitansh\\AppData\\Local\\Programs\\Python\\Python313\\Lib\\site-packages\\starlette\\routing.py\", line 735, in app\n    |     await route.handle(scope, receive, send)\n    |   File \"C:\\Users\\Hitansh\\AppData\\Local\\Programs\\Python\\Python313\\Lib\\site-packages\\starlette\\routing.py\", line 288, in handle\n    |     await self.app(scope, receive, send)\n    |   File \"C:\\Users\\Hitansh\\AppData\\Local\\Programs\\Python\\Python313\\Lib\\site-packages\\fastapi\\routing.py\", line 119, in app\n    |     await wrap_app_handling_exceptions(app, request)(scope, receive, send)\n    |   File \"C:\\Users\\Hitansh\\AppData\\Local\\Programs\\Python\\Python313\\Lib\\site-packages\\starlette\\_exception_handler.py\", line 53, in wrapped_app\n    |     raise exc\n    |   File \"C:\\Users\\Hitansh\\AppData\\Local\\Programs\\Python\\Python313\\Lib\\site-packages\\starlette\\_exception_handler.py\", line 42, in wrapped_app\n    |     await app(scope, receive, sender)\n    |   File \"C:\\Users\\Hitansh\\AppData\\Local\\Programs\\Python\\Python313\\Lib\\site-packages\\fastapi\\routing.py\", line 105, in app\n    |     response = await f(request)\n    |                ^^^^^^^^^^^^^^^^\n    |   File \"C:\\Users\\Hitansh\\AppData\\Local\\Programs\\Python\\Python313\\Lib\\site-packages\\fastapi\\routing.py\", line 424, in app\n    |     raw_response = await run_endpoint_function(\n    |                    ^^^^^^^^^^^^^^^^^^^^^^^^^^^^\n    |     ...<3 lines>...\n    |     )\n    |     ^\n    |   File \"C:\\Users\\Hitansh\\AppData\\Local\\Programs\\Python\\Python313\\Lib\\site-packages\\fastapi\\routing.py\", line 314, in run_endpoint_function\n    |     return await run_in_threadpool(dependant.call, **values)\n    |            ^^^^^^^^^^^^^^^^^^^^^^^^^^^^^^^^^^^^^^^^^^^^^^^^^\n    |   File \"C:\\Users\\Hitansh\\AppData\\Local\\Programs\\Python\\Python313\\Lib\\site-packages\\starlette\\concurrency.py\", line 39, in run_in_threadpool\n    |     return await anyio.to_thread.run_sync(func, *args)\n    |            ^^^^^^^^^^^^^^^^^^^^^^^^^^^^^^^^^^^^^^^^^^^\n    |   File \"C:\\Users\\Hitansh\\AppData\\Local\\Programs\\Python\\Python313\\Lib\\site-packages\\anyio\\to_thread.py\", line 56, in run_sync\n    |     return await get_async_backend().run_sync_in_worker_thread(\n    |            ^^^^^^^^^^^^^^^^^^^^^^^^^^^^^^^^^^^^^^^^^^^^^^^^^^^^\n    |         func, args, abandon_on_cancel=abandon_on_cancel, limiter=limiter\n    |         ^^^^^^^^^^^^^^^^^^^^^^^^^^^^^^^^^^^^^^^^^^^^^^^^^^^^^^^^^^^^^^^^\n    |     )\n    |     ^\n    |   File \"C:\\Users\\Hitansh\\AppData\\Local\\Programs\\Python\\Python313\\Lib\\site-packages\\anyio\\_backends\\_asyncio.py\", line 2476, in run_sync_in_worker_thread\n    |     return await future\n    |            ^^^^^^^^^^^^\n    |   File \"C:\\Users\\Hitansh\\AppData\\Local\\Programs\\Python\\Python313\\Lib\\site-packages\\anyio\\_backends\\_asyncio.py\", line 967, in run\n    |     result = context.run(func, *args)\n    |   File \"C:\\Users\\Hitansh\\Desktop\\Nexgen\\Finances\\Backend\\app\\apis\\auth.py\", line 138, in signup\n    |     if get_user_by_username(request.username):\n    |        ~~~~~~~~~~~~~~~~~~~~^^^^^^^^^^^^^^^^^^\n    |   File \"C:\\Users\\Hitansh\\Desktop\\Nexgen\\Finances\\Backend\\app\\apis\\auth.py\", line 27, in get_user_by_username\n    |     cur.execute(\n    |     ~~~~~~~~~~~^\n    |         'SELECT id, username, email, password_hash, created_at FROM \"user\" WHERE username = %s',\n    |         ^^^^^^^^^^^^^^^^^^^^^^^^^^^^^^^^^^^^^^^^^^^^^^^^^^^^^^^^^^^^^^^^^^^^^^^^^^^^^^^^^^^^^^^^\n    |         (username,)\n    |         ^^^^^^^^^^^\n    |     )\n    |     ^\n    |   File \"C:\\Users\\Hitansh\\AppData\\Local\\Programs\\Python\\Python313\\Lib\\site-packages\\psycopg2\\extras.py\", line 236, in execute\n    |     return super().execute(query, vars)\n    |            ~~~~~~~~~~~~~~~^^^^^^^^^^^^^\n    | psycopg2.errors.UndefinedTable: relation \"user\" does not exist\n    | LINE 1: ..., username, email, password_hash, created_at FROM \"user\" WHE...\n    |                                                              ^\n    | \n    +------------------------------------\n\nDuring handling of the above exception, another exception occurred:\n\nTraceback (most recent call last):\n  File \"C:\\Users\\Hitansh\\AppData\\Local\\Programs\\Python\\Python313\\Lib\\site-packages\\starlette\\middleware\\errors.py\", line 165, in __call__\n    await self.app(scope, receive, _send)\n  File \"C:\\Users\\Hitansh\\AppData\\Local\\Programs\\Python\\Python313\\Lib\\site-packages\\starlette\\middleware\\base.py\", line 185, in __call__\n    with collapse_excgroups():\n         ~~~~~~~~~~~~~~~~~~^^\n  File \"C:\\Users\\Hitansh\\AppData\\Local\\Programs\\Python\\Python313\\Lib\\contextlib.py\", line 162, in __exit__\n    self.gen.throw(value)\n    ~~~~~~~~~~~~~~^^^^^^^\n  File \"C:\\Users\\Hitansh\\AppData\\Local\\Programs\\Python\\Python313\\Lib\\site-packages\\starlette\\_utils.py\", line 82, in collapse_excgroups\n    raise exc\n  File \"C:\\Users\\Hitansh\\AppData\\Local\\Programs\\Python\\Python313\\Lib\\site-packages\\starlette\\middleware\\base.py\", line 187, in __call__\n    response = await self.dispatch_func(request, call_next)\n               ^^^^^^^^^^^^^^^^^^^^^^^^^^^^^^^^^^^^^^^^^^^^\n  File \"C:\\Users\\Hitansh\\Desktop\\Nexgen\\Finances\\Backend\\app\\main.py\", line 61, in dispatch\n    response = await call_next(request)\n               ^^^^^^^^^^^^^^^^^^^^^^^^\n  File \"C:\\Users\\Hitansh\\AppData\\Local\\Programs\\Python\\Python313\\Lib\\site-packages\\starlette\\middleware\\base.py\", line 163, in call_next\n    raise app_exc\n  File \"C:\\Users\\Hitansh\\AppData\\Local\\Programs\\Python\\Python313\\Lib\\site-packages\\starlette\\middleware\\base.py\", line 149, in coro\n    await self.app(scope, receive_or_disconnect, send_no_error)\n  File \"C:\\Users\\Hitansh\\AppData\\Local\\Programs\\Python\\Python313\\Lib\\site-packages\\starlette\\middleware\\cors.py\", line 85, in __call__\n    await self.app(scope, receive, send)\n  File \"C:\\Users\\Hitansh\\AppData\\Local\\Programs\\Python\\Python313\\Lib\\site-packages\\starlette\\middleware\\gzip.py\", line 22, in __call__\n    await self.app(scope, receive, send)\n  File \"C:\\Users\\Hitansh\\AppData\\Local\\Programs\\Python\\Python313\\Lib\\site-packages\\starlette\\middleware\\exceptions.py\", line 62, in __call__\n    await wrap_app_handling_exceptions(self.app, conn)(scope, receive, send)\n  File \"C:\\Users\\Hitansh\\AppData\\Local\\Programs\\Python\\Python313\\Lib\\site-packages\\starlette\\_exception_handler.py\", line 53, in wrapped_app\n    raise exc\n  File \"C:\\Users\\Hitansh\\AppData\\Local\\Programs\\Python\\Python313\\Lib\\site-packages\\starlette\\_exception_handler.py\", line 42, in wrapped_app\n    await app(scope, receive, sender)\n  File \"C:\\Users\\Hitansh\\AppData\\Local\\Programs\\Python\\Python313\\Lib\\site-packages\\fastapi\\middleware\\asyncexitstack.py\", line 18, in __call__\n    await self.app(scope, receive, send)\n  File \"C:\\Users\\Hitansh\\AppData\\Local\\Programs\\Python\\Python313\\Lib\\site-packages\\starlette\\routing.py\", line 715, in __call__\n    await self.middleware_stack(scope, receive, send)\n  File \"C:\\Users\\Hitansh\\AppData\\Local\\Programs\\Python\\Python313\\Lib\\site-packages\\starlette\\routing.py\", line 735, in app\n    await route.handle(scope, receive, send)\n  File \"C:\\Users\\Hitansh\\AppData\\Local\\Programs\\Python\\Python313\\Lib\\site-packages\\starlette\\routing.py\", line 288, in handle\n    await self.app(scope, receive, send)\n  File \"C:\\Users\\Hitansh\\AppData\\Local\\Programs\\Python\\Python313\\Lib\\site-packages\\fastapi\\routing.py\", line 119, in app\n    await wrap_app_handling_exceptions(app, request)(scope, receive, send)\n  File \"C:\\Users\\Hitansh\\AppData\\Local\\Programs\\Python\\Python313\\Lib\\site-packages\\starlette\\_exception_handler.py\", line 53, in wrapped_app\n    raise exc\n  File \"C:\\Users\\Hitansh\\AppData\\Local\\Programs\\Python\\Python313\\Lib\\site-packages\\starlette\\_exception_handler.py\", line 42, in wrapped_app\n    await app(scope, receive, sender)\n  File \"C:\\Users\\Hitansh\\AppData\\Local\\Programs\\Python\\Python313\\Lib\\site-packages\\fastapi\\routing.py\", line 105, in app\n    response = await f(request)\n               ^^^^^^^^^^^^^^^^\n  File \"C:\\Users\\Hitansh\\AppData\\Local\\Programs\\Python\\Python313\\Lib\\site-packages\\fastapi\\routing.py\", line 424, in app\n    raw_response = await run_endpoint_function(\n                   ^^^^^^^^^^^^^^^^^^^^^^^^^^^^\n    ...<3 lines>...\n    )\n    ^\n  File \"C:\\Users\\Hitansh\\AppData\\Local\\Programs\\Python\\Python313\\Lib\\site-packages\\fastapi\\routing.py\", line 314, in run_endpoint_function\n    return await run_in_threadpool(dependant.call, **values)\n           ^^^^^^^^^^^^^^^^^^^^^^^^^^^^^^^^^^^^^^^^^^^^^^^^^\n  File \"C:\\Users\\Hitansh\\AppData\\Local\\Programs\\Python\\Python313\\Lib\\site-packages\\starlette\\concurrency.py\", line 39, in run_in_threadpool\n    return await anyio.to_thread.run_sync(func, *args)\n           ^^^^^^^^^^^^^^^^^^^^^^^^^^^^^^^^^^^^^^^^^^^\n  File \"C:\\Users\\Hitansh\\AppData\\Local\\Programs\\Python\\Python313\\Lib\\site-packages\\anyio\\to_thread.py\", line 56, in run_sync\n    return await get_async_backend().run_sync_in_worker_thread(\n           ^^^^^^^^^^^^^^^^^^^^^^^^^^^^^^^^^^^^^^^^^^^^^^^^^^^^\n        func, args, abandon_on_cancel=abandon_on_cancel, limiter=limiter\n        ^^^^^^^^^^^^^^^^^^^^^^^^^^^^^^^^^^^^^^^^^^^^^^^^^^^^^^^^^^^^^^^^\n    )\n    ^\n  File \"C:\\Users\\Hitansh\\AppData\\Local\\Programs\\Python\\Python313\\Lib\\site-packages\\anyio\\_backends\\_asyncio.py\", line 2476, in run_sync_in_worker_thread\n    return await future\n           ^^^^^^^^^^^^\n  File \"C:\\Users\\Hitansh\\AppData\\Local\\Programs\\Python\\Python313\\Lib\\site-packages\\anyio\\_backends\\_asyncio.py\", line 967, in run\n    result = context.run(func, *args)\n  File \"C:\\Users\\Hitansh\\Desktop\\Nexgen\\Finances\\Backend\\app\\apis\\auth.py\", line 138, in signup\n    if get_user_by_username(request.username):\n       ~~~~~~~~~~~~~~~~~~~~^^^^^^^^^^^^^^^^^^\n  File \"C:\\Users\\Hitansh\\Desktop\\Nexgen\\Finances\\Backend\\app\\apis\\auth.py\", line 27, in get_user_by_username\n    cur.execute(\n    ~~~~~~~~~~~^\n        'SELECT id, username, email, password_hash, created_at FROM \"user\" WHERE username = %s',\n        ^^^^^^^^^^^^^^^^^^^^^^^^^^^^^^^^^^^^^^^^^^^^^^^^^^^^^^^^^^^^^^^^^^^^^^^^^^^^^^^^^^^^^^^^\n        (username,)\n        ^^^^^^^^^^^\n    )\n    ^\n  File \"C:\\Users\\Hitansh\\AppData\\Local\\Programs\\Python\\Python313\\Lib\\site-packages\\psycopg2\\extras.py\", line 236, in execute\n    return super().execute(query, vars)\n           ~~~~~~~~~~~~~~~^^^^^^^^^^^^^\npsycopg2.errors.UndefinedTable: relation \"user\" does not exist\nLINE 1: ..., username, email, password_hash, created_at FROM \"user\" WHE...\n                                                             ^\n"}
{"asctime": "2026-02-22 14:03:40,953", "name": "app.apis.auth", "levelname": "ERROR", "message": "Error creating user: password cannot be longer than 72 bytes, truncate manually if necessary (e.g. my_password[:72])"}
{"asctime": "2026-02-22 14:03:40,956", "name": "app.exceptions", "levelname": "ERROR", "message": "Unhandled Exception: ValueError - password cannot be longer than 72 bytes, truncate manually if necessary (e.g. my_password[:72])", "exc_info": "  + Exception Group Traceback (most recent call last):\n  |   File \"C:\\Users\\Hitansh\\AppData\\Local\\Programs\\Python\\Python313\\Lib\\site-packages\\starlette\\_utils.py\", line 76, in collapse_excgroups\n  |     yield\n  |   File \"C:\\Users\\Hitansh\\AppData\\Local\\Programs\\Python\\Python313\\Lib\\site-packages\\starlette\\middleware\\base.py\", line 186, in __call__\n  |     async with anyio.create_task_group() as task_group:\n  |                ~~~~~~~~~~~~~~~~~~~~~~~^^\n  |   File \"C:\\Users\\Hitansh\\AppData\\Local\\Programs\\Python\\Python313\\Lib\\site-packages\\anyio\\_backends\\_asyncio.py\", line 772, in __aexit__\n  |     raise BaseExceptionGroup(\n  |         \"unhandled errors in a TaskGroup\", self._exceptions\n  |     ) from None\n  | ExceptionGroup: unhandled errors in a TaskGroup (1 sub-exception)\n  +-+---------------- 1 ----------------\n    | Traceback (most recent call last):\n    |   File \"C:\\Users\\Hitansh\\AppData\\Local\\Programs\\Python\\Python313\\Lib\\site-packages\\starlette\\middleware\\errors.py\", line 165, in __call__\n    |     await self.app(scope, receive, _send)\n    |   File \"C:\\Users\\Hitansh\\AppData\\Local\\Programs\\Python\\Python313\\Lib\\site-packages\\starlette\\middleware\\base.py\", line 185, in __call__\n    |     with collapse_excgroups():\n    |          ~~~~~~~~~~~~~~~~~~^^\n    |   File \"C:\\Users\\Hitansh\\AppData\\Local\\Programs\\Python\\Python313\\Lib\\contextlib.py\", line 162, in __exit__\n    |     self.gen.throw(value)\n    |     ~~~~~~~~~~~~~~^^^^^^^\n    |   File \"C:\\Users\\Hitansh\\AppData\\Local\\Programs\\Python\\Python313\\Lib\\site-packages\\starlette\\_utils.py\", line 82, in collapse_excgroups\n    |     raise exc\n    |   File \"C:\\Users\\Hitansh\\AppData\\Local\\Programs\\Python\\Python313\\Lib\\site-packages\\starlette\\middleware\\base.py\", line 187, in __call__\n    |     response = await self.dispatch_func(request, call_next)\n    |                ^^^^^^^^^^^^^^^^^^^^^^^^^^^^^^^^^^^^^^^^^^^^\n    |   File \"C:\\Users\\Hitansh\\Desktop\\Nexgen\\Finances\\Backend\\app\\main.py\", line 61, in dispatch\n    |     response = await call_next(request)\n    |                ^^^^^^^^^^^^^^^^^^^^^^^^\n    |   File \"C:\\Users\\Hitansh\\AppData\\Local\\Programs\\Python\\Python313\\Lib\\site-packages\\starlette\\middleware\\base.py\", line 163, in call_next\n    |     raise app_exc\n    |   File \"C:\\Users\\Hitansh\\AppData\\Local\\Programs\\Python\\Python313\\Lib\\site-packages\\starlette\\middleware\\base.py\", line 149, in coro\n    |     await self.app(scope, receive_or_disconnect, send_no_error)\n    |   File \"C:\\Users\\Hitansh\\AppData\\Local\\Programs\\Python\\Python313\\Lib\\site-packages\\starlette\\middleware\\cors.py\", line 85, in __call__\n    |     await self.app(scope, receive, send)\n    |   File \"C:\\Users\\Hitansh\\AppData\\Local\\Programs\\Python\\Python313\\Lib\\site-packages\\starlette\\middleware\\gzip.py\", line 22, in __call__\n    |     await self.app(scope, receive, send)\n    |   File \"C:\\Users\\Hitansh\\AppData\\Local\\Programs\\Python\\Python313\\Lib\\site-packages\\starlette\\middleware\\exceptions.py\", line 62, in __call__\n    |     await wrap_app_handling_exceptions(self.app, conn)(scope, receive, send)\n    |   File \"C:\\Users\\Hitansh\\AppData\\Local\\Programs\\Python\\Python313\\Lib\\site-packages\\starlette\\_exception_handler.py\", line 53, in wrapped_app\n    |     raise exc\n    |   File \"C:\\Users\\Hitansh\\AppData\\Local\\Programs\\Python\\Python313\\Lib\\site-packages\\starlette\\_exception_handler.py\", line 42, in wrapped_app\n    |     await app(scope, receive, sender)\n    |   File \"C:\\Users\\Hitansh\\AppData\\Local\\Programs\\Python\\Python313\\Lib\\site-packages\\fastapi\\middleware\\asyncexitstack.py\", line 18, in __call__\n    |     await self.app(scope, receive, send)\n    |   File \"C:\\Users\\Hitansh\\AppData\\Local\\Programs\\Python\\Python313\\Lib\\site-packages\\starlette\\routing.py\", line 715, in __call__\n    |     await self.middleware_stack(scope, receive, send)\n    |   File \"C:\\Users\\Hitansh\\AppData\\Local\\Programs\\Python\\Python313\\Lib\\site-packages\\starlette\\routing.py\", line 735, in app\n    |     await route.handle(scope, receive, send)\n    |   File \"C:\\Users\\Hitansh\\AppData\\Local\\Programs\\Python\\Python313\\Lib\\site-packages\\starlette\\routing.py\", line 288, in handle\n    |     await self.app(scope, receive, send)\n    |   File \"C:\\Users\\Hitansh\\AppData\\Local\\Programs\\Python\\Python313\\Lib\\site-packages\\fastapi\\routing.py\", line 119, in app\n    |     await wrap_app_handling_exceptions(app, request)(scope, receive, send)\n    |   File \"C:\\Users\\Hitansh\\AppData\\Local\\Programs\\Python\\Python313\\Lib\\site-packages\\starlette\\_exception_handler.py\", line 53, in wrapped_app\n    |     raise exc\n    |   File \"C:\\Users\\Hitansh\\AppData\\Local\\Programs\\Python\\Python313\\Lib\\site-packages\\starlette\\_exception_handler.py\", line 42, in wrapped_app\n    |     await app(scope, receive, sender)\n    |   File \"C:\\Users\\Hitansh\\AppData\\Local\\Programs\\Python\\Python313\\Lib\\site-packages\\fastapi\\routing.py\", line 105, in app\n    |     response = await f(request)\n    |                ^^^^^^^^^^^^^^^^\n    |   File \"C:\\Users\\Hitansh\\AppData\\Local\\Programs\\Python\\Python313\\Lib\\site-packages\\fastapi\\routing.py\", line 424, in app\n    |     raw_response = await run_endpoint_function(\n    |                    ^^^^^^^^^^^^^^^^^^^^^^^^^^^^\n    |     ...<3 lines>...\n    |     )\n    |     ^\n    |   File \"C:\\Users\\Hitansh\\AppData\\Local\\Programs\\Python\\Python313\\Lib\\site-packages\\fastapi\\routing.py\", line 314, in run_endpoint_function\n    |     return await run_in_threadpool(dependant.call, **values)\n    |            ^^^^^^^^^^^^^^^^^^^^^^^^^^^^^^^^^^^^^^^^^^^^^^^^^\n    |   File \"C:\\Users\\Hitansh\\AppData\\Local\\Programs\\Python\\Python313\\Lib\\site-packages\\starlette\\concurrency.py\", line 39, in run_in_threadpool\n    |     return await anyio.to_thread.run_sync(func, *args)\n    |            ^^^^^^^^^^^^^^^^^^^^^^^^^^^^^^^^^^^^^^^^^^^\n    |   File \"C:\\Users\\Hitansh\\AppData\\Local\\Programs\\Python\\Python313\\Lib\\site-packages\\anyio\\to_thread.py\", line 56, in run_sync\n    |     return await get_async_backend().run_sync_in_worker_thread(\n    |            ^^^^^^^^^^^^^^^^^^^^^^^^^^^^^^^^^^^^^^^^^^^^^^^^^^^^\n    |         func, args, abandon_on_cancel=abandon_on_cancel, limiter=limiter\n    |         ^^^^^^^^^^^^^^^^^^^^^^^^^^^^^^^^^^^^^^^^^^^^^^^^^^^^^^^^^^^^^^^^\n    |     )\n    |     ^\n    |   File \"C:\\Users\\Hitansh\\AppData\\Local\\Programs\\Python\\Python313\\Lib\\site-packages\\anyio\\_backends\\_asyncio.py\", line 2476, in run_sync_in_worker_thread\n    |     return await future\n    |            ^^^^^^^^^^^^\n    |   File \"C:\\Users\\Hitansh\\AppData\\Local\\Programs\\Python\\Python313\\Lib\\site-packages\\anyio\\_backends\\_asyncio.py\", line 967, in run\n    |     result = context.run(func, *args)\n    |   File \"C:\\Users\\Hitansh\\Desktop\\Nexgen\\Finances\\Backend\\app\\apis\\auth.py\", line 151, in signup\n    |     user = create_user(request.username, request.email, request.password)\n    |   File \"C:\\Users\\Hitansh\\Desktop\\Nexgen\\Finances\\Backend\\app\\apis\\auth.py\", line 60, in create_user\n    |     password_hash = hash_password(password)\n    |   File \"C:\\Users\\Hitansh\\Desktop\\Nexgen\\Finances\\Backend\\app\\auth.py\", line 28, in hash_password\n    |     return pwd_context.hash(password)\n    |            ~~~~~~~~~~~~~~~~^^^^^^^^^^\n    |   File \"C:\\Users\\Hitansh\\AppData\\Local\\Programs\\Python\\Python313\\Lib\\site-packages\\passlib\\context.py\", line 2258, in hash\n    |     return record.hash(secret, **kwds)\n    |            ~~~~~~~~~~~^^^^^^^^^^^^^^^^\n    |   File \"C:\\Users\\Hitansh\\AppData\\Local\\Programs\\Python\\Python313\\Lib\\site-packages\\passlib\\utils\\handlers.py\", line 779, in hash\n    |     self.checksum = self._calc_checksum(secret)\n    |                     ~~~~~~~~~~~~~~~~~~~^^^^^^^^\n    |   File \"C:\\Users\\Hitansh\\AppData\\Local\\Programs\\Python\\Python313\\Lib\\site-packages\\passlib\\handlers\\bcrypt.py\", line 591, in _calc_checksum\n    |     self._stub_requires_backend()\n    |     ~~~~~~~~~~~~~~~~~~~~~~~~~~~^^\n    |   File \"C:\\Users\\Hitansh\\AppData\\Local\\Programs\\Python\\Python313\\Lib\\site-packages\\passlib\\utils\\handlers.py\", line 2254, in _stub_requires_backend\n    |     cls.set_backend()\n    |     ~~~~~~~~~~~~~~~^^\n    |   File \"C:\\Users\\Hitansh\\AppData\\Local\\Programs\\Python\\Python313\\Lib\\site-packages\\passlib\\utils\\handlers.py\", line 2156, in set_backend\n    |     return owner.set_backend(name, dryrun=dryrun)\n    |            ~~~~~~~~~~~~~~~~~^^^^^^^^^^^^^^^^^^^^^\n    |   File \"C:\\Users\\Hitansh\\AppData\\Local\\Programs\\Python\\Python313\\Lib\\site-packages\\passlib\\utils\\handlers.py\", line 2163, in set_backend\n    |     return cls.set_backend(name, dryrun=dryrun)\n    |            ~~~~~~~~~~~~~~~^^^^^^^^^^^^^^^^^^^^^\n    |   File \"C:\\Users\\Hitansh\\AppData\\Local\\Programs\\Python\\Python313\\Lib\\site-packages\\passlib\\utils\\handlers.py\", line 2188, in set_backend\n    |     cls._set_backend(name, dryrun)\n    |     ~~~~~~~~~~~~~~~~^^^^^^^^^^^^^^\n    |   File \"C:\\Users\\Hitansh\\AppData\\Local\\Programs\\Python\\Python313\\Lib\\site-packages\\passlib\\utils\\handlers.py\", line 2311, in _set_backend\n    |     super(SubclassBackendMixin, cls)._set_backend(name, dryrun)\n    |     ~~~~~~~~~~~~~~~~~~~~~~~~~~~~~~~~~~~~~~~~~~~~~^^^^^^^^^^^^^^\n    |   File \"C:\\Users\\Hitansh\\AppData\\Local\\Programs\\Python\\Python313\\Lib\\site-packages\\passlib\\utils\\handlers.py\", line 2224, in _set_backend\n    |     ok = loader(**kwds)\n    |   File \"C:\\Users\\Hitansh\\AppData\\Local\\Programs\\Python\\Python313\\Lib\\site-packages\\passlib\\handlers\\bcrypt.py\", line 626, in _load_backend_mixin\n    |     return mixin_cls._finalize_backend_mixin(name, dryrun)\n    |            ~~~~~~~~~~~~~~~~~~~~~~~~~~~~~~~~~^^^^^^^^^^^^^^\n    |   File \"C:\\Users\\Hitansh\\AppData\\Local\\Programs\\Python\\Python313\\Lib\\site-packages\\passlib\\handlers\\bcrypt.py\", line 421, in _finalize_backend_mixin\n    |     if detect_wrap_bug(IDENT_2A):\n    |        ~~~~~~~~~~~~~~~^^^^^^^^^^\n    |   File \"C:\\Users\\Hitansh\\AppData\\Local\\Programs\\Python\\Python313\\Lib\\site-packages\\passlib\\handlers\\bcrypt.py\", line 380, in detect_wrap_bug\n    |     if verify(secret, bug_hash):\n    |        ~~~~~~^^^^^^^^^^^^^^^^^^\n    |   File \"C:\\Users\\Hitansh\\AppData\\Local\\Programs\\Python\\Python313\\Lib\\site-packages\\passlib\\utils\\handlers.py\", line 792, in verify\n    |     return consteq(self._calc_checksum(secret), chk)\n    |                    ~~~~~~~~~~~~~~~~~~~^^^^^^^^\n    |   File \"C:\\Users\\Hitansh\\AppData\\Local\\Programs\\Python\\Python313\\Lib\\site-packages\\passlib\\handlers\\bcrypt.py\", line 655, in _calc_checksum\n    |     hash = _bcrypt.hashpw(secret, config)\n    | ValueError: password cannot be longer than 72 bytes, truncate manually if necessary (e.g. my_password[:72])\n    +------------------------------------\n\nDuring handling of the above exception, another exception occurred:\n\nTraceback (most recent call last):\n  File \"C:\\Users\\Hitansh\\AppData\\Local\\Programs\\Python\\Python313\\Lib\\site-packages\\starlette\\middleware\\errors.py\", line 165, in __call__\n    await self.app(scope, receive, _send)\n  File \"C:\\Users\\Hitansh\\AppData\\Local\\Programs\\Python\\Python313\\Lib\\site-packages\\starlette\\middleware\\base.py\", line 185, in __call__\n    with collapse_excgroups():\n         ~~~~~~~~~~~~~~~~~~^^\n  File \"C:\\Users\\Hitansh\\AppData\\Local\\Programs\\Python\\Python313\\Lib\\contextlib.py\", line 162, in __exit__\n    self.gen.throw(value)\n    ~~~~~~~~~~~~~~^^^^^^^\n  File \"C:\\Users\\Hitansh\\AppData\\Local\\Programs\\Python\\Python313\\Lib\\site-packages\\starlette\\_utils.py\", line 82, in collapse_excgroups\n    raise exc\n  File \"C:\\Users\\Hitansh\\AppData\\Local\\Programs\\Python\\Python313\\Lib\\site-packages\\starlette\\middleware\\base.py\", line 187, in __call__\n    response = await self.dispatch_func(request, call_next)\n               ^^^^^^^^^^^^^^^^^^^^^^^^^^^^^^^^^^^^^^^^^^^^\n  File \"C:\\Users\\Hitansh\\Desktop\\Nexgen\\Finances\\Backend\\app\\main.py\", line 61, in dispatch\n    response = await call_next(request)\n               ^^^^^^^^^^^^^^^^^^^^^^^^\n  File \"C:\\Users\\Hitansh\\AppData\\Local\\Programs\\Python\\Python313\\Lib\\site-packages\\starlette\\middleware\\base.py\", line 163, in call_next\n    raise app_exc\n  File \"C:\\Users\\Hitansh\\AppData\\Local\\Programs\\Python\\Python313\\Lib\\site-packages\\starlette\\middleware\\base.py\", line 149, in coro\n    await self.app(scope, receive_or_disconnect, send_no_error)\n  File \"C:\\Users\\Hitansh\\AppData\\Local\\Programs\\Python\\Python313\\Lib\\site-packages\\starlette\\middleware\\cors.py\", line 85, in __call__\n    await self.app(scope, receive, send)\n  File \"C:\\Users\\Hitansh\\AppData\\Local\\Programs\\Python\\Python313\\Lib\\site-packages\\starlette\\middleware\\gzip.py\", line 22, in __call__\n    await self.app(scope, receive, send)\n  File \"C:\\Users\\Hitansh\\AppData\\Local\\Programs\\Python\\Python313\\Lib\\site-packages\\starlette\\middleware\\exceptions.py\", line 62, in __call__\n    await wrap_app_handling_exceptions(self.app, conn)(scope, receive, send)\n  File \"C:\\Users\\Hitansh\\AppData\\Local\\Programs\\Python\\Python313\\Lib\\site-packages\\starlette\\_exception_handler.py\", line 53, in wrapped_app\n    raise exc\n  File \"C:\\Users\\Hitansh\\AppData\\Local\\Programs\\Python\\Python313\\Lib\\site-packages\\starlette\\_exception_handler.py\", line 42, in wrapped_app\n    await app(scope, receive, sender)\n  File \"C:\\Users\\Hitansh\\AppData\\Local\\Programs\\Python\\Python313\\Lib\\site-packages\\fastapi\\middleware\\asyncexitstack.py\", line 18, in __call__\n    await self.app(scope, receive, send)\n  File \"C:\\Users\\Hitansh\\AppData\\Local\\Programs\\Python\\Python313\\Lib\\site-packages\\starlette\\routing.py\", line 715, in __call__\n    await self.middleware_stack(scope, receive, send)\n  File \"C:\\Users\\Hitansh\\AppData\\Local\\Programs\\Python\\Python313\\Lib\\site-packages\\starlette\\routing.py\", line 735, in app\n    await route.handle(scope, receive, send)\n  File \"C:\\Users\\Hitansh\\AppData\\Local\\Programs\\Python\\Python313\\Lib\\site-packages\\starlette\\routing.py\", line 288, in handle\n    await self.app(scope, receive, send)\n  File \"C:\\Users\\Hitansh\\AppData\\Local\\Programs\\Python\\Python313\\Lib\\site-packages\\fastapi\\routing.py\", line 119, in app\n    await wrap_app_handling_exceptions(app, request)(scope, receive, send)\n  File \"C:\\Users\\Hitansh\\AppData\\Local\\Programs\\Python\\Python313\\Lib\\site-packages\\starlette\\_exception_handler.py\", line 53, in wrapped_app\n    raise exc\n  File \"C:\\Users\\Hitansh\\AppData\\Local\\Programs\\Python\\Python313\\Lib\\site-packages\\starlette\\_exception_handler.py\", line 42, in wrapped_app\n    await app(scope, receive, sender)\n  File \"C:\\Users\\Hitansh\\AppData\\Local\\Programs\\Python\\Python313\\Lib\\site-packages\\fastapi\\routing.py\", line 105, in app\n    response = await f(request)\n               ^^^^^^^^^^^^^^^^\n  File \"C:\\Users\\Hitansh\\AppData\\Local\\Programs\\Python\\Python313\\Lib\\site-packages\\fastapi\\routing.py\", line 424, in app\n    raw_response = await run_endpoint_function(\n                   ^^^^^^^^^^^^^^^^^^^^^^^^^^^^\n    ...<3 lines>...\n    )\n    ^\n  File \"C:\\Users\\Hitansh\\AppData\\Local\\Programs\\Python\\Python313\\Lib\\site-packages\\fastapi\\routing.py\", line 314, in run_endpoint_function\n    return await run_in_threadpool(dependant.call, **values)\n           ^^^^^^^^^^^^^^^^^^^^^^^^^^^^^^^^^^^^^^^^^^^^^^^^^\n  File \"C:\\Users\\Hitansh\\AppData\\Local\\Programs\\Python\\Python313\\Lib\\site-packages\\starlette\\concurrency.py\", line 39, in run_in_threadpool\n    return await anyio.to_thread.run_sync(func, *args)\n           ^^^^^^^^^^^^^^^^^^^^^^^^^^^^^^^^^^^^^^^^^^^\n  File \"C:\\Users\\Hitansh\\AppData\\Local\\Programs\\Python\\Python313\\Lib\\site-packages\\anyio\\to_thread.py\", line 56, in run_sync\n    return await get_async_backend().run_sync_in_worker_thread(\n           ^^^^^^^^^^^^^^^^^^^^^^^^^^^^^^^^^^^^^^^^^^^^^^^^^^^^\n        func, args, abandon_on_cancel=abandon_on_cancel, limiter=limiter\n        ^^^^^^^^^^^^^^^^^^^^^^^^^^^^^^^^^^^^^^^^^^^^^^^^^^^^^^^^^^^^^^^^\n    )\n    ^\n  File \"C:\\Users\\Hitansh\\AppData\\Local\\Programs\\Python\\Python313\\Lib\\site-packages\\anyio\\_backends\\_asyncio.py\", line 2476, in run_sync_in_worker_thread\n    return await future\n           ^^^^^^^^^^^^\n  File \"C:\\Users\\Hitansh\\AppData\\Local\\Programs\\Python\\Python313\\Lib\\site-packages\\anyio\\_backends\\_asyncio.py\", line 967, in run\n    result = context.run(func, *args)\n  File \"C:\\Users\\Hitansh\\Desktop\\Nexgen\\Finances\\Backend\\app\\apis\\auth.py\", line 151, in signup\n    user = create_user(request.username, request.email, request.password)\n  File \"C:\\Users\\Hitansh\\Desktop\\Nexgen\\Finances\\Backend\\app\\apis\\auth.py\", line 60, in create_user\n    password_hash = hash_password(password)\n  File \"C:\\Users\\Hitansh\\Desktop\\Nexgen\\Finances\\Backend\\app\\auth.py\", line 28, in hash_password\n    return pwd_context.hash(password)\n           ~~~~~~~~~~~~~~~~^^^^^^^^^^\n  File \"C:\\Users\\Hitansh\\AppData\\Local\\Programs\\Python\\Python313\\Lib\\site-packages\\passlib\\context.py\", line 2258, in hash\n    return record.hash(secret, **kwds)\n           ~~~~~~~~~~~^^^^^^^^^^^^^^^^\n  File \"C:\\Users\\Hitansh\\AppData\\Local\\Programs\\Python\\Python313\\Lib\\site-packages\\passlib\\utils\\handlers.py\", line 779, in hash\n    self.checksum = self._calc_checksum(secret)\n                    ~~~~~~~~~~~~~~~~~~~^^^^^^^^\n  File \"C:\\Users\\Hitansh\\AppData\\Local\\Programs\\Python\\Python313\\Lib\\site-packages\\passlib\\handlers\\bcrypt.py\", line 591, in _calc_checksum\n    self._stub_requires_backend()\n    ~~~~~~~~~~~~~~~~~~~~~~~~~~~^^\n  File \"C:\\Users\\Hitansh\\AppData\\Local\\Programs\\Python\\Python313\\Lib\\site-packages\\passlib\\utils\\handlers.py\", line 2254, in _stub_requires_backend\n    cls.set_backend()\n    ~~~~~~~~~~~~~~~^^\n  File \"C:\\Users\\Hitansh\\AppData\\Local\\Programs\\Python\\Python313\\Lib\\site-packages\\passlib\\utils\\handlers.py\", line 2156, in set_backend\n    return owner.set_backend(name, dryrun=dryrun)\n           ~~~~~~~~~~~~~~~~~^^^^^^^^^^^^^^^^^^^^^\n  File \"C:\\Users\\Hitansh\\AppData\\Local\\Programs\\Python\\Python313\\Lib\\site-packages\\passlib\\utils\\handlers.py\", line 2163, in set_backend\n    return cls.set_backend(name, dryrun=dryrun)\n           ~~~~~~~~~~~~~~~^^^^^^^^^^^^^^^^^^^^^\n  File \"C:\\Users\\Hitansh\\AppData\\Local\\Programs\\Python\\Python313\\Lib\\site-packages\\passlib\\utils\\handlers.py\", line 2188, in set_backend\n    cls._set_backend(name, dryrun)\n    ~~~~~~~~~~~~~~~~^^^^^^^^^^^^^^\n  File \"C:\\Users\\Hitansh\\AppData\\Local\\Programs\\Python\\Python313\\Lib\\site-packages\\passlib\\utils\\handlers.py\", line 2311, in _set_backend\n    super(SubclassBackendMixin, cls)._set_backend(name, dryrun)\n    ~~~~~~~~~~~~~~~~~~~~~~~~~~~~~~~~~~~~~~~~~~~~~^^^^^^^^^^^^^^\n  File \"C:\\Users\\Hitansh\\AppData\\Local\\Programs\\Python\\Python313\\Lib\\site-packages\\passlib\\utils\\handlers.py\", line 2224, in _set_backend\n    ok = loader(**kwds)\n  File \"C:\\Users\\Hitansh\\AppData\\Local\\Programs\\Python\\Python313\\Lib\\site-packages\\passlib\\handlers\\bcrypt.py\", line 626, in _load_backend_mixin\n    return mixin_cls._finalize_backend_mixin(name, dryrun)\n           ~~~~~~~~~~~~~~~~~~~~~~~~~~~~~~~~~^^^^^^^^^^^^^^\n  File \"C:\\Users\\Hitansh\\AppData\\Local\\Programs\\Python\\Python313\\Lib\\site-packages\\passlib\\handlers\\bcrypt.py\", line 421, in _finalize_backend_mixin\n    if detect_wrap_bug(IDENT_2A):\n       ~~~~~~~~~~~~~~~^^^^^^^^^^\n  File \"C:\\Users\\Hitansh\\AppData\\Local\\Programs\\Python\\Python313\\Lib\\site-packages\\passlib\\handlers\\bcrypt.py\", line 380, in detect_wrap_bug\n    if verify(secret, bug_hash):\n       ~~~~~~^^^^^^^^^^^^^^^^^^\n  File \"C:\\Users\\Hitansh\\AppData\\Local\\Programs\\Python\\Python313\\Lib\\site-packages\\passlib\\utils\\handlers.py\", line 792, in verify\n    return consteq(self._calc_checksum(secret), chk)\n                   ~~~~~~~~~~~~~~~~~~~^^^^^^^^\n  File \"C:\\Users\\Hitansh\\AppData\\Local\\Programs\\Python\\Python313\\Lib\\site-packages\\passlib\\handlers\\bcrypt.py\", line 655, in _calc_checksum\n    hash = _bcrypt.hashpw(secret, config)\nValueError: password cannot be longer than 72 bytes, truncate manually if necessary (e.g. my_password[:72])"}
{"asctime": "2026-02-22 14:06:25,970", "name": "app.apis.auth", "levelname": "ERROR", "message": "Error creating user: password cannot be longer than 72 bytes, truncate manually if necessary (e.g. my_password[:72])"}
{"asctime": "2026-02-22 14:06:25,972", "name": "app.exceptions", "levelname": "ERROR", "message": "Unhandled Exception: ValueError - password cannot be longer than 72 bytes, truncate manually if necessary (e.g. my_password[:72])", "exc_info": "  + Exception Group Traceback (most recent call last):\n  |   File \"C:\\Users\\Hitansh\\AppData\\Local\\Programs\\Python\\Python313\\Lib\\site-packages\\starlette\\_utils.py\", line 76, in collapse_excgroups\n  |     yield\n  |   File \"C:\\Users\\Hitansh\\AppData\\Local\\Programs\\Python\\Python313\\Lib\\site-packages\\starlette\\middleware\\base.py\", line 186, in __call__\n  |     async with anyio.create_task_group() as task_group:\n  |                ~~~~~~~~~~~~~~~~~~~~~~~^^\n  |   File \"C:\\Users\\Hitansh\\AppData\\Local\\Programs\\Python\\Python313\\Lib\\site-packages\\anyio\\_backends\\_asyncio.py\", line 772, in __aexit__\n  |     raise BaseExceptionGroup(\n  |         \"unhandled errors in a TaskGroup\", self._exceptions\n  |     ) from None\n  | ExceptionGroup: unhandled errors in a TaskGroup (1 sub-exception)\n  +-+---------------- 1 ----------------\n    | Traceback (most recent call last):\n    |   File \"C:\\Users\\Hitansh\\AppData\\Local\\Programs\\Python\\Python313\\Lib\\site-packages\\starlette\\middleware\\errors.py\", line 165, in __call__\n    |     await self.app(scope, receive, _send)\n    |   File \"C:\\Users\\Hitansh\\AppData\\Local\\Programs\\Python\\Python313\\Lib\\site-packages\\starlette\\middleware\\base.py\", line 185, in __call__\n    |     with collapse_excgroups():\n    |          ~~~~~~~~~~~~~~~~~~^^\n    |   File \"C:\\Users\\Hitansh\\AppData\\Local\\Programs\\Python\\Python313\\Lib\\contextlib.py\", line 162, in __exit__\n    |     self.gen.throw(value)\n    |     ~~~~~~~~~~~~~~^^^^^^^\n    |   File \"C:\\Users\\Hitansh\\AppData\\Local\\Programs\\Python\\Python313\\Lib\\site-packages\\starlette\\_utils.py\", line 82, in collapse_excgroups\n    |     raise exc\n    |   File \"C:\\Users\\Hitansh\\AppData\\Local\\Programs\\Python\\Python313\\Lib\\site-packages\\starlette\\middleware\\base.py\", line 187, in __call__\n    |     response = await self.dispatch_func(request, call_next)\n    |                ^^^^^^^^^^^^^^^^^^^^^^^^^^^^^^^^^^^^^^^^^^^^\n    |   File \"C:\\Users\\Hitansh\\Desktop\\Nexgen\\Finances\\Backend\\app\\main.py\", line 61, in dispatch\n    |     response = await call_next(request)\n    |                ^^^^^^^^^^^^^^^^^^^^^^^^\n    |   File \"C:\\Users\\Hitansh\\AppData\\Local\\Programs\\Python\\Python313\\Lib\\site-packages\\starlette\\middleware\\base.py\", line 163, in call_next\n    |     raise app_exc\n    |   File \"C:\\Users\\Hitansh\\AppData\\Local\\Programs\\Python\\Python313\\Lib\\site-packages\\starlette\\middleware\\base.py\", line 149, in coro\n    |     await self.app(scope, receive_or_disconnect, send_no_error)\n    |   File \"C:\\Users\\Hitansh\\AppData\\Local\\Programs\\Python\\Python313\\Lib\\site-packages\\starlette\\middleware\\cors.py\", line 85, in __call__\n    |     await self.app(scope, receive, send)\n    |   File \"C:\\Users\\Hitansh\\AppData\\Local\\Programs\\Python\\Python313\\Lib\\site-packages\\starlette\\middleware\\gzip.py\", line 22, in __call__\n    |     await self.app(scope, receive, send)\n    |   File \"C:\\Users\\Hitansh\\AppData\\Local\\Programs\\Python\\Python313\\Lib\\site-packages\\starlette\\middleware\\exceptions.py\", line 62, in __call__\n    |     await wrap_app_handling_exceptions(self.app, conn)(scope, receive, send)\n    |   File \"C:\\Users\\Hitansh\\AppData\\Local\\Programs\\Python\\Python313\\Lib\\site-packages\\starlette\\_exception_handler.py\", line 53, in wrapped_app\n    |     raise exc\n    |   File \"C:\\Users\\Hitansh\\AppData\\Local\\Programs\\Python\\Python313\\Lib\\site-packages\\starlette\\_exception_handler.py\", line 42, in wrapped_app\n    |     await app(scope, receive, sender)\n    |   File \"C:\\Users\\Hitansh\\AppData\\Local\\Programs\\Python\\Python313\\Lib\\site-packages\\fastapi\\middleware\\asyncexitstack.py\", line 18, in __call__\n    |     await self.app(scope, receive, send)\n    |   File \"C:\\Users\\Hitansh\\AppData\\Local\\Programs\\Python\\Python313\\Lib\\site-packages\\starlette\\routing.py\", line 715, in __call__\n    |     await self.middleware_stack(scope, receive, send)\n    |   File \"C:\\Users\\Hitansh\\AppData\\Local\\Programs\\Python\\Python313\\Lib\\site-packages\\starlette\\routing.py\", line 735, in app\n    |     await route.handle(scope, receive, send)\n    |   File \"C:\\Users\\Hitansh\\AppData\\Local\\Programs\\Python\\Python313\\Lib\\site-packages\\starlette\\routing.py\", line 288, in handle\n    |     await self.app(scope, receive, send)\n    |   File \"C:\\Users\\Hitansh\\AppData\\Local\\Programs\\Python\\Python313\\Lib\\site-packages\\fastapi\\routing.py\", line 119, in app\n    |     await wrap_app_handling_exceptions(app, request)(scope, receive, send)\n    |   File \"C:\\Users\\Hitansh\\AppData\\Local\\Programs\\Python\\Python313\\Lib\\site-packages\\starlette\\_exception_handler.py\", line 53, in wrapped_app\n    |     raise exc\n    |   File \"C:\\Users\\Hitansh\\AppData\\Local\\Programs\\Python\\Python313\\Lib\\site-packages\\starlette\\_exception_handler.py\", line 42, in wrapped_app\n    |     await app(scope, receive, sender)\n    |   File \"C:\\Users\\Hitansh\\AppData\\Local\\Programs\\Python\\Python313\\Lib\\site-packages\\fastapi\\routing.py\", line 105, in app\n    |     response = await f(request)\n    |                ^^^^^^^^^^^^^^^^\n    |   File \"C:\\Users\\Hitansh\\AppData\\Local\\Programs\\Python\\Python313\\Lib\\site-packages\\fastapi\\routing.py\", line 424, in app\n    |     raw_response = await run_endpoint_function(\n    |                    ^^^^^^^^^^^^^^^^^^^^^^^^^^^^\n    |     ...<3 lines>...\n    |     )\n    |     ^\n    |   File \"C:\\Users\\Hitansh\\AppData\\Local\\Programs\\Python\\Python313\\Lib\\site-packages\\fastapi\\routing.py\", line 314, in run_endpoint_function\n    |     return await run_in_threadpool(dependant.call, **values)\n    |            ^^^^^^^^^^^^^^^^^^^^^^^^^^^^^^^^^^^^^^^^^^^^^^^^^\n    |   File \"C:\\Users\\Hitansh\\AppData\\Local\\Programs\\Python\\Python313\\Lib\\site-packages\\starlette\\concurrency.py\", line 39, in run_in_threadpool\n    |     return await anyio.to_thread.run_sync(func, *args)\n    |            ^^^^^^^^^^^^^^^^^^^^^^^^^^^^^^^^^^^^^^^^^^^\n    |   File \"C:\\Users\\Hitansh\\AppData\\Local\\Programs\\Python\\Python313\\Lib\\site-packages\\anyio\\to_thread.py\", line 56, in run_sync\n    |     return await get_async_backend().run_sync_in_worker_thread(\n    |            ^^^^^^^^^^^^^^^^^^^^^^^^^^^^^^^^^^^^^^^^^^^^^^^^^^^^\n    |         func, args, abandon_on_cancel=abandon_on_cancel, limiter=limiter\n    |         ^^^^^^^^^^^^^^^^^^^^^^^^^^^^^^^^^^^^^^^^^^^^^^^^^^^^^^^^^^^^^^^^\n    |     )\n    |     ^\n    |   File \"C:\\Users\\Hitansh\\AppData\\Local\\Programs\\Python\\Python313\\Lib\\site-packages\\anyio\\_backends\\_asyncio.py\", line 2476, in run_sync_in_worker_thread\n    |     return await future\n    |            ^^^^^^^^^^^^\n    |   File \"C:\\Users\\Hitansh\\AppData\\Local\\Programs\\Python\\Python313\\Lib\\site-packages\\anyio\\_backends\\_asyncio.py\", line 967, in run\n    |     result = context.run(func, *args)\n    |   File \"C:\\Users\\Hitansh\\Desktop\\Nexgen\\Finances\\Backend\\app\\apis\\auth.py\", line 151, in signup\n    |     user = create_user(request.username, request.email, request.password)\n    |   File \"C:\\Users\\Hitansh\\Desktop\\Nexgen\\Finances\\Backend\\app\\apis\\auth.py\", line 60, in create_user\n    |     password_hash = hash_password(password)\n    |   File \"C:\\Users\\Hitansh\\Desktop\\Nexgen\\Finances\\Backend\\app\\auth.py\", line 28, in hash_password\n    |     return pwd_context.hash(password)\n    |            ~~~~~~~~~~~~~~~~^^^^^^^^^^\n    |   File \"C:\\Users\\Hitansh\\AppData\\Local\\Programs\\Python\\Python313\\Lib\\site-packages\\passlib\\context.py\", line 2258, in hash\n    |     return record.hash(secret, **kwds)\n    |            ~~~~~~~~~~~^^^^^^^^^^^^^^^^\n    |   File \"C:\\Users\\Hitansh\\AppData\\Local\\Programs\\Python\\Python313\\Lib\\site-packages\\passlib\\utils\\handlers.py\", line 779, in hash\n    |     self.checksum = self._calc_checksum(secret)\n    |                     ~~~~~~~~~~~~~~~~~~~^^^^^^^^\n    |   File \"C:\\Users\\Hitansh\\AppData\\Local\\Programs\\Python\\Python313\\Lib\\site-packages\\passlib\\handlers\\bcrypt.py\", line 591, in _calc_checksum\n    |     self._stub_requires_backend()\n    |     ~~~~~~~~~~~~~~~~~~~~~~~~~~~^^\n    |   File \"C:\\Users\\Hitansh\\AppData\\Local\\Programs\\Python\\Python313\\Lib\\site-packages\\passlib\\utils\\handlers.py\", line 2254, in _stub_requires_backend\n    |     cls.set_backend()\n    |     ~~~~~~~~~~~~~~~^^\n    |   File \"C:\\Users\\Hitansh\\AppData\\Local\\Programs\\Python\\Python313\\Lib\\site-packages\\passlib\\utils\\handlers.py\", line 2156, in set_backend\n    |     return owner.set_backend(name, dryrun=dryrun)\n    |            ~~~~~~~~~~~~~~~~~^^^^^^^^^^^^^^^^^^^^^\n    |   File \"C:\\Users\\Hitansh\\AppData\\Local\\Programs\\Python\\Python313\\Lib\\site-packages\\passlib\\utils\\handlers.py\", line 2163, in set_backend\n    |     return cls.set_backend(name, dryrun=dryrun)\n    |            ~~~~~~~~~~~~~~~^^^^^^^^^^^^^^^^^^^^^\n    |   File \"C:\\Users\\Hitansh\\AppData\\Local\\Programs\\Python\\Python313\\Lib\\site-packages\\passlib\\utils\\handlers.py\", line 2188, in set_backend\n    |     cls._set_backend(name, dryrun)\n    |     ~~~~~~~~~~~~~~~~^^^^^^^^^^^^^^\n    |   File \"C:\\Users\\Hitansh\\AppData\\Local\\Programs\\Python\\Python313\\Lib\\site-packages\\passlib\\utils\\handlers.py\", line 2311, in _set_backend\n    |     super(SubclassBackendMixin, cls)._set_backend(name, dryrun)\n    |     ~~~~~~~~~~~~~~~~~~~~~~~~~~~~~~~~~~~~~~~~~~~~~^^^^^^^^^^^^^^\n    |   File \"C:\\Users\\Hitansh\\AppData\\Local\\Programs\\Python\\Python313\\Lib\\site-packages\\passlib\\utils\\handlers.py\", line 2224, in _set_backend\n    |     ok = loader(**kwds)\n    |   File \"C:\\Users\\Hitansh\\AppData\\Local\\Programs\\Python\\Python313\\Lib\\site-packages\\passlib\\handlers\\bcrypt.py\", line 626, in _load_backend_mixin\n    |     return mixin_cls._finalize_backend_mixin(name, dryrun)\n    |            ~~~~~~~~~~~~~~~~~~~~~~~~~~~~~~~~~^^^^^^^^^^^^^^\n    |   File \"C:\\Users\\Hitansh\\AppData\\Local\\Programs\\Python\\Python313\\Lib\\site-packages\\passlib\\handlers\\bcrypt.py\", line 421, in _finalize_backend_mixin\n    |     if detect_wrap_bug(IDENT_2A):\n    |        ~~~~~~~~~~~~~~~^^^^^^^^^^\n    |   File \"C:\\Users\\Hitansh\\AppData\\Local\\Programs\\Python\\Python313\\Lib\\site-packages\\passlib\\handlers\\bcrypt.py\", line 380, in detect_wrap_bug\n    |     if verify(secret, bug_hash):\n    |        ~~~~~~^^^^^^^^^^^^^^^^^^\n    |   File \"C:\\Users\\Hitansh\\AppData\\Local\\Programs\\Python\\Python313\\Lib\\site-packages\\passlib\\utils\\handlers.py\", line 792, in verify\n    |     return consteq(self._calc_checksum(secret), chk)\n    |                    ~~~~~~~~~~~~~~~~~~~^^^^^^^^\n    |   File \"C:\\Users\\Hitansh\\AppData\\Local\\Programs\\Python\\Python313\\Lib\\site-packages\\passlib\\handlers\\bcrypt.py\", line 655, in _calc_checksum\n    |     hash = _bcrypt.hashpw(secret, config)\n    | ValueError: password cannot be longer than 72 bytes, truncate manually if necessary (e.g. my_password[:72])\n    +------------------------------------\n\nDuring handling of the above exception, another exception occurred:\n\nTraceback (most recent call last):\n  File \"C:\\Users\\Hitansh\\AppData\\Local\\Programs\\Python\\Python313\\Lib\\site-packages\\starlette\\middleware\\errors.py\", line 165, in __call__\n    await self.app(scope, receive, _send)\n  File \"C:\\Users\\Hitansh\\AppData\\Local\\Programs\\Python\\Python313\\Lib\\site-packages\\starlette\\middleware\\base.py\", line 185, in __call__\n    with collapse_excgroups():\n         ~~~~~~~~~~~~~~~~~~^^\n  File \"C:\\Users\\Hitansh\\AppData\\Local\\Programs\\Python\\Python313\\Lib\\contextlib.py\", line 162, in __exit__\n    self.gen.throw(value)\n    ~~~~~~~~~~~~~~^^^^^^^\n  File \"C:\\Users\\Hitansh\\AppData\\Local\\Programs\\Python\\Python313\\Lib\\site-packages\\starlette\\_utils.py\", line 82, in collapse_excgroups\n    raise exc\n  File \"C:\\Users\\Hitansh\\AppData\\Local\\Programs\\Python\\Python313\\Lib\\site-packages\\starlette\\middleware\\base.py\", line 187, in __call__\n    response = await self.dispatch_func(request, call_next)\n               ^^^^^^^^^^^^^^^^^^^^^^^^^^^^^^^^^^^^^^^^^^^^\n  File \"C:\\Users\\Hitansh\\Desktop\\Nexgen\\Finances\\Backend\\app\\main.py\", line 61, in dispatch\n    response = await call_next(request)\n               ^^^^^^^^^^^^^^^^^^^^^^^^\n  File \"C:\\Users\\Hitansh\\AppData\\Local\\Programs\\Python\\Python313\\Lib\\site-packages\\starlette\\middleware\\base.py\", line 163, in call_next\n    raise app_exc\n  File \"C:\\Users\\Hitansh\\AppData\\Local\\Programs\\Python\\Python313\\Lib\\site-packages\\starlette\\middleware\\base.py\", line 149, in coro\n    await self.app(scope, receive_or_disconnect, send_no_error)\n  File \"C:\\Users\\Hitansh\\AppData\\Local\\Programs\\Python\\Python313\\Lib\\site-packages\\starlette\\middleware\\cors.py\", line 85, in __call__\n    await self.app(scope, receive, send)\n  File \"C:\\Users\\Hitansh\\AppData\\Local\\Programs\\Python\\Python313\\Lib\\site-packages\\starlette\\middleware\\gzip.py\", line 22, in __call__\n    await self.app(scope, receive, send)\n  File \"C:\\Users\\Hitansh\\AppData\\Local\\Programs\\Python\\Python313\\Lib\\site-packages\\starlette\\middleware\\exceptions.py\", line 62, in __call__\n    await wrap_app_handling_exceptions(self.app, conn)(scope, receive, send)\n  File \"C:\\Users\\Hitansh\\AppData\\Local\\Programs\\Python\\Python313\\Lib\\site-packages\\starlette\\_exception_handler.py\", line 53, in wrapped_app\n    raise exc\n  File \"C:\\Users\\Hitansh\\AppData\\Local\\Programs\\Python\\Python313\\Lib\\site-packages\\starlette\\_exception_handler.py\", line 42, in wrapped_app\n    await app(scope, receive, sender)\n  File \"C:\\Users\\Hitansh\\AppData\\Local\\Programs\\Python\\Python313\\Lib\\site-packages\\fastapi\\middleware\\asyncexitstack.py\", line 18, in __call__\n    await self.app(scope, receive, send)\n  File \"C:\\Users\\Hitansh\\AppData\\Local\\Programs\\Python\\Python313\\Lib\\site-packages\\starlette\\routing.py\", line 715, in __call__\n    await self.middleware_stack(scope, receive, send)\n  File \"C:\\Users\\Hitansh\\AppData\\Local\\Programs\\Python\\Python313\\Lib\\site-packages\\starlette\\routing.py\", line 735, in app\n    await route.handle(scope, receive, send)\n  File \"C:\\Users\\Hitansh\\AppData\\Local\\Programs\\Python\\Python313\\Lib\\site-packages\\starlette\\routing.py\", line 288, in handle\n    await self.app(scope, receive, send)\n  File \"C:\\Users\\Hitansh\\AppData\\Local\\Programs\\Python\\Python313\\Lib\\site-packages\\fastapi\\routing.py\", line 119, in app\n    await wrap_app_handling_exceptions(app, request)(scope, receive, send)\n  File \"C:\\Users\\Hitansh\\AppData\\Local\\Programs\\Python\\Python313\\Lib\\site-packages\\starlette\\_exception_handler.py\", line 53, in wrapped_app\n    raise exc\n  File \"C:\\Users\\Hitansh\\AppData\\Local\\Programs\\Python\\Python313\\Lib\\site-packages\\starlette\\_exception_handler.py\", line 42, in wrapped_app\n    await app(scope, receive, sender)\n  File \"C:\\Users\\Hitansh\\AppData\\Local\\Programs\\Python\\Python313\\Lib\\site-packages\\fastapi\\routing.py\", line 105, in app\n    response = await f(request)\n               ^^^^^^^^^^^^^^^^\n  File \"C:\\Users\\Hitansh\\AppData\\Local\\Programs\\Python\\Python313\\Lib\\site-packages\\fastapi\\routing.py\", line 424, in app\n    raw_response = await run_endpoint_function(\n                   ^^^^^^^^^^^^^^^^^^^^^^^^^^^^\n    ...<3 lines>...\n    )\n    ^\n  File \"C:\\Users\\Hitansh\\AppData\\Local\\Programs\\Python\\Python313\\Lib\\site-packages\\fastapi\\routing.py\", line 314, in run_endpoint_function\n    return await run_in_threadpool(dependant.call, **values)\n           ^^^^^^^^^^^^^^^^^^^^^^^^^^^^^^^^^^^^^^^^^^^^^^^^^\n  File \"C:\\Users\\Hitansh\\AppData\\Local\\Programs\\Python\\Python313\\Lib\\site-packages\\starlette\\concurrency.py\", line 39, in run_in_threadpool\n    return await anyio.to_thread.run_sync(func, *args)\n           ^^^^^^^^^^^^^^^^^^^^^^^^^^^^^^^^^^^^^^^^^^^\n  File \"C:\\Users\\Hitansh\\AppData\\Local\\Programs\\Python\\Python313\\Lib\\site-packages\\anyio\\to_thread.py\", line 56, in run_sync\n    return await get_async_backend().run_sync_in_worker_thread(\n           ^^^^^^^^^^^^^^^^^^^^^^^^^^^^^^^^^^^^^^^^^^^^^^^^^^^^\n        func, args, abandon_on_cancel=abandon_on_cancel, limiter=limiter\n        ^^^^^^^^^^^^^^^^^^^^^^^^^^^^^^^^^^^^^^^^^^^^^^^^^^^^^^^^^^^^^^^^\n    )\n    ^\n  File \"C:\\Users\\Hitansh\\AppData\\Local\\Programs\\Python\\Python313\\Lib\\site-packages\\anyio\\_backends\\_asyncio.py\", line 2476, in run_sync_in_worker_thread\n    return await future\n           ^^^^^^^^^^^^\n  File \"C:\\Users\\Hitansh\\AppData\\Local\\Programs\\Python\\Python313\\Lib\\site-packages\\anyio\\_backends\\_asyncio.py\", line 967, in run\n    result = context.run(func, *args)\n  File \"C:\\Users\\Hitansh\\Desktop\\Nexgen\\Finances\\Backend\\app\\apis\\auth.py\", line 151, in signup\n    user = create_user(request.username, request.email, request.password)\n  File \"C:\\Users\\Hitansh\\Desktop\\Nexgen\\Finances\\Backend\\app\\apis\\auth.py\", line 60, in create_user\n    password_hash = hash_password(password)\n  File \"C:\\Users\\Hitansh\\Desktop\\Nexgen\\Finances\\Backend\\app\\auth.py\", line 28, in hash_password\n    return pwd_context.hash(password)\n           ~~~~~~~~~~~~~~~~^^^^^^^^^^\n  File \"C:\\Users\\Hitansh\\AppData\\Local\\Programs\\Python\\Python313\\Lib\\site-packages\\passlib\\context.py\", line 2258, in hash\n    return record.hash(secret, **kwds)\n           ~~~~~~~~~~~^^^^^^^^^^^^^^^^\n  File \"C:\\Users\\Hitansh\\AppData\\Local\\Programs\\Python\\Python313\\Lib\\site-packages\\passlib\\utils\\handlers.py\", line 779, in hash\n    self.checksum = self._calc_checksum(secret)\n                    ~~~~~~~~~~~~~~~~~~~^^^^^^^^\n  File \"C:\\Users\\Hitansh\\AppData\\Local\\Programs\\Python\\Python313\\Lib\\site-packages\\passlib\\handlers\\bcrypt.py\", line 591, in _calc_checksum\n    self._stub_requires_backend()\n    ~~~~~~~~~~~~~~~~~~~~~~~~~~~^^\n  File \"C:\\Users\\Hitansh\\AppData\\Local\\Programs\\Python\\Python313\\Lib\\site-packages\\passlib\\utils\\handlers.py\", line 2254, in _stub_requires_backend\n    cls.set_backend()\n    ~~~~~~~~~~~~~~~^^\n  File \"C:\\Users\\Hitansh\\AppData\\Local\\Programs\\Python\\Python313\\Lib\\site-packages\\passlib\\utils\\handlers.py\", line 2156, in set_backend\n    return owner.set_backend(name, dryrun=dryrun)\n           ~~~~~~~~~~~~~~~~~^^^^^^^^^^^^^^^^^^^^^\n  File \"C:\\Users\\Hitansh\\AppData\\Local\\Programs\\Python\\Python313\\Lib\\site-packages\\passlib\\utils\\handlers.py\", line 2163, in set_backend\n    return cls.set_backend(name, dryrun=dryrun)\n           ~~~~~~~~~~~~~~~^^^^^^^^^^^^^^^^^^^^^\n  File \"C:\\Users\\Hitansh\\AppData\\Local\\Programs\\Python\\Python313\\Lib\\site-packages\\passlib\\utils\\handlers.py\", line 2188, in set_backend\n    cls._set_backend(name, dryrun)\n    ~~~~~~~~~~~~~~~~^^^^^^^^^^^^^^\n  File \"C:\\Users\\Hitansh\\AppData\\Local\\Programs\\Python\\Python313\\Lib\\site-packages\\passlib\\utils\\handlers.py\", line 2311, in _set_backend\n    super(SubclassBackendMixin, cls)._set_backend(name, dryrun)\n    ~~~~~~~~~~~~~~~~~~~~~~~~~~~~~~~~~~~~~~~~~~~~~^^^^^^^^^^^^^^\n  File \"C:\\Users\\Hitansh\\AppData\\Local\\Programs\\Python\\Python313\\Lib\\site-packages\\passlib\\utils\\handlers.py\", line 2224, in _set_backend\n    ok = loader(**kwds)\n  File \"C:\\Users\\Hitansh\\AppData\\Local\\Programs\\Python\\Python313\\Lib\\site-packages\\passlib\\handlers\\bcrypt.py\", line 626, in _load_backend_mixin\n    return mixin_cls._finalize_backend_mixin(name, dryrun)\n           ~~~~~~~~~~~~~~~~~~~~~~~~~~~~~~~~~^^^^^^^^^^^^^^\n  File \"C:\\Users\\Hitansh\\AppData\\Local\\Programs\\Python\\Python313\\Lib\\site-packages\\passlib\\handlers\\bcrypt.py\", line 421, in _finalize_backend_mixin\n    if detect_wrap_bug(IDENT_2A):\n       ~~~~~~~~~~~~~~~^^^^^^^^^^\n  File \"C:\\Users\\Hitansh\\AppData\\Local\\Programs\\Python\\Python313\\Lib\\site-packages\\passlib\\handlers\\bcrypt.py\", line 380, in detect_wrap_bug\n    if verify(secret, bug_hash):\n       ~~~~~~^^^^^^^^^^^^^^^^^^\n  File \"C:\\Users\\Hitansh\\AppData\\Local\\Programs\\Python\\Python313\\Lib\\site-packages\\passlib\\utils\\handlers.py\", line 792, in verify\n    return consteq(self._calc_checksum(secret), chk)\n                   ~~~~~~~~~~~~~~~~~~~^^^^^^^^\n  File \"C:\\Users\\Hitansh\\AppData\\Local\\Programs\\Python\\Python313\\Lib\\site-packages\\passlib\\handlers\\bcrypt.py\", line 655, in _calc_checksum\n    hash = _bcrypt.hashpw(secret, config)\nValueError: password cannot be longer than 72 bytes, truncate manually if necessary (e.g. my_password[:72])"}
{"asctime": "2026-02-22 14:07:58,813", "name": "app.apis.auth", "levelname": "ERROR", "message": "Error creating user: password cannot be longer than 72 bytes, truncate manually if necessary (e.g. my_password[:72])"}
{"asctime": "2026-02-22 14:07:58,815", "name": "app.exceptions", "levelname": "ERROR", "message": "Unhandled Exception: ValueError - password cannot be longer than 72 bytes, truncate manually if necessary (e.g. my_password[:72])", "exc_info": "  + Exception Group Traceback (most recent call last):\n  |   File \"C:\\Users\\Hitansh\\AppData\\Local\\Programs\\Python\\Python313\\Lib\\site-packages\\starlette\\_utils.py\", line 76, in collapse_excgroups\n  |     yield\n  |   File \"C:\\Users\\Hitansh\\AppData\\Local\\Programs\\Python\\Python313\\Lib\\site-packages\\starlette\\middleware\\base.py\", line 186, in __call__\n  |     async with anyio.create_task_group() as task_group:\n  |                ~~~~~~~~~~~~~~~~~~~~~~~^^\n  |   File \"C:\\Users\\Hitansh\\AppData\\Local\\Programs\\Python\\Python313\\Lib\\site-packages\\anyio\\_backends\\_asyncio.py\", line 772, in __aexit__\n  |     raise BaseExceptionGroup(\n  |         \"unhandled errors in a TaskGroup\", self._exceptions\n  |     ) from None\n  | ExceptionGroup: unhandled errors in a TaskGroup (1 sub-exception)\n  +-+---------------- 1 ----------------\n    | Traceback (most recent call last):\n    |   File \"C:\\Users\\Hitansh\\AppData\\Local\\Programs\\Python\\Python313\\Lib\\site-packages\\starlette\\middleware\\errors.py\", line 165, in __call__\n    |     await self.app(scope, receive, _send)\n    |   File \"C:\\Users\\Hitansh\\AppData\\Local\\Programs\\Python\\Python313\\Lib\\site-packages\\starlette\\middleware\\base.py\", line 185, in __call__\n    |     with collapse_excgroups():\n    |          ~~~~~~~~~~~~~~~~~~^^\n    |   File \"C:\\Users\\Hitansh\\AppData\\Local\\Programs\\Python\\Python313\\Lib\\contextlib.py\", line 162, in __exit__\n    |     self.gen.throw(value)\n    |     ~~~~~~~~~~~~~~^^^^^^^\n    |   File \"C:\\Users\\Hitansh\\AppData\\Local\\Programs\\Python\\Python313\\Lib\\site-packages\\starlette\\_utils.py\", line 82, in collapse_excgroups\n    |     raise exc\n    |   File \"C:\\Users\\Hitansh\\AppData\\Local\\Programs\\Python\\Python313\\Lib\\site-packages\\starlette\\middleware\\base.py\", line 187, in __call__\n    |     response = await self.dispatch_func(request, call_next)\n    |                ^^^^^^^^^^^^^^^^^^^^^^^^^^^^^^^^^^^^^^^^^^^^\n    |   File \"C:\\Users\\Hitansh\\Desktop\\Nexgen\\Finances\\Backend\\app\\main.py\", line 61, in dispatch\n    |     response = await call_next(request)\n    |                ^^^^^^^^^^^^^^^^^^^^^^^^\n    |   File \"C:\\Users\\Hitansh\\AppData\\Local\\Programs\\Python\\Python313\\Lib\\site-packages\\starlette\\middleware\\base.py\", line 163, in call_next\n    |     raise app_exc\n    |   File \"C:\\Users\\Hitansh\\AppData\\Local\\Programs\\Python\\Python313\\Lib\\site-packages\\starlette\\middleware\\base.py\", line 149, in coro\n    |     await self.app(scope, receive_or_disconnect, send_no_error)\n    |   File \"C:\\Users\\Hitansh\\AppData\\Local\\Programs\\Python\\Python313\\Lib\\site-packages\\starlette\\middleware\\cors.py\", line 85, in __call__\n    |     await self.app(scope, receive, send)\n    |   File \"C:\\Users\\Hitansh\\AppData\\Local\\Programs\\Python\\Python313\\Lib\\site-packages\\starlette\\middleware\\gzip.py\", line 22, in __call__\n    |     await self.app(scope, receive, send)\n    |   File \"C:\\Users\\Hitansh\\AppData\\Local\\Programs\\Python\\Python313\\Lib\\site-packages\\starlette\\middleware\\exceptions.py\", line 62, in __call__\n    |     await wrap_app_handling_exceptions(self.app, conn)(scope, receive, send)\n    |   File \"C:\\Users\\Hitansh\\AppData\\Local\\Programs\\Python\\Python313\\Lib\\site-packages\\starlette\\_exception_handler.py\", line 53, in wrapped_app\n    |     raise exc\n    |   File \"C:\\Users\\Hitansh\\AppData\\Local\\Programs\\Python\\Python313\\Lib\\site-packages\\starlette\\_exception_handler.py\", line 42, in wrapped_app\n    |     await app(scope, receive, sender)\n    |   File \"C:\\Users\\Hitansh\\AppData\\Local\\Programs\\Python\\Python313\\Lib\\site-packages\\fastapi\\middleware\\asyncexitstack.py\", line 18, in __call__\n    |     await self.app(scope, receive, send)\n    |   File \"C:\\Users\\Hitansh\\AppData\\Local\\Programs\\Python\\Python313\\Lib\\site-packages\\starlette\\routing.py\", line 715, in __call__\n    |     await self.middleware_stack(scope, receive, send)\n    |   File \"C:\\Users\\Hitansh\\AppData\\Local\\Programs\\Python\\Python313\\Lib\\site-packages\\starlette\\routing.py\", line 735, in app\n    |     await route.handle(scope, receive, send)\n    |   File \"C:\\Users\\Hitansh\\AppData\\Local\\Programs\\Python\\Python313\\Lib\\site-packages\\starlette\\routing.py\", line 288, in handle\n    |     await self.app(scope, receive, send)\n    |   File \"C:\\Users\\Hitansh\\AppData\\Local\\Programs\\Python\\Python313\\Lib\\site-packages\\fastapi\\routing.py\", line 119, in app\n    |     await wrap_app_handling_exceptions(app, request)(scope, receive, send)\n    |   File \"C:\\Users\\Hitansh\\AppData\\Local\\Programs\\Python\\Python313\\Lib\\site-packages\\starlette\\_exception_handler.py\", line 53, in wrapped_app\n    |     raise exc\n    |   File \"C:\\Users\\Hitansh\\AppData\\Local\\Programs\\Python\\Python313\\Lib\\site-packages\\starlette\\_exception_handler.py\", line 42, in wrapped_app\n    |     await app(scope, receive, sender)\n    |   File \"C:\\Users\\Hitansh\\AppData\\Local\\Programs\\Python\\Python313\\Lib\\site-packages\\fastapi\\routing.py\", line 105, in app\n    |     response = await f(request)\n    |                ^^^^^^^^^^^^^^^^\n    |   File \"C:\\Users\\Hitansh\\AppData\\Local\\Programs\\Python\\Python313\\Lib\\site-packages\\fastapi\\routing.py\", line 424, in app\n    |     raw_response = await run_endpoint_function(\n    |                    ^^^^^^^^^^^^^^^^^^^^^^^^^^^^\n    |     ...<3 lines>...\n    |     )\n    |     ^\n    |   File \"C:\\Users\\Hitansh\\AppData\\Local\\Programs\\Python\\Python313\\Lib\\site-packages\\fastapi\\routing.py\", line 314, in run_endpoint_function\n    |     return await run_in_threadpool(dependant.call, **values)\n    |            ^^^^^^^^^^^^^^^^^^^^^^^^^^^^^^^^^^^^^^^^^^^^^^^^^\n    |   File \"C:\\Users\\Hitansh\\AppData\\Local\\Programs\\Python\\Python313\\Lib\\site-packages\\starlette\\concurrency.py\", line 39, in run_in_threadpool\n    |     return await anyio.to_thread.run_sync(func, *args)\n    |            ^^^^^^^^^^^^^^^^^^^^^^^^^^^^^^^^^^^^^^^^^^^\n    |   File \"C:\\Users\\Hitansh\\AppData\\Local\\Programs\\Python\\Python313\\Lib\\site-packages\\anyio\\to_thread.py\", line 56, in run_sync\n    |     return await get_async_backend().run_sync_in_worker_thread(\n    |            ^^^^^^^^^^^^^^^^^^^^^^^^^^^^^^^^^^^^^^^^^^^^^^^^^^^^\n    |         func, args, abandon_on_cancel=abandon_on_cancel, limiter=limiter\n    |         ^^^^^^^^^^^^^^^^^^^^^^^^^^^^^^^^^^^^^^^^^^^^^^^^^^^^^^^^^^^^^^^^\n    |     )\n    |     ^\n    |   File \"C:\\Users\\Hitansh\\AppData\\Local\\Programs\\Python\\Python313\\Lib\\site-packages\\anyio\\_backends\\_asyncio.py\", line 2476, in run_sync_in_worker_thread\n    |     return await future\n    |            ^^^^^^^^^^^^\n    |   File \"C:\\Users\\Hitansh\\AppData\\Local\\Programs\\Python\\Python313\\Lib\\site-packages\\anyio\\_backends\\_asyncio.py\", line 967, in run\n    |     result = context.run(func, *args)\n    |   File \"C:\\Users\\Hitansh\\Desktop\\Nexgen\\Finances\\Backend\\app\\apis\\auth.py\", line 151, in signup\n    |     user = create_user(request.username, request.email, request.password)\n    |   File \"C:\\Users\\Hitansh\\Desktop\\Nexgen\\Finances\\Backend\\app\\apis\\auth.py\", line 60, in create_user\n    |     password_hash = hash_password(password)\n    |   File \"C:\\Users\\Hitansh\\Desktop\\Nexgen\\Finances\\Backend\\app\\auth.py\", line 28, in hash_password\n    |     return pwd_context.hash(password)\n    |            ~~~~~~~~~~~~~~~~^^^^^^^^^^\n    |   File \"C:\\Users\\Hitansh\\AppData\\Local\\Programs\\Python\\Python313\\Lib\\site-packages\\passlib\\context.py\", line 2258, in hash\n    |     return record.hash(secret, **kwds)\n    |            ~~~~~~~~~~~^^^^^^^^^^^^^^^^\n    |   File \"C:\\Users\\Hitansh\\AppData\\Local\\Programs\\Python\\Python313\\Lib\\site-packages\\passlib\\utils\\handlers.py\", line 779, in hash\n    |     self.checksum = self._calc_checksum(secret)\n    |                     ~~~~~~~~~~~~~~~~~~~^^^^^^^^\n    |   File \"C:\\Users\\Hitansh\\AppData\\Local\\Programs\\Python\\Python313\\Lib\\site-packages\\passlib\\handlers\\bcrypt.py\", line 591, in _calc_checksum\n    |     self._stub_requires_backend()\n    |     ~~~~~~~~~~~~~~~~~~~~~~~~~~~^^\n    |   File \"C:\\Users\\Hitansh\\AppData\\Local\\Programs\\Python\\Python313\\Lib\\site-packages\\passlib\\utils\\handlers.py\", line 2254, in _stub_requires_backend\n    |     cls.set_backend()\n    |     ~~~~~~~~~~~~~~~^^\n    |   File \"C:\\Users\\Hitansh\\AppData\\Local\\Programs\\Python\\Python313\\Lib\\site-packages\\passlib\\utils\\handlers.py\", line 2156, in set_backend\n    |     return owner.set_backend(name, dryrun=dryrun)\n    |            ~~~~~~~~~~~~~~~~~^^^^^^^^^^^^^^^^^^^^^\n    |   File \"C:\\Users\\Hitansh\\AppData\\Local\\Programs\\Python\\Python313\\Lib\\site-packages\\passlib\\utils\\handlers.py\", line 2163, in set_backend\n    |     return cls.set_backend(name, dryrun=dryrun)\n    |            ~~~~~~~~~~~~~~~^^^^^^^^^^^^^^^^^^^^^\n    |   File \"C:\\Users\\Hitansh\\AppData\\Local\\Programs\\Python\\Python313\\Lib\\site-packages\\passlib\\utils\\handlers.py\", line 2188, in set_backend\n    |     cls._set_backend(name, dryrun)\n    |     ~~~~~~~~~~~~~~~~^^^^^^^^^^^^^^\n    |   File \"C:\\Users\\Hitansh\\AppData\\Local\\Programs\\Python\\Python313\\Lib\\site-packages\\passlib\\utils\\handlers.py\", line 2311, in _set_backend\n    |     super(SubclassBackendMixin, cls)._set_backend(name, dryrun)\n    |     ~~~~~~~~~~~~~~~~~~~~~~~~~~~~~~~~~~~~~~~~~~~~~^^^^^^^^^^^^^^\n    |   File \"C:\\Users\\Hitansh\\AppData\\Local\\Programs\\Python\\Python313\\Lib\\site-packages\\passlib\\utils\\handlers.py\", line 2224, in _set_backend\n    |     ok = loader(**kwds)\n    |   File \"C:\\Users\\Hitansh\\AppData\\Local\\Programs\\Python\\Python313\\Lib\\site-packages\\passlib\\handlers\\bcrypt.py\", line 626, in _load_backend_mixin\n    |     return mixin_cls._finalize_backend_mixin(name, dryrun)\n    |            ~~~~~~~~~~~~~~~~~~~~~~~~~~~~~~~~~^^^^^^^^^^^^^^\n    |   File \"C:\\Users\\Hitansh\\AppData\\Local\\Programs\\Python\\Python313\\Lib\\site-packages\\passlib\\handlers\\bcrypt.py\", line 421, in _finalize_backend_mixin\n    |     if detect_wrap_bug(IDENT_2A):\n    |        ~~~~~~~~~~~~~~~^^^^^^^^^^\n    |   File \"C:\\Users\\Hitansh\\AppData\\Local\\Programs\\Python\\Python313\\Lib\\site-packages\\passlib\\handlers\\bcrypt.py\", line 380, in detect_wrap_bug\n    |     if verify(secret, bug_hash):\n    |        ~~~~~~^^^^^^^^^^^^^^^^^^\n    |   File \"C:\\Users\\Hitansh\\AppData\\Local\\Programs\\Python\\Python313\\Lib\\site-packages\\passlib\\utils\\handlers.py\", line 792, in verify\n    |     return consteq(self._calc_checksum(secret), chk)\n    |                    ~~~~~~~~~~~~~~~~~~~^^^^^^^^\n    |   File \"C:\\Users\\Hitansh\\AppData\\Local\\Programs\\Python\\Python313\\Lib\\site-packages\\passlib\\handlers\\bcrypt.py\", line 655, in _calc_checksum\n    |     hash = _bcrypt.hashpw(secret, config)\n    | ValueError: password cannot be longer than 72 bytes, truncate manually if necessary (e.g. my_password[:72])\n    +------------------------------------\n\nDuring handling of the above exception, another exception occurred:\n\nTraceback (most recent call last):\n  File \"C:\\Users\\Hitansh\\AppData\\Local\\Programs\\Python\\Python313\\Lib\\site-packages\\starlette\\middleware\\errors.py\", line 165, in __call__\n    await self.app(scope, receive, _send)\n  File \"C:\\Users\\Hitansh\\AppData\\Local\\Programs\\Python\\Python313\\Lib\\site-packages\\starlette\\middleware\\base.py\", line 185, in __call__\n    with collapse_excgroups():\n         ~~~~~~~~~~~~~~~~~~^^\n  File \"C:\\Users\\Hitansh\\AppData\\Local\\Programs\\Python\\Python313\\Lib\\contextlib.py\", line 162, in __exit__\n    self.gen.throw(value)\n    ~~~~~~~~~~~~~~^^^^^^^\n  File \"C:\\Users\\Hitansh\\AppData\\Local\\Programs\\Python\\Python313\\Lib\\site-packages\\starlette\\_utils.py\", line 82, in collapse_excgroups\n    raise exc\n  File \"C:\\Users\\Hitansh\\AppData\\Local\\Programs\\Python\\Python313\\Lib\\site-packages\\starlette\\middleware\\base.py\", line 187, in __call__\n    response = await self.dispatch_func(request, call_next)\n               ^^^^^^^^^^^^^^^^^^^^^^^^^^^^^^^^^^^^^^^^^^^^\n  File \"C:\\Users\\Hitansh\\Desktop\\Nexgen\\Finances\\Backend\\app\\main.py\", line 61, in dispatch\n    response = await call_next(request)\n               ^^^^^^^^^^^^^^^^^^^^^^^^\n  File \"C:\\Users\\Hitansh\\AppData\\Local\\Programs\\Python\\Python313\\Lib\\site-packages\\starlette\\middleware\\base.py\", line 163, in call_next\n    raise app_exc\n  File \"C:\\Users\\Hitansh\\AppData\\Local\\Programs\\Python\\Python313\\Lib\\site-packages\\starlette\\middleware\\base.py\", line 149, in coro\n    await self.app(scope, receive_or_disconnect, send_no_error)\n  File \"C:\\Users\\Hitansh\\AppData\\Local\\Programs\\Python\\Python313\\Lib\\site-packages\\starlette\\middleware\\cors.py\", line 85, in __call__\n    await self.app(scope, receive, send)\n  File \"C:\\Users\\Hitansh\\AppData\\Local\\Programs\\Python\\Python313\\Lib\\site-packages\\starlette\\middleware\\gzip.py\", line 22, in __call__\n    await self.app(scope, receive, send)\n  File \"C:\\Users\\Hitansh\\AppData\\Local\\Programs\\Python\\Python313\\Lib\\site-packages\\starlette\\middleware\\exceptions.py\", line 62, in __call__\n    await wrap_app_handling_exceptions(self.app, conn)(scope, receive, send)\n  File \"C:\\Users\\Hitansh\\AppData\\Local\\Programs\\Python\\Python313\\Lib\\site-packages\\starlette\\_exception_handler.py\", line 53, in wrapped_app\n    raise exc\n  File \"C:\\Users\\Hitansh\\AppData\\Local\\Programs\\Python\\Python313\\Lib\\site-packages\\starlette\\_exception_handler.py\", line 42, in wrapped_app\n    await app(scope, receive, sender)\n  File \"C:\\Users\\Hitansh\\AppData\\Local\\Programs\\Python\\Python313\\Lib\\site-packages\\fastapi\\middleware\\asyncexitstack.py\", line 18, in __call__\n    await self.app(scope, receive, send)\n  File \"C:\\Users\\Hitansh\\AppData\\Local\\Programs\\Python\\Python313\\Lib\\site-packages\\starlette\\routing.py\", line 715, in __call__\n    await self.middleware_stack(scope, receive, send)\n  File \"C:\\Users\\Hitansh\\AppData\\Local\\Programs\\Python\\Python313\\Lib\\site-packages\\starlette\\routing.py\", line 735, in app\n    await route.handle(scope, receive, send)\n  File \"C:\\Users\\Hitansh\\AppData\\Local\\Programs\\Python\\Python313\\Lib\\site-packages\\starlette\\routing.py\", line 288, in handle\n    await self.app(scope, receive, send)\n  File \"C:\\Users\\Hitansh\\AppData\\Local\\Programs\\Python\\Python313\\Lib\\site-packages\\fastapi\\routing.py\", line 119, in app\n    await wrap_app_handling_exceptions(app, request)(scope, receive, send)\n  File \"C:\\Users\\Hitansh\\AppData\\Local\\Programs\\Python\\Python313\\Lib\\site-packages\\starlette\\_exception_handler.py\", line 53, in wrapped_app\n    raise exc\n  File \"C:\\Users\\Hitansh\\AppData\\Local\\Programs\\Python\\Python313\\Lib\\site-packages\\starlette\\_exception_handler.py\", line 42, in wrapped_app\n    await app(scope, receive, sender)\n  File \"C:\\Users\\Hitansh\\AppData\\Local\\Programs\\Python\\Python313\\Lib\\site-packages\\fastapi\\routing.py\", line 105, in app\n    response = await f(request)\n               ^^^^^^^^^^^^^^^^\n  File \"C:\\Users\\Hitansh\\AppData\\Local\\Programs\\Python\\Python313\\Lib\\site-packages\\fastapi\\routing.py\", line 424, in app\n    raw_response = await run_endpoint_function(\n                   ^^^^^^^^^^^^^^^^^^^^^^^^^^^^\n    ...<3 lines>...\n    )\n    ^\n  File \"C:\\Users\\Hitansh\\AppData\\Local\\Programs\\Python\\Python313\\Lib\\site-packages\\fastapi\\routing.py\", line 314, in run_endpoint_function\n    return await run_in_threadpool(dependant.call, **values)\n           ^^^^^^^^^^^^^^^^^^^^^^^^^^^^^^^^^^^^^^^^^^^^^^^^^\n  File \"C:\\Users\\Hitansh\\AppData\\Local\\Programs\\Python\\Python313\\Lib\\site-packages\\starlette\\concurrency.py\", line 39, in run_in_threadpool\n    return await anyio.to_thread.run_sync(func, *args)\n           ^^^^^^^^^^^^^^^^^^^^^^^^^^^^^^^^^^^^^^^^^^^\n  File \"C:\\Users\\Hitansh\\AppData\\Local\\Programs\\Python\\Python313\\Lib\\site-packages\\anyio\\to_thread.py\", line 56, in run_sync\n    return await get_async_backend().run_sync_in_worker_thread(\n           ^^^^^^^^^^^^^^^^^^^^^^^^^^^^^^^^^^^^^^^^^^^^^^^^^^^^\n        func, args, abandon_on_cancel=abandon_on_cancel, limiter=limiter\n        ^^^^^^^^^^^^^^^^^^^^^^^^^^^^^^^^^^^^^^^^^^^^^^^^^^^^^^^^^^^^^^^^\n    )\n    ^\n  File \"C:\\Users\\Hitansh\\AppData\\Local\\Programs\\Python\\Python313\\Lib\\site-packages\\anyio\\_backends\\_asyncio.py\", line 2476, in run_sync_in_worker_thread\n    return await future\n           ^^^^^^^^^^^^\n  File \"C:\\Users\\Hitansh\\AppData\\Local\\Programs\\Python\\Python313\\Lib\\site-packages\\anyio\\_backends\\_asyncio.py\", line 967, in run\n    result = context.run(func, *args)\n  File \"C:\\Users\\Hitansh\\Desktop\\Nexgen\\Finances\\Backend\\app\\apis\\auth.py\", line 151, in signup\n    user = create_user(request.username, request.email, request.password)\n  File \"C:\\Users\\Hitansh\\Desktop\\Nexgen\\Finances\\Backend\\app\\apis\\auth.py\", line 60, in create_user\n    password_hash = hash_password(password)\n  File \"C:\\Users\\Hitansh\\Desktop\\Nexgen\\Finances\\Backend\\app\\auth.py\", line 28, in hash_password\n    return pwd_context.hash(password)\n           ~~~~~~~~~~~~~~~~^^^^^^^^^^\n  File \"C:\\Users\\Hitansh\\AppData\\Local\\Programs\\Python\\Python313\\Lib\\site-packages\\passlib\\context.py\", line 2258, in hash\n    return record.hash(secret, **kwds)\n           ~~~~~~~~~~~^^^^^^^^^^^^^^^^\n  File \"C:\\Users\\Hitansh\\AppData\\Local\\Programs\\Python\\Python313\\Lib\\site-packages\\passlib\\utils\\handlers.py\", line 779, in hash\n    self.checksum = self._calc_checksum(secret)\n                    ~~~~~~~~~~~~~~~~~~~^^^^^^^^\n  File \"C:\\Users\\Hitansh\\AppData\\Local\\Programs\\Python\\Python313\\Lib\\site-packages\\passlib\\handlers\\bcrypt.py\", line 591, in _calc_checksum\n    self._stub_requires_backend()\n    ~~~~~~~~~~~~~~~~~~~~~~~~~~~^^\n  File \"C:\\Users\\Hitansh\\AppData\\Local\\Programs\\Python\\Python313\\Lib\\site-packages\\passlib\\utils\\handlers.py\", line 2254, in _stub_requires_backend\n    cls.set_backend()\n    ~~~~~~~~~~~~~~~^^\n  File \"C:\\Users\\Hitansh\\AppData\\Local\\Programs\\Python\\Python313\\Lib\\site-packages\\passlib\\utils\\handlers.py\", line 2156, in set_backend\n    return owner.set_backend(name, dryrun=dryrun)\n           ~~~~~~~~~~~~~~~~~^^^^^^^^^^^^^^^^^^^^^\n  File \"C:\\Users\\Hitansh\\AppData\\Local\\Programs\\Python\\Python313\\Lib\\site-packages\\passlib\\utils\\handlers.py\", line 2163, in set_backend\n    return cls.set_backend(name, dryrun=dryrun)\n           ~~~~~~~~~~~~~~~^^^^^^^^^^^^^^^^^^^^^\n  File \"C:\\Users\\Hitansh\\AppData\\Local\\Programs\\Python\\Python313\\Lib\\site-packages\\passlib\\utils\\handlers.py\", line 2188, in set_backend\n    cls._set_backend(name, dryrun)\n    ~~~~~~~~~~~~~~~~^^^^^^^^^^^^^^\n  File \"C:\\Users\\Hitansh\\AppData\\Local\\Programs\\Python\\Python313\\Lib\\site-packages\\passlib\\utils\\handlers.py\", line 2311, in _set_backend\n    super(SubclassBackendMixin, cls)._set_backend(name, dryrun)\n    ~~~~~~~~~~~~~~~~~~~~~~~~~~~~~~~~~~~~~~~~~~~~~^^^^^^^^^^^^^^\n  File \"C:\\Users\\Hitansh\\AppData\\Local\\Programs\\Python\\Python313\\Lib\\site-packages\\passlib\\utils\\handlers.py\", line 2224, in _set_backend\n    ok = loader(**kwds)\n  File \"C:\\Users\\Hitansh\\AppData\\Local\\Programs\\Python\\Python313\\Lib\\site-packages\\passlib\\handlers\\bcrypt.py\", line 626, in _load_backend_mixin\n    return mixin_cls._finalize_backend_mixin(name, dryrun)\n           ~~~~~~~~~~~~~~~~~~~~~~~~~~~~~~~~~^^^^^^^^^^^^^^\n  File \"C:\\Users\\Hitansh\\AppData\\Local\\Programs\\Python\\Python313\\Lib\\site-packages\\passlib\\handlers\\bcrypt.py\", line 421, in _finalize_backend_mixin\n    if detect_wrap_bug(IDENT_2A):\n       ~~~~~~~~~~~~~~~^^^^^^^^^^\n  File \"C:\\Users\\Hitansh\\AppData\\Local\\Programs\\Python\\Python313\\Lib\\site-packages\\passlib\\handlers\\bcrypt.py\", line 380, in detect_wrap_bug\n    if verify(secret, bug_hash):\n       ~~~~~~^^^^^^^^^^^^^^^^^^\n  File \"C:\\Users\\Hitansh\\AppData\\Local\\Programs\\Python\\Python313\\Lib\\site-packages\\passlib\\utils\\handlers.py\", line 792, in verify\n    return consteq(self._calc_checksum(secret), chk)\n                   ~~~~~~~~~~~~~~~~~~~^^^^^^^^\n  File \"C:\\Users\\Hitansh\\AppData\\Local\\Programs\\Python\\Python313\\Lib\\site-packages\\passlib\\handlers\\bcrypt.py\", line 655, in _calc_checksum\n    hash = _bcrypt.hashpw(secret, config)\nValueError: password cannot be longer than 72 bytes, truncate manually if necessary (e.g. my_password[:72])"}
{"asctime": "2026-02-22 14:09:30,059", "name": "app.apis.auth", "levelname": "ERROR", "message": "Error creating user: password cannot be longer than 72 bytes, truncate manually if necessary (e.g. my_password[:72])"}
{"asctime": "2026-02-22 14:09:30,061", "name": "app.exceptions", "levelname": "ERROR", "message": "Unhandled Exception: ValueError - password cannot be longer than 72 bytes, truncate manually if necessary (e.g. my_password[:72])", "exc_info": "  + Exception Group Traceback (most recent call last):\n  |   File \"C:\\Users\\Hitansh\\AppData\\Local\\Programs\\Python\\Python313\\Lib\\site-packages\\starlette\\_utils.py\", line 76, in collapse_excgroups\n  |     yield\n  |   File \"C:\\Users\\Hitansh\\AppData\\Local\\Programs\\Python\\Python313\\Lib\\site-packages\\starlette\\middleware\\base.py\", line 186, in __call__\n  |     async with anyio.create_task_group() as task_group:\n  |                ~~~~~~~~~~~~~~~~~~~~~~~^^\n  |   File \"C:\\Users\\Hitansh\\AppData\\Local\\Programs\\Python\\Python313\\Lib\\site-packages\\anyio\\_backends\\_asyncio.py\", line 772, in __aexit__\n  |     raise BaseExceptionGroup(\n  |         \"unhandled errors in a TaskGroup\", self._exceptions\n  |     ) from None\n  | ExceptionGroup: unhandled errors in a TaskGroup (1 sub-exception)\n  +-+---------------- 1 ----------------\n    | Traceback (most recent call last):\n    |   File \"C:\\Users\\Hitansh\\AppData\\Local\\Programs\\Python\\Python313\\Lib\\site-packages\\starlette\\middleware\\errors.py\", line 165, in __call__\n    |     await self.app(scope, receive, _send)\n    |   File \"C:\\Users\\Hitansh\\AppData\\Local\\Programs\\Python\\Python313\\Lib\\site-packages\\starlette\\middleware\\base.py\", line 185, in __call__\n    |     with collapse_excgroups():\n    |          ~~~~~~~~~~~~~~~~~~^^\n    |   File \"C:\\Users\\Hitansh\\AppData\\Local\\Programs\\Python\\Python313\\Lib\\contextlib.py\", line 162, in __exit__\n    |     self.gen.throw(value)\n    |     ~~~~~~~~~~~~~~^^^^^^^\n    |   File \"C:\\Users\\Hitansh\\AppData\\Local\\Programs\\Python\\Python313\\Lib\\site-packages\\starlette\\_utils.py\", line 82, in collapse_excgroups\n    |     raise exc\n    |   File \"C:\\Users\\Hitansh\\AppData\\Local\\Programs\\Python\\Python313\\Lib\\site-packages\\starlette\\middleware\\base.py\", line 187, in __call__\n    |     response = await self.dispatch_func(request, call_next)\n    |                ^^^^^^^^^^^^^^^^^^^^^^^^^^^^^^^^^^^^^^^^^^^^\n    |   File \"C:\\Users\\Hitansh\\Desktop\\Nexgen\\Finances\\Backend\\app\\main.py\", line 61, in dispatch\n    |     response = await call_next(request)\n    |                ^^^^^^^^^^^^^^^^^^^^^^^^\n    |   File \"C:\\Users\\Hitansh\\AppData\\Local\\Programs\\Python\\Python313\\Lib\\site-packages\\starlette\\middleware\\base.py\", line 163, in call_next\n    |     raise app_exc\n    |   File \"C:\\Users\\Hitansh\\AppData\\Local\\Programs\\Python\\Python313\\Lib\\site-packages\\starlette\\middleware\\base.py\", line 149, in coro\n    |     await self.app(scope, receive_or_disconnect, send_no_error)\n    |   File \"C:\\Users\\Hitansh\\AppData\\Local\\Programs\\Python\\Python313\\Lib\\site-packages\\starlette\\middleware\\cors.py\", line 85, in __call__\n    |     await self.app(scope, receive, send)\n    |   File \"C:\\Users\\Hitansh\\AppData\\Local\\Programs\\Python\\Python313\\Lib\\site-packages\\starlette\\middleware\\gzip.py\", line 20, in __call__\n    |     await responder(scope, receive, send)\n    |   File \"C:\\Users\\Hitansh\\AppData\\Local\\Programs\\Python\\Python313\\Lib\\site-packages\\starlette\\middleware\\gzip.py\", line 39, in __call__\n    |     await self.app(scope, receive, self.send_with_gzip)\n    |   File \"C:\\Users\\Hitansh\\AppData\\Local\\Programs\\Python\\Python313\\Lib\\site-packages\\starlette\\middleware\\exceptions.py\", line 62, in __call__\n    |     await wrap_app_handling_exceptions(self.app, conn)(scope, receive, send)\n    |   File \"C:\\Users\\Hitansh\\AppData\\Local\\Programs\\Python\\Python313\\Lib\\site-packages\\starlette\\_exception_handler.py\", line 53, in wrapped_app\n    |     raise exc\n    |   File \"C:\\Users\\Hitansh\\AppData\\Local\\Programs\\Python\\Python313\\Lib\\site-packages\\starlette\\_exception_handler.py\", line 42, in wrapped_app\n    |     await app(scope, receive, sender)\n    |   File \"C:\\Users\\Hitansh\\AppData\\Local\\Programs\\Python\\Python313\\Lib\\site-packages\\fastapi\\middleware\\asyncexitstack.py\", line 18, in __call__\n    |     await self.app(scope, receive, send)\n    |   File \"C:\\Users\\Hitansh\\AppData\\Local\\Programs\\Python\\Python313\\Lib\\site-packages\\starlette\\routing.py\", line 715, in __call__\n    |     await self.middleware_stack(scope, receive, send)\n    |   File \"C:\\Users\\Hitansh\\AppData\\Local\\Programs\\Python\\Python313\\Lib\\site-packages\\starlette\\routing.py\", line 735, in app\n    |     await route.handle(scope, receive, send)\n    |   File \"C:\\Users\\Hitansh\\AppData\\Local\\Programs\\Python\\Python313\\Lib\\site-packages\\starlette\\routing.py\", line 288, in handle\n    |     await self.app(scope, receive, send)\n    |   File \"C:\\Users\\Hitansh\\AppData\\Local\\Programs\\Python\\Python313\\Lib\\site-packages\\fastapi\\routing.py\", line 119, in app\n    |     await wrap_app_handling_exceptions(app, request)(scope, receive, send)\n    |   File \"C:\\Users\\Hitansh\\AppData\\Local\\Programs\\Python\\Python313\\Lib\\site-packages\\starlette\\_exception_handler.py\", line 53, in wrapped_app\n    |     raise exc\n    |   File \"C:\\Users\\Hitansh\\AppData\\Local\\Programs\\Python\\Python313\\Lib\\site-packages\\starlette\\_exception_handler.py\", line 42, in wrapped_app\n    |     await app(scope, receive, sender)\n    |   File \"C:\\Users\\Hitansh\\AppData\\Local\\Programs\\Python\\Python313\\Lib\\site-packages\\fastapi\\routing.py\", line 105, in app\n    |     response = await f(request)\n    |                ^^^^^^^^^^^^^^^^\n    |   File \"C:\\Users\\Hitansh\\AppData\\Local\\Programs\\Python\\Python313\\Lib\\site-packages\\fastapi\\routing.py\", line 424, in app\n    |     raw_response = await run_endpoint_function(\n    |                    ^^^^^^^^^^^^^^^^^^^^^^^^^^^^\n    |     ...<3 lines>...\n    |     )\n    |     ^\n    |   File \"C:\\Users\\Hitansh\\AppData\\Local\\Programs\\Python\\Python313\\Lib\\site-packages\\fastapi\\routing.py\", line 314, in run_endpoint_function\n    |     return await run_in_threadpool(dependant.call, **values)\n    |            ^^^^^^^^^^^^^^^^^^^^^^^^^^^^^^^^^^^^^^^^^^^^^^^^^\n    |   File \"C:\\Users\\Hitansh\\AppData\\Local\\Programs\\Python\\Python313\\Lib\\site-packages\\starlette\\concurrency.py\", line 39, in run_in_threadpool\n    |     return await anyio.to_thread.run_sync(func, *args)\n    |            ^^^^^^^^^^^^^^^^^^^^^^^^^^^^^^^^^^^^^^^^^^^\n    |   File \"C:\\Users\\Hitansh\\AppData\\Local\\Programs\\Python\\Python313\\Lib\\site-packages\\anyio\\to_thread.py\", line 56, in run_sync\n    |     return await get_async_backend().run_sync_in_worker_thread(\n    |            ^^^^^^^^^^^^^^^^^^^^^^^^^^^^^^^^^^^^^^^^^^^^^^^^^^^^\n    |         func, args, abandon_on_cancel=abandon_on_cancel, limiter=limiter\n    |         ^^^^^^^^^^^^^^^^^^^^^^^^^^^^^^^^^^^^^^^^^^^^^^^^^^^^^^^^^^^^^^^^\n    |     )\n    |     ^\n    |   File \"C:\\Users\\Hitansh\\AppData\\Local\\Programs\\Python\\Python313\\Lib\\site-packages\\anyio\\_backends\\_asyncio.py\", line 2476, in run_sync_in_worker_thread\n    |     return await future\n    |            ^^^^^^^^^^^^\n    |   File \"C:\\Users\\Hitansh\\AppData\\Local\\Programs\\Python\\Python313\\Lib\\site-packages\\anyio\\_backends\\_asyncio.py\", line 967, in run\n    |     result = context.run(func, *args)\n    |   File \"C:\\Users\\Hitansh\\Desktop\\Nexgen\\Finances\\Backend\\app\\apis\\auth.py\", line 151, in signup\n    |     user = create_user(request.username, request.email, request.password)\n    |   File \"C:\\Users\\Hitansh\\Desktop\\Nexgen\\Finances\\Backend\\app\\apis\\auth.py\", line 60, in create_user\n    |     password_hash = hash_password(password)\n    |   File \"C:\\Users\\Hitansh\\Desktop\\Nexgen\\Finances\\Backend\\app\\auth.py\", line 28, in hash_password\n    |     return pwd_context.hash(password)\n    |            ~~~~~~~~~~~~~~~~^^^^^^^^^^\n    |   File \"C:\\Users\\Hitansh\\AppData\\Local\\Programs\\Python\\Python313\\Lib\\site-packages\\passlib\\context.py\", line 2258, in hash\n    |     return record.hash(secret, **kwds)\n    |            ~~~~~~~~~~~^^^^^^^^^^^^^^^^\n    |   File \"C:\\Users\\Hitansh\\AppData\\Local\\Programs\\Python\\Python313\\Lib\\site-packages\\passlib\\utils\\handlers.py\", line 779, in hash\n    |     self.checksum = self._calc_checksum(secret)\n    |                     ~~~~~~~~~~~~~~~~~~~^^^^^^^^\n    |   File \"C:\\Users\\Hitansh\\AppData\\Local\\Programs\\Python\\Python313\\Lib\\site-packages\\passlib\\handlers\\bcrypt.py\", line 591, in _calc_checksum\n    |     self._stub_requires_backend()\n    |     ~~~~~~~~~~~~~~~~~~~~~~~~~~~^^\n    |   File \"C:\\Users\\Hitansh\\AppData\\Local\\Programs\\Python\\Python313\\Lib\\site-packages\\passlib\\utils\\handlers.py\", line 2254, in _stub_requires_backend\n    |     cls.set_backend()\n    |     ~~~~~~~~~~~~~~~^^\n    |   File \"C:\\Users\\Hitansh\\AppData\\Local\\Programs\\Python\\Python313\\Lib\\site-packages\\passlib\\utils\\handlers.py\", line 2156, in set_backend\n    |     return owner.set_backend(name, dryrun=dryrun)\n    |            ~~~~~~~~~~~~~~~~~^^^^^^^^^^^^^^^^^^^^^\n    |   File \"C:\\Users\\Hitansh\\AppData\\Local\\Programs\\Python\\Python313\\Lib\\site-packages\\passlib\\utils\\handlers.py\", line 2163, in set_backend\n    |     return cls.set_backend(name, dryrun=dryrun)\n    |            ~~~~~~~~~~~~~~~^^^^^^^^^^^^^^^^^^^^^\n    |   File \"C:\\Users\\Hitansh\\AppData\\Local\\Programs\\Python\\Python313\\Lib\\site-packages\\passlib\\utils\\handlers.py\", line 2188, in set_backend\n    |     cls._set_backend(name, dryrun)\n    |     ~~~~~~~~~~~~~~~~^^^^^^^^^^^^^^\n    |   File \"C:\\Users\\Hitansh\\AppData\\Local\\Programs\\Python\\Python313\\Lib\\site-packages\\passlib\\utils\\handlers.py\", line 2311, in _set_backend\n    |     super(SubclassBackendMixin, cls)._set_backend(name, dryrun)\n    |     ~~~~~~~~~~~~~~~~~~~~~~~~~~~~~~~~~~~~~~~~~~~~~^^^^^^^^^^^^^^\n    |   File \"C:\\Users\\Hitansh\\AppData\\Local\\Programs\\Python\\Python313\\Lib\\site-packages\\passlib\\utils\\handlers.py\", line 2224, in _set_backend\n    |     ok = loader(**kwds)\n    |   File \"C:\\Users\\Hitansh\\AppData\\Local\\Programs\\Python\\Python313\\Lib\\site-packages\\passlib\\handlers\\bcrypt.py\", line 626, in _load_backend_mixin\n    |     return mixin_cls._finalize_backend_mixin(name, dryrun)\n    |            ~~~~~~~~~~~~~~~~~~~~~~~~~~~~~~~~~^^^^^^^^^^^^^^\n    |   File \"C:\\Users\\Hitansh\\AppData\\Local\\Programs\\Python\\Python313\\Lib\\site-packages\\passlib\\handlers\\bcrypt.py\", line 421, in _finalize_backend_mixin\n    |     if detect_wrap_bug(IDENT_2A):\n    |        ~~~~~~~~~~~~~~~^^^^^^^^^^\n    |   File \"C:\\Users\\Hitansh\\AppData\\Local\\Programs\\Python\\Python313\\Lib\\site-packages\\passlib\\handlers\\bcrypt.py\", line 380, in detect_wrap_bug\n    |     if verify(secret, bug_hash):\n    |        ~~~~~~^^^^^^^^^^^^^^^^^^\n    |   File \"C:\\Users\\Hitansh\\AppData\\Local\\Programs\\Python\\Python313\\Lib\\site-packages\\passlib\\utils\\handlers.py\", line 792, in verify\n    |     return consteq(self._calc_checksum(secret), chk)\n    |                    ~~~~~~~~~~~~~~~~~~~^^^^^^^^\n    |   File \"C:\\Users\\Hitansh\\AppData\\Local\\Programs\\Python\\Python313\\Lib\\site-packages\\passlib\\handlers\\bcrypt.py\", line 655, in _calc_checksum\n    |     hash = _bcrypt.hashpw(secret, config)\n    | ValueError: password cannot be longer than 72 bytes, truncate manually if necessary (e.g. my_password[:72])\n    +------------------------------------\n\nDuring handling of the above exception, another exception occurred:\n\nTraceback (most recent call last):\n  File \"C:\\Users\\Hitansh\\AppData\\Local\\Programs\\Python\\Python313\\Lib\\site-packages\\starlette\\middleware\\errors.py\", line 165, in __call__\n    await self.app(scope, receive, _send)\n  File \"C:\\Users\\Hitansh\\AppData\\Local\\Programs\\Python\\Python313\\Lib\\site-packages\\starlette\\middleware\\base.py\", line 185, in __call__\n    with collapse_excgroups():\n         ~~~~~~~~~~~~~~~~~~^^\n  File \"C:\\Users\\Hitansh\\AppData\\Local\\Programs\\Python\\Python313\\Lib\\contextlib.py\", line 162, in __exit__\n    self.gen.throw(value)\n    ~~~~~~~~~~~~~~^^^^^^^\n  File \"C:\\Users\\Hitansh\\AppData\\Local\\Programs\\Python\\Python313\\Lib\\site-packages\\starlette\\_utils.py\", line 82, in collapse_excgroups\n    raise exc\n  File \"C:\\Users\\Hitansh\\AppData\\Local\\Programs\\Python\\Python313\\Lib\\site-packages\\starlette\\middleware\\base.py\", line 187, in __call__\n    response = await self.dispatch_func(request, call_next)\n               ^^^^^^^^^^^^^^^^^^^^^^^^^^^^^^^^^^^^^^^^^^^^\n  File \"C:\\Users\\Hitansh\\Desktop\\Nexgen\\Finances\\Backend\\app\\main.py\", line 61, in dispatch\n    response = await call_next(request)\n               ^^^^^^^^^^^^^^^^^^^^^^^^\n  File \"C:\\Users\\Hitansh\\AppData\\Local\\Programs\\Python\\Python313\\Lib\\site-packages\\starlette\\middleware\\base.py\", line 163, in call_next\n    raise app_exc\n  File \"C:\\Users\\Hitansh\\AppData\\Local\\Programs\\Python\\Python313\\Lib\\site-packages\\starlette\\middleware\\base.py\", line 149, in coro\n    await self.app(scope, receive_or_disconnect, send_no_error)\n  File \"C:\\Users\\Hitansh\\AppData\\Local\\Programs\\Python\\Python313\\Lib\\site-packages\\starlette\\middleware\\cors.py\", line 85, in __call__\n    await self.app(scope, receive, send)\n  File \"C:\\Users\\Hitansh\\AppData\\Local\\Programs\\Python\\Python313\\Lib\\site-packages\\starlette\\middleware\\gzip.py\", line 20, in __call__\n    await responder(scope, receive, send)\n  File \"C:\\Users\\Hitansh\\AppData\\Local\\Programs\\Python\\Python313\\Lib\\site-packages\\starlette\\middleware\\gzip.py\", line 39, in __call__\n    await self.app(scope, receive, self.send_with_gzip)\n  File \"C:\\Users\\Hitansh\\AppData\\Local\\Programs\\Python\\Python313\\Lib\\site-packages\\starlette\\middleware\\exceptions.py\", line 62, in __call__\n    await wrap_app_handling_exceptions(self.app, conn)(scope, receive, send)\n  File \"C:\\Users\\Hitansh\\AppData\\Local\\Programs\\Python\\Python313\\Lib\\site-packages\\starlette\\_exception_handler.py\", line 53, in wrapped_app\n    raise exc\n  File \"C:\\Users\\Hitansh\\AppData\\Local\\Programs\\Python\\Python313\\Lib\\site-packages\\starlette\\_exception_handler.py\", line 42, in wrapped_app\n    await app(scope, receive, sender)\n  File \"C:\\Users\\Hitansh\\AppData\\Local\\Programs\\Python\\Python313\\Lib\\site-packages\\fastapi\\middleware\\asyncexitstack.py\", line 18, in __call__\n    await self.app(scope, receive, send)\n  File \"C:\\Users\\Hitansh\\AppData\\Local\\Programs\\Python\\Python313\\Lib\\site-packages\\starlette\\routing.py\", line 715, in __call__\n    await self.middleware_stack(scope, receive, send)\n  File \"C:\\Users\\Hitansh\\AppData\\Local\\Programs\\Python\\Python313\\Lib\\site-packages\\starlette\\routing.py\", line 735, in app\n    await route.handle(scope, receive, send)\n  File \"C:\\Users\\Hitansh\\AppData\\Local\\Programs\\Python\\Python313\\Lib\\site-packages\\starlette\\routing.py\", line 288, in handle\n    await self.app(scope, receive, send)\n  File \"C:\\Users\\Hitansh\\AppData\\Local\\Programs\\Python\\Python313\\Lib\\site-packages\\fastapi\\routing.py\", line 119, in app\n    await wrap_app_handling_exceptions(app, request)(scope, receive, send)\n  File \"C:\\Users\\Hitansh\\AppData\\Local\\Programs\\Python\\Python313\\Lib\\site-packages\\starlette\\_exception_handler.py\", line 53, in wrapped_app\n    raise exc\n  File \"C:\\Users\\Hitansh\\AppData\\Local\\Programs\\Python\\Python313\\Lib\\site-packages\\starlette\\_exception_handler.py\", line 42, in wrapped_app\n    await app(scope, receive, sender)\n  File \"C:\\Users\\Hitansh\\AppData\\Local\\Programs\\Python\\Python313\\Lib\\site-packages\\fastapi\\routing.py\", line 105, in app\n    response = await f(request)\n               ^^^^^^^^^^^^^^^^\n  File \"C:\\Users\\Hitansh\\AppData\\Local\\Programs\\Python\\Python313\\Lib\\site-packages\\fastapi\\routing.py\", line 424, in app\n    raw_response = await run_endpoint_function(\n                   ^^^^^^^^^^^^^^^^^^^^^^^^^^^^\n    ...<3 lines>...\n    )\n    ^\n  File \"C:\\Users\\Hitansh\\AppData\\Local\\Programs\\Python\\Python313\\Lib\\site-packages\\fastapi\\routing.py\", line 314, in run_endpoint_function\n    return await run_in_threadpool(dependant.call, **values)\n           ^^^^^^^^^^^^^^^^^^^^^^^^^^^^^^^^^^^^^^^^^^^^^^^^^\n  File \"C:\\Users\\Hitansh\\AppData\\Local\\Programs\\Python\\Python313\\Lib\\site-packages\\starlette\\concurrency.py\", line 39, in run_in_threadpool\n    return await anyio.to_thread.run_sync(func, *args)\n           ^^^^^^^^^^^^^^^^^^^^^^^^^^^^^^^^^^^^^^^^^^^\n  File \"C:\\Users\\Hitansh\\AppData\\Local\\Programs\\Python\\Python313\\Lib\\site-packages\\anyio\\to_thread.py\", line 56, in run_sync\n    return await get_async_backend().run_sync_in_worker_thread(\n           ^^^^^^^^^^^^^^^^^^^^^^^^^^^^^^^^^^^^^^^^^^^^^^^^^^^^\n        func, args, abandon_on_cancel=abandon_on_cancel, limiter=limiter\n        ^^^^^^^^^^^^^^^^^^^^^^^^^^^^^^^^^^^^^^^^^^^^^^^^^^^^^^^^^^^^^^^^\n    )\n    ^\n  File \"C:\\Users\\Hitansh\\AppData\\Local\\Programs\\Python\\Python313\\Lib\\site-packages\\anyio\\_backends\\_asyncio.py\", line 2476, in run_sync_in_worker_thread\n    return await future\n           ^^^^^^^^^^^^\n  File \"C:\\Users\\Hitansh\\AppData\\Local\\Programs\\Python\\Python313\\Lib\\site-packages\\anyio\\_backends\\_asyncio.py\", line 967, in run\n    result = context.run(func, *args)\n  File \"C:\\Users\\Hitansh\\Desktop\\Nexgen\\Finances\\Backend\\app\\apis\\auth.py\", line 151, in signup\n    user = create_user(request.username, request.email, request.password)\n  File \"C:\\Users\\Hitansh\\Desktop\\Nexgen\\Finances\\Backend\\app\\apis\\auth.py\", line 60, in create_user\n    password_hash = hash_password(password)\n  File \"C:\\Users\\Hitansh\\Desktop\\Nexgen\\Finances\\Backend\\app\\auth.py\", line 28, in hash_password\n    return pwd_context.hash(password)\n           ~~~~~~~~~~~~~~~~^^^^^^^^^^\n  File \"C:\\Users\\Hitansh\\AppData\\Local\\Programs\\Python\\Python313\\Lib\\site-packages\\passlib\\context.py\", line 2258, in hash\n    return record.hash(secret, **kwds)\n           ~~~~~~~~~~~^^^^^^^^^^^^^^^^\n  File \"C:\\Users\\Hitansh\\AppData\\Local\\Programs\\Python\\Python313\\Lib\\site-packages\\passlib\\utils\\handlers.py\", line 779, in hash\n    self.checksum = self._calc_checksum(secret)\n                    ~~~~~~~~~~~~~~~~~~~^^^^^^^^\n  File \"C:\\Users\\Hitansh\\AppData\\Local\\Programs\\Python\\Python313\\Lib\\site-packages\\passlib\\handlers\\bcrypt.py\", line 591, in _calc_checksum\n    self._stub_requires_backend()\n    ~~~~~~~~~~~~~~~~~~~~~~~~~~~^^\n  File \"C:\\Users\\Hitansh\\AppData\\Local\\Programs\\Python\\Python313\\Lib\\site-packages\\passlib\\utils\\handlers.py\", line 2254, in _stub_requires_backend\n    cls.set_backend()\n    ~~~~~~~~~~~~~~~^^\n  File \"C:\\Users\\Hitansh\\AppData\\Local\\Programs\\Python\\Python313\\Lib\\site-packages\\passlib\\utils\\handlers.py\", line 2156, in set_backend\n    return owner.set_backend(name, dryrun=dryrun)\n           ~~~~~~~~~~~~~~~~~^^^^^^^^^^^^^^^^^^^^^\n  File \"C:\\Users\\Hitansh\\AppData\\Local\\Programs\\Python\\Python313\\Lib\\site-packages\\passlib\\utils\\handlers.py\", line 2163, in set_backend\n    return cls.set_backend(name, dryrun=dryrun)\n           ~~~~~~~~~~~~~~~^^^^^^^^^^^^^^^^^^^^^\n  File \"C:\\Users\\Hitansh\\AppData\\Local\\Programs\\Python\\Python313\\Lib\\site-packages\\passlib\\utils\\handlers.py\", line 2188, in set_backend\n    cls._set_backend(name, dryrun)\n    ~~~~~~~~~~~~~~~~^^^^^^^^^^^^^^\n  File \"C:\\Users\\Hitansh\\AppData\\Local\\Programs\\Python\\Python313\\Lib\\site-packages\\passlib\\utils\\handlers.py\", line 2311, in _set_backend\n    super(SubclassBackendMixin, cls)._set_backend(name, dryrun)\n    ~~~~~~~~~~~~~~~~~~~~~~~~~~~~~~~~~~~~~~~~~~~~~^^^^^^^^^^^^^^\n  File \"C:\\Users\\Hitansh\\AppData\\Local\\Programs\\Python\\Python313\\Lib\\site-packages\\passlib\\utils\\handlers.py\", line 2224, in _set_backend\n    ok = loader(**kwds)\n  File \"C:\\Users\\Hitansh\\AppData\\Local\\Programs\\Python\\Python313\\Lib\\site-packages\\passlib\\handlers\\bcrypt.py\", line 626, in _load_backend_mixin\n    return mixin_cls._finalize_backend_mixin(name, dryrun)\n           ~~~~~~~~~~~~~~~~~~~~~~~~~~~~~~~~~^^^^^^^^^^^^^^\n  File \"C:\\Users\\Hitansh\\AppData\\Local\\Programs\\Python\\Python313\\Lib\\site-packages\\passlib\\handlers\\bcrypt.py\", line 421, in _finalize_backend_mixin\n    if detect_wrap_bug(IDENT_2A):\n       ~~~~~~~~~~~~~~~^^^^^^^^^^\n  File \"C:\\Users\\Hitansh\\AppData\\Local\\Programs\\Python\\Python313\\Lib\\site-packages\\passlib\\handlers\\bcrypt.py\", line 380, in detect_wrap_bug\n    if verify(secret, bug_hash):\n       ~~~~~~^^^^^^^^^^^^^^^^^^\n  File \"C:\\Users\\Hitansh\\AppData\\Local\\Programs\\Python\\Python313\\Lib\\site-packages\\passlib\\utils\\handlers.py\", line 792, in verify\n    return consteq(self._calc_checksum(secret), chk)\n                   ~~~~~~~~~~~~~~~~~~~^^^^^^^^\n  File \"C:\\Users\\Hitansh\\AppData\\Local\\Programs\\Python\\Python313\\Lib\\site-packages\\passlib\\handlers\\bcrypt.py\", line 655, in _calc_checksum\n    hash = _bcrypt.hashpw(secret, config)\nValueError: password cannot be longer than 72 bytes, truncate manually if necessary (e.g. my_password[:72])"}
{"asctime": "2026-02-22 14:10:45,864", "name": "app.apis.auth", "levelname": "ERROR", "message": "Error creating user: password cannot be longer than 72 bytes, truncate manually if necessary (e.g. my_password[:72])"}
{"asctime": "2026-02-22 14:10:45,867", "name": "app.exceptions", "levelname": "ERROR", "message": "Unhandled Exception: ValueError - password cannot be longer than 72 bytes, truncate manually if necessary (e.g. my_password[:72])", "exc_info": "  + Exception Group Traceback (most recent call last):\n  |   File \"C:\\Users\\Hitansh\\AppData\\Local\\Programs\\Python\\Python313\\Lib\\site-packages\\starlette\\_utils.py\", line 76, in collapse_excgroups\n  |     yield\n  |   File \"C:\\Users\\Hitansh\\AppData\\Local\\Programs\\Python\\Python313\\Lib\\site-packages\\starlette\\middleware\\base.py\", line 186, in __call__\n  |     async with anyio.create_task_group() as task_group:\n  |                ~~~~~~~~~~~~~~~~~~~~~~~^^\n  |   File \"C:\\Users\\Hitansh\\AppData\\Local\\Programs\\Python\\Python313\\Lib\\site-packages\\anyio\\_backends\\_asyncio.py\", line 772, in __aexit__\n  |     raise BaseExceptionGroup(\n  |         \"unhandled errors in a TaskGroup\", self._exceptions\n  |     ) from None\n  | ExceptionGroup: unhandled errors in a TaskGroup (1 sub-exception)\n  +-+---------------- 1 ----------------\n    | Traceback (most recent call last):\n    |   File \"C:\\Users\\Hitansh\\AppData\\Local\\Programs\\Python\\Python313\\Lib\\site-packages\\starlette\\middleware\\errors.py\", line 165, in __call__\n    |     await self.app(scope, receive, _send)\n    |   File \"C:\\Users\\Hitansh\\AppData\\Local\\Programs\\Python\\Python313\\Lib\\site-packages\\starlette\\middleware\\base.py\", line 185, in __call__\n    |     with collapse_excgroups():\n    |          ~~~~~~~~~~~~~~~~~~^^\n    |   File \"C:\\Users\\Hitansh\\AppData\\Local\\Programs\\Python\\Python313\\Lib\\contextlib.py\", line 162, in __exit__\n    |     self.gen.throw(value)\n    |     ~~~~~~~~~~~~~~^^^^^^^\n    |   File \"C:\\Users\\Hitansh\\AppData\\Local\\Programs\\Python\\Python313\\Lib\\site-packages\\starlette\\_utils.py\", line 82, in collapse_excgroups\n    |     raise exc\n    |   File \"C:\\Users\\Hitansh\\AppData\\Local\\Programs\\Python\\Python313\\Lib\\site-packages\\starlette\\middleware\\base.py\", line 187, in __call__\n    |     response = await self.dispatch_func(request, call_next)\n    |                ^^^^^^^^^^^^^^^^^^^^^^^^^^^^^^^^^^^^^^^^^^^^\n    |   File \"C:\\Users\\Hitansh\\Desktop\\Nexgen\\Finances\\Backend\\app\\main.py\", line 61, in dispatch\n    |     response = await call_next(request)\n    |                ^^^^^^^^^^^^^^^^^^^^^^^^\n    |   File \"C:\\Users\\Hitansh\\AppData\\Local\\Programs\\Python\\Python313\\Lib\\site-packages\\starlette\\middleware\\base.py\", line 163, in call_next\n    |     raise app_exc\n    |   File \"C:\\Users\\Hitansh\\AppData\\Local\\Programs\\Python\\Python313\\Lib\\site-packages\\starlette\\middleware\\base.py\", line 149, in coro\n    |     await self.app(scope, receive_or_disconnect, send_no_error)\n    |   File \"C:\\Users\\Hitansh\\AppData\\Local\\Programs\\Python\\Python313\\Lib\\site-packages\\starlette\\middleware\\cors.py\", line 85, in __call__\n    |     await self.app(scope, receive, send)\n    |   File \"C:\\Users\\Hitansh\\AppData\\Local\\Programs\\Python\\Python313\\Lib\\site-packages\\starlette\\middleware\\gzip.py\", line 20, in __call__\n    |     await responder(scope, receive, send)\n    |   File \"C:\\Users\\Hitansh\\AppData\\Local\\Programs\\Python\\Python313\\Lib\\site-packages\\starlette\\middleware\\gzip.py\", line 39, in __call__\n    |     await self.app(scope, receive, self.send_with_gzip)\n    |   File \"C:\\Users\\Hitansh\\AppData\\Local\\Programs\\Python\\Python313\\Lib\\site-packages\\starlette\\middleware\\exceptions.py\", line 62, in __call__\n    |     await wrap_app_handling_exceptions(self.app, conn)(scope, receive, send)\n    |   File \"C:\\Users\\Hitansh\\AppData\\Local\\Programs\\Python\\Python313\\Lib\\site-packages\\starlette\\_exception_handler.py\", line 53, in wrapped_app\n    |     raise exc\n    |   File \"C:\\Users\\Hitansh\\AppData\\Local\\Programs\\Python\\Python313\\Lib\\site-packages\\starlette\\_exception_handler.py\", line 42, in wrapped_app\n    |     await app(scope, receive, sender)\n    |   File \"C:\\Users\\Hitansh\\AppData\\Local\\Programs\\Python\\Python313\\Lib\\site-packages\\fastapi\\middleware\\asyncexitstack.py\", line 18, in __call__\n    |     await self.app(scope, receive, send)\n    |   File \"C:\\Users\\Hitansh\\AppData\\Local\\Programs\\Python\\Python313\\Lib\\site-packages\\starlette\\routing.py\", line 715, in __call__\n    |     await self.middleware_stack(scope, receive, send)\n    |   File \"C:\\Users\\Hitansh\\AppData\\Local\\Programs\\Python\\Python313\\Lib\\site-packages\\starlette\\routing.py\", line 735, in app\n    |     await route.handle(scope, receive, send)\n    |   File \"C:\\Users\\Hitansh\\AppData\\Local\\Programs\\Python\\Python313\\Lib\\site-packages\\starlette\\routing.py\", line 288, in handle\n    |     await self.app(scope, receive, send)\n    |   File \"C:\\Users\\Hitansh\\AppData\\Local\\Programs\\Python\\Python313\\Lib\\site-packages\\fastapi\\routing.py\", line 119, in app\n    |     await wrap_app_handling_exceptions(app, request)(scope, receive, send)\n    |   File \"C:\\Users\\Hitansh\\AppData\\Local\\Programs\\Python\\Python313\\Lib\\site-packages\\starlette\\_exception_handler.py\", line 53, in wrapped_app\n    |     raise exc\n    |   File \"C:\\Users\\Hitansh\\AppData\\Local\\Programs\\Python\\Python313\\Lib\\site-packages\\starlette\\_exception_handler.py\", line 42, in wrapped_app\n    |     await app(scope, receive, sender)\n    |   File \"C:\\Users\\Hitansh\\AppData\\Local\\Programs\\Python\\Python313\\Lib\\site-packages\\fastapi\\routing.py\", line 105, in app\n    |     response = await f(request)\n    |                ^^^^^^^^^^^^^^^^\n    |   File \"C:\\Users\\Hitansh\\AppData\\Local\\Programs\\Python\\Python313\\Lib\\site-packages\\fastapi\\routing.py\", line 424, in app\n    |     raw_response = await run_endpoint_function(\n    |                    ^^^^^^^^^^^^^^^^^^^^^^^^^^^^\n    |     ...<3 lines>...\n    |     )\n    |     ^\n    |   File \"C:\\Users\\Hitansh\\AppData\\Local\\Programs\\Python\\Python313\\Lib\\site-packages\\fastapi\\routing.py\", line 314, in run_endpoint_function\n    |     return await run_in_threadpool(dependant.call, **values)\n    |            ^^^^^^^^^^^^^^^^^^^^^^^^^^^^^^^^^^^^^^^^^^^^^^^^^\n    |   File \"C:\\Users\\Hitansh\\AppData\\Local\\Programs\\Python\\Python313\\Lib\\site-packages\\starlette\\concurrency.py\", line 39, in run_in_threadpool\n    |     return await anyio.to_thread.run_sync(func, *args)\n    |            ^^^^^^^^^^^^^^^^^^^^^^^^^^^^^^^^^^^^^^^^^^^\n    |   File \"C:\\Users\\Hitansh\\AppData\\Local\\Programs\\Python\\Python313\\Lib\\site-packages\\anyio\\to_thread.py\", line 56, in run_sync\n    |     return await get_async_backend().run_sync_in_worker_thread(\n    |            ^^^^^^^^^^^^^^^^^^^^^^^^^^^^^^^^^^^^^^^^^^^^^^^^^^^^\n    |         func, args, abandon_on_cancel=abandon_on_cancel, limiter=limiter\n    |         ^^^^^^^^^^^^^^^^^^^^^^^^^^^^^^^^^^^^^^^^^^^^^^^^^^^^^^^^^^^^^^^^\n    |     )\n    |     ^\n    |   File \"C:\\Users\\Hitansh\\AppData\\Local\\Programs\\Python\\Python313\\Lib\\site-packages\\anyio\\_backends\\_asyncio.py\", line 2476, in run_sync_in_worker_thread\n    |     return await future\n    |            ^^^^^^^^^^^^\n    |   File \"C:\\Users\\Hitansh\\AppData\\Local\\Programs\\Python\\Python313\\Lib\\site-packages\\anyio\\_backends\\_asyncio.py\", line 967, in run\n    |     result = context.run(func, *args)\n    |   File \"C:\\Users\\Hitansh\\Desktop\\Nexgen\\Finances\\Backend\\app\\apis\\auth.py\", line 151, in signup\n    |     user = create_user(request.username, request.email, request.password)\n    |   File \"C:\\Users\\Hitansh\\Desktop\\Nexgen\\Finances\\Backend\\app\\apis\\auth.py\", line 60, in create_user\n    |     password_hash = hash_password(password)\n    |   File \"C:\\Users\\Hitansh\\Desktop\\Nexgen\\Finances\\Backend\\app\\auth.py\", line 28, in hash_password\n    |     return pwd_context.hash(password)\n    |            ~~~~~~~~~~~~~~~~^^^^^^^^^^\n    |   File \"C:\\Users\\Hitansh\\AppData\\Local\\Programs\\Python\\Python313\\Lib\\site-packages\\passlib\\context.py\", line 2258, in hash\n    |     return record.hash(secret, **kwds)\n    |            ~~~~~~~~~~~^^^^^^^^^^^^^^^^\n    |   File \"C:\\Users\\Hitansh\\AppData\\Local\\Programs\\Python\\Python313\\Lib\\site-packages\\passlib\\utils\\handlers.py\", line 779, in hash\n    |     self.checksum = self._calc_checksum(secret)\n    |                     ~~~~~~~~~~~~~~~~~~~^^^^^^^^\n    |   File \"C:\\Users\\Hitansh\\AppData\\Local\\Programs\\Python\\Python313\\Lib\\site-packages\\passlib\\handlers\\bcrypt.py\", line 591, in _calc_checksum\n    |     self._stub_requires_backend()\n    |     ~~~~~~~~~~~~~~~~~~~~~~~~~~~^^\n    |   File \"C:\\Users\\Hitansh\\AppData\\Local\\Programs\\Python\\Python313\\Lib\\site-packages\\passlib\\utils\\handlers.py\", line 2254, in _stub_requires_backend\n    |     cls.set_backend()\n    |     ~~~~~~~~~~~~~~~^^\n    |   File \"C:\\Users\\Hitansh\\AppData\\Local\\Programs\\Python\\Python313\\Lib\\site-packages\\passlib\\utils\\handlers.py\", line 2156, in set_backend\n    |     return owner.set_backend(name, dryrun=dryrun)\n    |            ~~~~~~~~~~~~~~~~~^^^^^^^^^^^^^^^^^^^^^\n    |   File \"C:\\Users\\Hitansh\\AppData\\Local\\Programs\\Python\\Python313\\Lib\\site-packages\\passlib\\utils\\handlers.py\", line 2163, in set_backend\n    |     return cls.set_backend(name, dryrun=dryrun)\n    |            ~~~~~~~~~~~~~~~^^^^^^^^^^^^^^^^^^^^^\n    |   File \"C:\\Users\\Hitansh\\AppData\\Local\\Programs\\Python\\Python313\\Lib\\site-packages\\passlib\\utils\\handlers.py\", line 2188, in set_backend\n    |     cls._set_backend(name, dryrun)\n    |     ~~~~~~~~~~~~~~~~^^^^^^^^^^^^^^\n    |   File \"C:\\Users\\Hitansh\\AppData\\Local\\Programs\\Python\\Python313\\Lib\\site-packages\\passlib\\utils\\handlers.py\", line 2311, in _set_backend\n    |     super(SubclassBackendMixin, cls)._set_backend(name, dryrun)\n    |     ~~~~~~~~~~~~~~~~~~~~~~~~~~~~~~~~~~~~~~~~~~~~~^^^^^^^^^^^^^^\n    |   File \"C:\\Users\\Hitansh\\AppData\\Local\\Programs\\Python\\Python313\\Lib\\site-packages\\passlib\\utils\\handlers.py\", line 2224, in _set_backend\n    |     ok = loader(**kwds)\n    |   File \"C:\\Users\\Hitansh\\AppData\\Local\\Programs\\Python\\Python313\\Lib\\site-packages\\passlib\\handlers\\bcrypt.py\", line 626, in _load_backend_mixin\n    |     return mixin_cls._finalize_backend_mixin(name, dryrun)\n    |            ~~~~~~~~~~~~~~~~~~~~~~~~~~~~~~~~~^^^^^^^^^^^^^^\n    |   File \"C:\\Users\\Hitansh\\AppData\\Local\\Programs\\Python\\Python313\\Lib\\site-packages\\passlib\\handlers\\bcrypt.py\", line 421, in _finalize_backend_mixin\n    |     if detect_wrap_bug(IDENT_2A):\n    |        ~~~~~~~~~~~~~~~^^^^^^^^^^\n    |   File \"C:\\Users\\Hitansh\\AppData\\Local\\Programs\\Python\\Python313\\Lib\\site-packages\\passlib\\handlers\\bcrypt.py\", line 380, in detect_wrap_bug\n    |     if verify(secret, bug_hash):\n    |        ~~~~~~^^^^^^^^^^^^^^^^^^\n    |   File \"C:\\Users\\Hitansh\\AppData\\Local\\Programs\\Python\\Python313\\Lib\\site-packages\\passlib\\utils\\handlers.py\", line 792, in verify\n    |     return consteq(self._calc_checksum(secret), chk)\n    |                    ~~~~~~~~~~~~~~~~~~~^^^^^^^^\n    |   File \"C:\\Users\\Hitansh\\AppData\\Local\\Programs\\Python\\Python313\\Lib\\site-packages\\passlib\\handlers\\bcrypt.py\", line 655, in _calc_checksum\n    |     hash = _bcrypt.hashpw(secret, config)\n    | ValueError: password cannot be longer than 72 bytes, truncate manually if necessary (e.g. my_password[:72])\n    +------------------------------------\n\nDuring handling of the above exception, another exception occurred:\n\nTraceback (most recent call last):\n  File \"C:\\Users\\Hitansh\\AppData\\Local\\Programs\\Python\\Python313\\Lib\\site-packages\\starlette\\middleware\\errors.py\", line 165, in __call__\n    await self.app(scope, receive, _send)\n  File \"C:\\Users\\Hitansh\\AppData\\Local\\Programs\\Python\\Python313\\Lib\\site-packages\\starlette\\middleware\\base.py\", line 185, in __call__\n    with collapse_excgroups():\n         ~~~~~~~~~~~~~~~~~~^^\n  File \"C:\\Users\\Hitansh\\AppData\\Local\\Programs\\Python\\Python313\\Lib\\contextlib.py\", line 162, in __exit__\n    self.gen.throw(value)\n    ~~~~~~~~~~~~~~^^^^^^^\n  File \"C:\\Users\\Hitansh\\AppData\\Local\\Programs\\Python\\Python313\\Lib\\site-packages\\starlette\\_utils.py\", line 82, in collapse_excgroups\n    raise exc\n  File \"C:\\Users\\Hitansh\\AppData\\Local\\Programs\\Python\\Python313\\Lib\\site-packages\\starlette\\middleware\\base.py\", line 187, in __call__\n    response = await self.dispatch_func(request, call_next)\n               ^^^^^^^^^^^^^^^^^^^^^^^^^^^^^^^^^^^^^^^^^^^^\n  File \"C:\\Users\\Hitansh\\Desktop\\Nexgen\\Finances\\Backend\\app\\main.py\", line 61, in dispatch\n    response = await call_next(request)\n               ^^^^^^^^^^^^^^^^^^^^^^^^\n  File \"C:\\Users\\Hitansh\\AppData\\Local\\Programs\\Python\\Python313\\Lib\\site-packages\\starlette\\middleware\\base.py\", line 163, in call_next\n    raise app_exc\n  File \"C:\\Users\\Hitansh\\AppData\\Local\\Programs\\Python\\Python313\\Lib\\site-packages\\starlette\\middleware\\base.py\", line 149, in coro\n    await self.app(scope, receive_or_disconnect, send_no_error)\n  File \"C:\\Users\\Hitansh\\AppData\\Local\\Programs\\Python\\Python313\\Lib\\site-packages\\starlette\\middleware\\cors.py\", line 85, in __call__\n    await self.app(scope, receive, send)\n  File \"C:\\Users\\Hitansh\\AppData\\Local\\Programs\\Python\\Python313\\Lib\\site-packages\\starlette\\middleware\\gzip.py\", line 20, in __call__\n    await responder(scope, receive, send)\n  File \"C:\\Users\\Hitansh\\AppData\\Local\\Programs\\Python\\Python313\\Lib\\site-packages\\starlette\\middleware\\gzip.py\", line 39, in __call__\n    await self.app(scope, receive, self.send_with_gzip)\n  File \"C:\\Users\\Hitansh\\AppData\\Local\\Programs\\Python\\Python313\\Lib\\site-packages\\starlette\\middleware\\exceptions.py\", line 62, in __call__\n    await wrap_app_handling_exceptions(self.app, conn)(scope, receive, send)\n  File \"C:\\Users\\Hitansh\\AppData\\Local\\Programs\\Python\\Python313\\Lib\\site-packages\\starlette\\_exception_handler.py\", line 53, in wrapped_app\n    raise exc\n  File \"C:\\Users\\Hitansh\\AppData\\Local\\Programs\\Python\\Python313\\Lib\\site-packages\\starlette\\_exception_handler.py\", line 42, in wrapped_app\n    await app(scope, receive, sender)\n  File \"C:\\Users\\Hitansh\\AppData\\Local\\Programs\\Python\\Python313\\Lib\\site-packages\\fastapi\\middleware\\asyncexitstack.py\", line 18, in __call__\n    await self.app(scope, receive, send)\n  File \"C:\\Users\\Hitansh\\AppData\\Local\\Programs\\Python\\Python313\\Lib\\site-packages\\starlette\\routing.py\", line 715, in __call__\n    await self.middleware_stack(scope, receive, send)\n  File \"C:\\Users\\Hitansh\\AppData\\Local\\Programs\\Python\\Python313\\Lib\\site-packages\\starlette\\routing.py\", line 735, in app\n    await route.handle(scope, receive, send)\n  File \"C:\\Users\\Hitansh\\AppData\\Local\\Programs\\Python\\Python313\\Lib\\site-packages\\starlette\\routing.py\", line 288, in handle\n    await self.app(scope, receive, send)\n  File \"C:\\Users\\Hitansh\\AppData\\Local\\Programs\\Python\\Python313\\Lib\\site-packages\\fastapi\\routing.py\", line 119, in app\n    await wrap_app_handling_exceptions(app, request)(scope, receive, send)\n  File \"C:\\Users\\Hitansh\\AppData\\Local\\Programs\\Python\\Python313\\Lib\\site-packages\\starlette\\_exception_handler.py\", line 53, in wrapped_app\n    raise exc\n  File \"C:\\Users\\Hitansh\\AppData\\Local\\Programs\\Python\\Python313\\Lib\\site-packages\\starlette\\_exception_handler.py\", line 42, in wrapped_app\n    await app(scope, receive, sender)\n  File \"C:\\Users\\Hitansh\\AppData\\Local\\Programs\\Python\\Python313\\Lib\\site-packages\\fastapi\\routing.py\", line 105, in app\n    response = await f(request)\n               ^^^^^^^^^^^^^^^^\n  File \"C:\\Users\\Hitansh\\AppData\\Local\\Programs\\Python\\Python313\\Lib\\site-packages\\fastapi\\routing.py\", line 424, in app\n    raw_response = await run_endpoint_function(\n                   ^^^^^^^^^^^^^^^^^^^^^^^^^^^^\n    ...<3 lines>...\n    )\n    ^\n  File \"C:\\Users\\Hitansh\\AppData\\Local\\Programs\\Python\\Python313\\Lib\\site-packages\\fastapi\\routing.py\", line 314, in run_endpoint_function\n    return await run_in_threadpool(dependant.call, **values)\n           ^^^^^^^^^^^^^^^^^^^^^^^^^^^^^^^^^^^^^^^^^^^^^^^^^\n  File \"C:\\Users\\Hitansh\\AppData\\Local\\Programs\\Python\\Python313\\Lib\\site-packages\\starlette\\concurrency.py\", line 39, in run_in_threadpool\n    return await anyio.to_thread.run_sync(func, *args)\n           ^^^^^^^^^^^^^^^^^^^^^^^^^^^^^^^^^^^^^^^^^^^\n  File \"C:\\Users\\Hitansh\\AppData\\Local\\Programs\\Python\\Python313\\Lib\\site-packages\\anyio\\to_thread.py\", line 56, in run_sync\n    return await get_async_backend().run_sync_in_worker_thread(\n           ^^^^^^^^^^^^^^^^^^^^^^^^^^^^^^^^^^^^^^^^^^^^^^^^^^^^\n        func, args, abandon_on_cancel=abandon_on_cancel, limiter=limiter\n        ^^^^^^^^^^^^^^^^^^^^^^^^^^^^^^^^^^^^^^^^^^^^^^^^^^^^^^^^^^^^^^^^\n    )\n    ^\n  File \"C:\\Users\\Hitansh\\AppData\\Local\\Programs\\Python\\Python313\\Lib\\site-packages\\anyio\\_backends\\_asyncio.py\", line 2476, in run_sync_in_worker_thread\n    return await future\n           ^^^^^^^^^^^^\n  File \"C:\\Users\\Hitansh\\AppData\\Local\\Programs\\Python\\Python313\\Lib\\site-packages\\anyio\\_backends\\_asyncio.py\", line 967, in run\n    result = context.run(func, *args)\n  File \"C:\\Users\\Hitansh\\Desktop\\Nexgen\\Finances\\Backend\\app\\apis\\auth.py\", line 151, in signup\n    user = create_user(request.username, request.email, request.password)\n  File \"C:\\Users\\Hitansh\\Desktop\\Nexgen\\Finances\\Backend\\app\\apis\\auth.py\", line 60, in create_user\n    password_hash = hash_password(password)\n  File \"C:\\Users\\Hitansh\\Desktop\\Nexgen\\Finances\\Backend\\app\\auth.py\", line 28, in hash_password\n    return pwd_context.hash(password)\n           ~~~~~~~~~~~~~~~~^^^^^^^^^^\n  File \"C:\\Users\\Hitansh\\AppData\\Local\\Programs\\Python\\Python313\\Lib\\site-packages\\passlib\\context.py\", line 2258, in hash\n    return record.hash(secret, **kwds)\n           ~~~~~~~~~~~^^^^^^^^^^^^^^^^\n  File \"C:\\Users\\Hitansh\\AppData\\Local\\Programs\\Python\\Python313\\Lib\\site-packages\\passlib\\utils\\handlers.py\", line 779, in hash\n    self.checksum = self._calc_checksum(secret)\n                    ~~~~~~~~~~~~~~~~~~~^^^^^^^^\n  File \"C:\\Users\\Hitansh\\AppData\\Local\\Programs\\Python\\Python313\\Lib\\site-packages\\passlib\\handlers\\bcrypt.py\", line 591, in _calc_checksum\n    self._stub_requires_backend()\n    ~~~~~~~~~~~~~~~~~~~~~~~~~~~^^\n  File \"C:\\Users\\Hitansh\\AppData\\Local\\Programs\\Python\\Python313\\Lib\\site-packages\\passlib\\utils\\handlers.py\", line 2254, in _stub_requires_backend\n    cls.set_backend()\n    ~~~~~~~~~~~~~~~^^\n  File \"C:\\Users\\Hitansh\\AppData\\Local\\Programs\\Python\\Python313\\Lib\\site-packages\\passlib\\utils\\handlers.py\", line 2156, in set_backend\n    return owner.set_backend(name, dryrun=dryrun)\n           ~~~~~~~~~~~~~~~~~^^^^^^^^^^^^^^^^^^^^^\n  File \"C:\\Users\\Hitansh\\AppData\\Local\\Programs\\Python\\Python313\\Lib\\site-packages\\passlib\\utils\\handlers.py\", line 2163, in set_backend\n    return cls.set_backend(name, dryrun=dryrun)\n           ~~~~~~~~~~~~~~~^^^^^^^^^^^^^^^^^^^^^\n  File \"C:\\Users\\Hitansh\\AppData\\Local\\Programs\\Python\\Python313\\Lib\\site-packages\\passlib\\utils\\handlers.py\", line 2188, in set_backend\n    cls._set_backend(name, dryrun)\n    ~~~~~~~~~~~~~~~~^^^^^^^^^^^^^^\n  File \"C:\\Users\\Hitansh\\AppData\\Local\\Programs\\Python\\Python313\\Lib\\site-packages\\passlib\\utils\\handlers.py\", line 2311, in _set_backend\n    super(SubclassBackendMixin, cls)._set_backend(name, dryrun)\n    ~~~~~~~~~~~~~~~~~~~~~~~~~~~~~~~~~~~~~~~~~~~~~^^^^^^^^^^^^^^\n  File \"C:\\Users\\Hitansh\\AppData\\Local\\Programs\\Python\\Python313\\Lib\\site-packages\\passlib\\utils\\handlers.py\", line 2224, in _set_backend\n    ok = loader(**kwds)\n  File \"C:\\Users\\Hitansh\\AppData\\Local\\Programs\\Python\\Python313\\Lib\\site-packages\\passlib\\handlers\\bcrypt.py\", line 626, in _load_backend_mixin\n    return mixin_cls._finalize_backend_mixin(name, dryrun)\n           ~~~~~~~~~~~~~~~~~~~~~~~~~~~~~~~~~^^^^^^^^^^^^^^\n  File \"C:\\Users\\Hitansh\\AppData\\Local\\Programs\\Python\\Python313\\Lib\\site-packages\\passlib\\handlers\\bcrypt.py\", line 421, in _finalize_backend_mixin\n    if detect_wrap_bug(IDENT_2A):\n       ~~~~~~~~~~~~~~~^^^^^^^^^^\n  File \"C:\\Users\\Hitansh\\AppData\\Local\\Programs\\Python\\Python313\\Lib\\site-packages\\passlib\\handlers\\bcrypt.py\", line 380, in detect_wrap_bug\n    if verify(secret, bug_hash):\n       ~~~~~~^^^^^^^^^^^^^^^^^^\n  File \"C:\\Users\\Hitansh\\AppData\\Local\\Programs\\Python\\Python313\\Lib\\site-packages\\passlib\\utils\\handlers.py\", line 792, in verify\n    return consteq(self._calc_checksum(secret), chk)\n                   ~~~~~~~~~~~~~~~~~~~^^^^^^^^\n  File \"C:\\Users\\Hitansh\\AppData\\Local\\Programs\\Python\\Python313\\Lib\\site-packages\\passlib\\handlers\\bcrypt.py\", line 655, in _calc_checksum\n    hash = _bcrypt.hashpw(secret, config)\nValueError: password cannot be longer than 72 bytes, truncate manually if necessary (e.g. my_password[:72])"}
